-- Install configuration: ""
-- Up-to-date: /home/batoddy/Desktop/ros2_ws/install/mec_mobile_navigation/share/mec_mobile_navigation/launch
-- Installing: /home/batoddy/Desktop/ros2_ws/install/mec_mobile_navigation/share/mec_mobile_navigation/launch/spawn_robot.launch.py
-- Up-to-date: /home/batoddy/Desktop/ros2_ws/install/mec_mobile_navigation/share/mec_mobile_navigation/config
-- Up-to-date: /home/batoddy/Desktop/ros2_ws/install/mec_mobile_navigation/share/mec_mobile_navigation/config/ekf.yaml
-- Up-to-date: /home/batoddy/Desktop/ros2_ws/install/mec_mobile_navigation/share/ament_index/resource_index/package_run_dependencies/mec_mobile_navigation
-- Up-to-date: /home/batoddy/Desktop/ros2_ws/install/mec_mobile_navigation/share/ament_index/resource_index/parent_prefix_path/mec_mobile_navigation
-- Up-to-date: /home/batoddy/Desktop/ros2_ws/install/mec_mobile_navigation/share/mec_mobile_navigation/environment/ament_prefix_path.sh
-- Up-to-date: /home/batoddy/Desktop/ros2_ws/install/mec_mobile_navigation/share/mec_mobile_navigation/environment/ament_prefix_path.dsv
-- Up-to-date: /home/batoddy/Desktop/ros2_ws/install/mec_mobile_navigation/share/mec_mobile_navigation/environment/path.sh
-- Up-to-date: /home/batoddy/Desktop/ros2_ws/install/mec_mobile_navigation/share/mec_mobile_navigation/environment/path.dsv
-- Up-to-date: /home/batoddy/Desktop/ros2_ws/install/mec_mobile_navigation/share/mec_mobile_navigation/local_setup.bash
-- Up-to-date: /home/batoddy/Desktop/ros2_ws/install/mec_mobile_navigation/share/mec_mobile_navigation/local_setup.sh
-- Up-to-date: /home/batoddy/Desktop/ros2_ws/install/mec_mobile_navigation/share/mec_mobile_navigation/local_setup.zsh
-- Up-to-date: /home/batoddy/Desktop/ros2_ws/install/mec_mobile_navigation/share/mec_mobile_navigation/local_setup.dsv
-- Installing: /home/batoddy/Desktop/ros2_ws/install/mec_mobile_navigation/share/mec_mobile_navigation/package.dsv
-- Up-to-date: /home/batoddy/Desktop/ros2_ws/install/mec_mobile_navigation/share/ament_index/resource_index/packages/mec_mobile_navigation
-- Up-to-date: /home/batoddy/Desktop/ros2_ws/install/mec_mobile_navigation/share/mec_mobile_navigation/cmake/mec_mobile_navigationConfig.cmake
-- Up-to-date: /home/batoddy/Desktop/ros2_ws/install/mec_mobile_navigation/share/mec_mobile_navigation/cmake/mec_mobile_navigationConfig-version.cmake
-- Up-to-date: /home/batoddy/Desktop/ros2_ws/install/mec_mobile_navigation/share/mec_mobile_navigation/package.xml
