[0.009s] Invoking command in '/home/batoddy/Desktop/ros2_ws/build/mec_mobile_gazebo': CMAKE_PREFIX_PATH=${CMAKE_PREFIX_PATH}:/home/batoddy/ros2_ws/install/rtabmap_python:/home/batoddy/ros2_ws/install/my_robot_controller:/opt/ros/jazzy DEBUGINFOD_URLS=https://debuginfod.ubuntu.com /usr/bin/cmake --build /home/batoddy/Desktop/ros2_ws/build/mec_mobile_gazebo -- -j8 -l8
[0.053s] Invoked command in '/home/batoddy/Desktop/ros2_ws/build/mec_mobile_gazebo' returned '0': CMAKE_PREFIX_PATH=${CMAKE_PREFIX_PATH}:/home/batoddy/ros2_ws/install/rtabmap_python:/home/batoddy/ros2_ws/install/my_robot_controller:/opt/ros/jazzy DEBUGINFOD_URLS=https://debuginfod.ubuntu.com /usr/bin/cmake --build /home/batoddy/Desktop/ros2_ws/build/mec_mobile_gazebo -- -j8 -l8
[0.053s] Invoking command in '/home/batoddy/Desktop/ros2_ws/build/mec_mobile_gazebo': CMAKE_PREFIX_PATH=${CMAKE_PREFIX_PATH}:/home/batoddy/ros2_ws/install/rtabmap_python:/home/batoddy/ros2_ws/install/my_robot_controller:/opt/ros/jazzy DEBUGINFOD_URLS=https://debuginfod.ubuntu.com /usr/bin/cmake --install /home/batoddy/Desktop/ros2_ws/build/mec_mobile_gazebo
[0.063s] -- Install configuration: ""
[0.063s] -- Up-to-date: /home/batoddy/Desktop/ros2_ws/install/mec_mobile_gazebo/share/mec_mobile_gazebo/launch
[0.063s] -- Up-to-date: /home/batoddy/Desktop/ros2_ws/install/mec_mobile_gazebo/share/mec_mobile_gazebo/launch/world.launch.py
[0.063s] -- Up-to-date: /home/batoddy/Desktop/ros2_ws/install/mec_mobile_gazebo/share/mec_mobile_gazebo/launch/spawn_robot.launch.py
[0.063s] -- Up-to-date: /home/batoddy/Desktop/ros2_ws/install/mec_mobile_gazebo/share/mec_mobile_gazebo/worlds
[0.064s] -- Up-to-date: /home/batoddy/Desktop/ros2_ws/install/mec_mobile_gazebo/share/mec_mobile_gazebo/worlds/parkour
[0.064s] -- Up-to-date: /home/batoddy/Desktop/ros2_ws/install/mec_mobile_gazebo/share/mec_mobile_gazebo/worlds/parkour/dik_egim
[0.064s] -- Up-to-date: /home/batoddy/Desktop/ros2_ws/install/mec_mobile_gazebo/share/mec_mobile_gazebo/worlds/parkour/dik_egim/model.sdf
[0.064s] -- Up-to-date: /home/batoddy/Desktop/ros2_ws/install/mec_mobile_gazebo/share/mec_mobile_gazebo/worlds/parkour/dik_egim/meshes
[0.065s] -- Up-to-date: /home/batoddy/Desktop/ros2_ws/install/mec_mobile_gazebo/share/mec_mobile_gazebo/worlds/parkour/dik_egim/meshes/dik_egim.stl
[0.065s] -- Up-to-date: /home/batoddy/Desktop/ros2_ws/install/mec_mobile_gazebo/share/mec_mobile_gazebo/worlds/parkour/tabelalar
[0.065s] -- Up-to-date: /home/batoddy/Desktop/ros2_ws/install/mec_mobile_gazebo/share/mec_mobile_gazebo/worlds/parkour/tabelalar/model.sdf
[0.065s] -- Up-to-date: /home/batoddy/Desktop/ros2_ws/install/mec_mobile_gazebo/share/mec_mobile_gazebo/worlds/parkour/tabelalar/meshes
[0.065s] -- Up-to-date: /home/batoddy/Desktop/ros2_ws/install/mec_mobile_gazebo/share/mec_mobile_gazebo/worlds/parkour/tabelalar/meshes/tabelalar.stl
[0.065s] -- Up-to-date: /home/batoddy/Desktop/ros2_ws/install/mec_mobile_gazebo/share/mec_mobile_gazebo/worlds/parkour/cizgiler
[0.065s] -- Up-to-date: /home/batoddy/Desktop/ros2_ws/install/mec_mobile_gazebo/share/mec_mobile_gazebo/worlds/parkour/cizgiler/model.sdf
[0.065s] -- Up-to-date: /home/batoddy/Desktop/ros2_ws/install/mec_mobile_gazebo/share/mec_mobile_gazebo/worlds/parkour/cizgiler/meshes
[0.065s] -- Up-to-date: /home/batoddy/Desktop/ros2_ws/install/mec_mobile_gazebo/share/mec_mobile_gazebo/worlds/parkour/cizgiler/meshes/cizgiler.stl
[0.065s] -- Up-to-date: /home/batoddy/Desktop/ros2_ws/install/mec_mobile_gazebo/share/mec_mobile_gazebo/worlds/parkour/tasli_cakilli_yol
[0.065s] -- Up-to-date: /home/batoddy/Desktop/ros2_ws/install/mec_mobile_gazebo/share/mec_mobile_gazebo/worlds/parkour/tasli_cakilli_yol/model.sdf
[0.065s] -- Up-to-date: /home/batoddy/Desktop/ros2_ws/install/mec_mobile_gazebo/share/mec_mobile_gazebo/worlds/parkour/tasli_cakilli_yol/meshes
[0.065s] -- Up-to-date: /home/batoddy/Desktop/ros2_ws/install/mec_mobile_gazebo/share/mec_mobile_gazebo/worlds/parkour/tasli_cakilli_yol/meshes/tasli_cakilli_yol.stl
[0.066s] -- Up-to-date: /home/batoddy/Desktop/ros2_ws/install/mec_mobile_gazebo/share/mec_mobile_gazebo/worlds/parkour/bariyer
[0.066s] -- Up-to-date: /home/batoddy/Desktop/ros2_ws/install/mec_mobile_gazebo/share/mec_mobile_gazebo/worlds/parkour/bariyer/model.sdf
[0.066s] -- Up-to-date: /home/batoddy/Desktop/ros2_ws/install/mec_mobile_gazebo/share/mec_mobile_gazebo/worlds/parkour/bariyer/meshes
[0.066s] -- Up-to-date: /home/batoddy/Desktop/ros2_ws/install/mec_mobile_gazebo/share/mec_mobile_gazebo/worlds/parkour/bariyer/meshes/bariyer.stl
[0.066s] -- Up-to-date: /home/batoddy/Desktop/ros2_ws/install/mec_mobile_gazebo/share/mec_mobile_gazebo/worlds/parkour/kukalar
[0.066s] -- Up-to-date: /home/batoddy/Desktop/ros2_ws/install/mec_mobile_gazebo/share/mec_mobile_gazebo/worlds/parkour/kukalar/model.sdf
[0.066s] -- Up-to-date: /home/batoddy/Desktop/ros2_ws/install/mec_mobile_gazebo/share/mec_mobile_gazebo/worlds/parkour/kukalar/meshes
[0.067s] -- Up-to-date: /home/batoddy/Desktop/ros2_ws/install/mec_mobile_gazebo/share/mec_mobile_gazebo/worlds/parkour/kukalar/meshes/kukalar.stl
[0.067s] -- Up-to-date: /home/batoddy/Desktop/ros2_ws/install/mec_mobile_gazebo/share/mec_mobile_gazebo/worlds/parkour/dik_engel
[0.067s] -- Up-to-date: /home/batoddy/Desktop/ros2_ws/install/mec_mobile_gazebo/share/mec_mobile_gazebo/worlds/parkour/dik_engel/model.sdf
[0.067s] -- Up-to-date: /home/batoddy/Desktop/ros2_ws/install/mec_mobile_gazebo/share/mec_mobile_gazebo/worlds/parkour/dik_engel/meshes
[0.067s] -- Up-to-date: /home/batoddy/Desktop/ros2_ws/install/mec_mobile_gazebo/share/mec_mobile_gazebo/worlds/parkour/dik_engel/meshes/dik_engel.stl
[0.067s] -- Up-to-date: /home/batoddy/Desktop/ros2_ws/install/mec_mobile_gazebo/share/mec_mobile_gazebo/worlds/parkour/yan_egim
[0.067s] -- Up-to-date: /home/batoddy/Desktop/ros2_ws/install/mec_mobile_gazebo/share/mec_mobile_gazebo/worlds/parkour/yan_egim/model.sdf
[0.067s] -- Up-to-date: /home/batoddy/Desktop/ros2_ws/install/mec_mobile_gazebo/share/mec_mobile_gazebo/worlds/parkour/yan_egim/meshes
[0.067s] -- Up-to-date: /home/batoddy/Desktop/ros2_ws/install/mec_mobile_gazebo/share/mec_mobile_gazebo/worlds/parkour/yan_egim/meshes/yan_egim.stl
[0.067s] -- Up-to-date: /home/batoddy/Desktop/ros2_ws/install/mec_mobile_gazebo/share/mec_mobile_gazebo/worlds/parkour/sudan_gecis
[0.067s] -- Up-to-date: /home/batoddy/Desktop/ros2_ws/install/mec_mobile_gazebo/share/mec_mobile_gazebo/worlds/parkour/sudan_gecis/model.sdf
[0.067s] -- Up-to-date: /home/batoddy/Desktop/ros2_ws/install/mec_mobile_gazebo/share/mec_mobile_gazebo/worlds/parkour/sudan_gecis/meshes
[0.067s] -- Up-to-date: /home/batoddy/Desktop/ros2_ws/install/mec_mobile_gazebo/share/mec_mobile_gazebo/worlds/parkour/sudan_gecis/meshes/sudan_gecis.stl
[0.067s] -- Up-to-date: /home/batoddy/Desktop/ros2_ws/install/mec_mobile_gazebo/share/mec_mobile_gazebo/worlds/parkour/yol
[0.068s] -- Up-to-date: /home/batoddy/Desktop/ros2_ws/install/mec_mobile_gazebo/share/mec_mobile_gazebo/worlds/parkour/yol/model.sdf
[0.068s] -- Up-to-date: /home/batoddy/Desktop/ros2_ws/install/mec_mobile_gazebo/share/mec_mobile_gazebo/worlds/parkour/yol/meshes
[0.068s] -- Up-to-date: /home/batoddy/Desktop/ros2_ws/install/mec_mobile_gazebo/share/mec_mobile_gazebo/worlds/parkour/yol/meshes/yol.stl
[0.068s] -- Up-to-date: /home/batoddy/Desktop/ros2_ws/install/mec_mobile_gazebo/share/mec_mobile_gazebo/worlds/parkour/engebeli_arazi
[0.068s] -- Up-to-date: /home/batoddy/Desktop/ros2_ws/install/mec_mobile_gazebo/share/mec_mobile_gazebo/worlds/parkour/engebeli_arazi/model.sdf
[0.068s] -- Up-to-date: /home/batoddy/Desktop/ros2_ws/install/mec_mobile_gazebo/share/mec_mobile_gazebo/worlds/parkour/engebeli_arazi/meshes
[0.068s] -- Up-to-date: /home/batoddy/Desktop/ros2_ws/install/mec_mobile_gazebo/share/mec_mobile_gazebo/worlds/parkour/engebeli_arazi/meshes/engebeli_arazi.stl
[0.068s] -- Up-to-date: /home/batoddy/Desktop/ros2_ws/install/mec_mobile_gazebo/share/mec_mobile_gazebo/worlds/parkour/zemin
[0.068s] -- Up-to-date: /home/batoddy/Desktop/ros2_ws/install/mec_mobile_gazebo/share/mec_mobile_gazebo/worlds/parkour/zemin/model.sdf
[0.068s] -- Up-to-date: /home/batoddy/Desktop/ros2_ws/install/mec_mobile_gazebo/share/mec_mobile_gazebo/worlds/parkour/zemin/meshes
[0.069s] -- Up-to-date: /home/batoddy/Desktop/ros2_ws/install/mec_mobile_gazebo/share/mec_mobile_gazebo/worlds/parkour/zemin/meshes/zemin.stl
[0.069s] -- Up-to-date: /home/batoddy/Desktop/ros2_ws/install/mec_mobile_gazebo/share/mec_mobile_gazebo/worlds/parkour.sdf
[0.069s] -- Up-to-date: /home/batoddy/Desktop/ros2_ws/install/mec_mobile_gazebo/share/mec_mobile_gazebo/worlds/world.sdf
[0.069s] -- Up-to-date: /home/batoddy/Desktop/ros2_ws/install/mec_mobile_gazebo/share/ament_index/resource_index/package_run_dependencies/mec_mobile_gazebo
[0.069s] -- Up-to-date: /home/batoddy/Desktop/ros2_ws/install/mec_mobile_gazebo/share/ament_index/resource_index/parent_prefix_path/mec_mobile_gazebo
[0.069s] -- Up-to-date: /home/batoddy/Desktop/ros2_ws/install/mec_mobile_gazebo/share/mec_mobile_gazebo/environment/ament_prefix_path.sh
[0.069s] -- Up-to-date: /home/batoddy/Desktop/ros2_ws/install/mec_mobile_gazebo/share/mec_mobile_gazebo/environment/ament_prefix_path.dsv
[0.069s] -- Up-to-date: /home/batoddy/Desktop/ros2_ws/install/mec_mobile_gazebo/share/mec_mobile_gazebo/environment/path.sh
[0.069s] -- Up-to-date: /home/batoddy/Desktop/ros2_ws/install/mec_mobile_gazebo/share/mec_mobile_gazebo/environment/path.dsv
[0.069s] -- Up-to-date: /home/batoddy/Desktop/ros2_ws/install/mec_mobile_gazebo/share/mec_mobile_gazebo/local_setup.bash
[0.069s] -- Up-to-date: /home/batoddy/Desktop/ros2_ws/install/mec_mobile_gazebo/share/mec_mobile_gazebo/local_setup.sh
[0.069s] -- Up-to-date: /home/batoddy/Desktop/ros2_ws/install/mec_mobile_gazebo/share/mec_mobile_gazebo/local_setup.zsh
[0.070s] -- Up-to-date: /home/batoddy/Desktop/ros2_ws/install/mec_mobile_gazebo/share/mec_mobile_gazebo/local_setup.dsv
[0.070s] -- Installing: /home/batoddy/Desktop/ros2_ws/install/mec_mobile_gazebo/share/mec_mobile_gazebo/package.dsv
[0.070s] -- Up-to-date: /home/batoddy/Desktop/ros2_ws/install/mec_mobile_gazebo/share/ament_index/resource_index/packages/mec_mobile_gazebo
[0.070s] -- Up-to-date: /home/batoddy/Desktop/ros2_ws/install/mec_mobile_gazebo/share/mec_mobile_gazebo/cmake/mec_mobile_gazeboConfig.cmake
[0.070s] -- Up-to-date: /home/batoddy/Desktop/ros2_ws/install/mec_mobile_gazebo/share/mec_mobile_gazebo/cmake/mec_mobile_gazeboConfig-version.cmake
[0.070s] -- Up-to-date: /home/batoddy/Desktop/ros2_ws/install/mec_mobile_gazebo/share/mec_mobile_gazebo/package.xml
[0.084s] Invoked command in '/home/batoddy/Desktop/ros2_ws/build/mec_mobile_gazebo' returned '0': CMAKE_PREFIX_PATH=${CMAKE_PREFIX_PATH}:/home/batoddy/ros2_ws/install/rtabmap_python:/home/batoddy/ros2_ws/install/my_robot_controller:/opt/ros/jazzy DEBUGINFOD_URLS=https://debuginfod.ubuntu.com /usr/bin/cmake --install /home/batoddy/Desktop/ros2_ws/build/mec_mobile_gazebo
