-- Install configuration: ""
-- Up-to-date: /home/batoddy/Desktop/ros2_ws/install/mec_mobile_gazebo/share/mec_mobile_gazebo/launch
-- Up-to-date: /home/batoddy/Desktop/ros2_ws/install/mec_mobile_gazebo/share/mec_mobile_gazebo/launch/world.launch.py
-- Installing: /home/batoddy/Desktop/ros2_ws/install/mec_mobile_gazebo/share/mec_mobile_gazebo/launch/spawn_robot.launch.py
-- Up-to-date: /home/batoddy/Desktop/ros2_ws/install/mec_mobile_gazebo/share/mec_mobile_gazebo/worlds
-- Up-to-date: /home/batoddy/Desktop/ros2_ws/install/mec_mobile_gazebo/share/mec_mobile_gazebo/worlds/parkour
-- Up-to-date: /home/batoddy/Desktop/ros2_ws/install/mec_mobile_gazebo/share/mec_mobile_gazebo/worlds/parkour/dik_egim
-- Up-to-date: /home/batoddy/Desktop/ros2_ws/install/mec_mobile_gazebo/share/mec_mobile_gazebo/worlds/parkour/dik_egim/model.sdf
-- Up-to-date: /home/batoddy/Desktop/ros2_ws/install/mec_mobile_gazebo/share/mec_mobile_gazebo/worlds/parkour/dik_egim/meshes
-- Up-to-date: /home/batoddy/Desktop/ros2_ws/install/mec_mobile_gazebo/share/mec_mobile_gazebo/worlds/parkour/dik_egim/meshes/dik_egim.stl
-- Up-to-date: /home/batoddy/Desktop/ros2_ws/install/mec_mobile_gazebo/share/mec_mobile_gazebo/worlds/parkour/tabelalar
-- Up-to-date: /home/batoddy/Desktop/ros2_ws/install/mec_mobile_gazebo/share/mec_mobile_gazebo/worlds/parkour/tabelalar/model.sdf
-- Up-to-date: /home/batoddy/Desktop/ros2_ws/install/mec_mobile_gazebo/share/mec_mobile_gazebo/worlds/parkour/tabelalar/meshes
-- Up-to-date: /home/batoddy/Desktop/ros2_ws/install/mec_mobile_gazebo/share/mec_mobile_gazebo/worlds/parkour/tabelalar/meshes/tabelalar.stl
-- Up-to-date: /home/batoddy/Desktop/ros2_ws/install/mec_mobile_gazebo/share/mec_mobile_gazebo/worlds/parkour/cizgiler
-- Up-to-date: /home/batoddy/Desktop/ros2_ws/install/mec_mobile_gazebo/share/mec_mobile_gazebo/worlds/parkour/cizgiler/model.sdf
-- Up-to-date: /home/batoddy/Desktop/ros2_ws/install/mec_mobile_gazebo/share/mec_mobile_gazebo/worlds/parkour/cizgiler/meshes
-- Up-to-date: /home/batoddy/Desktop/ros2_ws/install/mec_mobile_gazebo/share/mec_mobile_gazebo/worlds/parkour/cizgiler/meshes/cizgiler.stl
-- Up-to-date: /home/batoddy/Desktop/ros2_ws/install/mec_mobile_gazebo/share/mec_mobile_gazebo/worlds/parkour/tasli_cakilli_yol
-- Up-to-date: /home/batoddy/Desktop/ros2_ws/install/mec_mobile_gazebo/share/mec_mobile_gazebo/worlds/parkour/tasli_cakilli_yol/model.sdf
-- Up-to-date: /home/batoddy/Desktop/ros2_ws/install/mec_mobile_gazebo/share/mec_mobile_gazebo/worlds/parkour/tasli_cakilli_yol/meshes
-- Up-to-date: /home/batoddy/Desktop/ros2_ws/install/mec_mobile_gazebo/share/mec_mobile_gazebo/worlds/parkour/tasli_cakilli_yol/meshes/tasli_cakilli_yol.stl
-- Up-to-date: /home/batoddy/Desktop/ros2_ws/install/mec_mobile_gazebo/share/mec_mobile_gazebo/worlds/parkour/bariyer
-- Up-to-date: /home/batoddy/Desktop/ros2_ws/install/mec_mobile_gazebo/share/mec_mobile_gazebo/worlds/parkour/bariyer/model.sdf
-- Up-to-date: /home/batoddy/Desktop/ros2_ws/install/mec_mobile_gazebo/share/mec_mobile_gazebo/worlds/parkour/bariyer/meshes
-- Up-to-date: /home/batoddy/Desktop/ros2_ws/install/mec_mobile_gazebo/share/mec_mobile_gazebo/worlds/parkour/bariyer/meshes/bariyer.stl
-- Up-to-date: /home/batoddy/Desktop/ros2_ws/install/mec_mobile_gazebo/share/mec_mobile_gazebo/worlds/parkour/kukalar
-- Up-to-date: /home/batoddy/Desktop/ros2_ws/install/mec_mobile_gazebo/share/mec_mobile_gazebo/worlds/parkour/kukalar/model.sdf
-- Up-to-date: /home/batoddy/Desktop/ros2_ws/install/mec_mobile_gazebo/share/mec_mobile_gazebo/worlds/parkour/kukalar/meshes
-- Up-to-date: /home/batoddy/Desktop/ros2_ws/install/mec_mobile_gazebo/share/mec_mobile_gazebo/worlds/parkour/kukalar/meshes/kukalar.stl
-- Up-to-date: /home/batoddy/Desktop/ros2_ws/install/mec_mobile_gazebo/share/mec_mobile_gazebo/worlds/parkour/dik_engel
-- Up-to-date: /home/batoddy/Desktop/ros2_ws/install/mec_mobile_gazebo/share/mec_mobile_gazebo/worlds/parkour/dik_engel/model.sdf
-- Up-to-date: /home/batoddy/Desktop/ros2_ws/install/mec_mobile_gazebo/share/mec_mobile_gazebo/worlds/parkour/dik_engel/meshes
-- Up-to-date: /home/batoddy/Desktop/ros2_ws/install/mec_mobile_gazebo/share/mec_mobile_gazebo/worlds/parkour/dik_engel/meshes/dik_engel.stl
-- Up-to-date: /home/batoddy/Desktop/ros2_ws/install/mec_mobile_gazebo/share/mec_mobile_gazebo/worlds/parkour/yan_egim
-- Up-to-date: /home/batoddy/Desktop/ros2_ws/install/mec_mobile_gazebo/share/mec_mobile_gazebo/worlds/parkour/yan_egim/model.sdf
-- Up-to-date: /home/batoddy/Desktop/ros2_ws/install/mec_mobile_gazebo/share/mec_mobile_gazebo/worlds/parkour/yan_egim/meshes
-- Up-to-date: /home/batoddy/Desktop/ros2_ws/install/mec_mobile_gazebo/share/mec_mobile_gazebo/worlds/parkour/yan_egim/meshes/yan_egim.stl
-- Up-to-date: /home/batoddy/Desktop/ros2_ws/install/mec_mobile_gazebo/share/mec_mobile_gazebo/worlds/parkour/sudan_gecis
-- Up-to-date: /home/batoddy/Desktop/ros2_ws/install/mec_mobile_gazebo/share/mec_mobile_gazebo/worlds/parkour/sudan_gecis/model.sdf
-- Up-to-date: /home/batoddy/Desktop/ros2_ws/install/mec_mobile_gazebo/share/mec_mobile_gazebo/worlds/parkour/sudan_gecis/meshes
-- Up-to-date: /home/batoddy/Desktop/ros2_ws/install/mec_mobile_gazebo/share/mec_mobile_gazebo/worlds/parkour/sudan_gecis/meshes/sudan_gecis.stl
-- Up-to-date: /home/batoddy/Desktop/ros2_ws/install/mec_mobile_gazebo/share/mec_mobile_gazebo/worlds/parkour/yol
-- Up-to-date: /home/batoddy/Desktop/ros2_ws/install/mec_mobile_gazebo/share/mec_mobile_gazebo/worlds/parkour/yol/model.sdf
-- Up-to-date: /home/batoddy/Desktop/ros2_ws/install/mec_mobile_gazebo/share/mec_mobile_gazebo/worlds/parkour/yol/meshes
-- Up-to-date: /home/batoddy/Desktop/ros2_ws/install/mec_mobile_gazebo/share/mec_mobile_gazebo/worlds/parkour/yol/meshes/yol.stl
-- Up-to-date: /home/batoddy/Desktop/ros2_ws/install/mec_mobile_gazebo/share/mec_mobile_gazebo/worlds/parkour/engebeli_arazi
-- Up-to-date: /home/batoddy/Desktop/ros2_ws/install/mec_mobile_gazebo/share/mec_mobile_gazebo/worlds/parkour/engebeli_arazi/model.sdf
-- Up-to-date: /home/batoddy/Desktop/ros2_ws/install/mec_mobile_gazebo/share/mec_mobile_gazebo/worlds/parkour/engebeli_arazi/meshes
-- Up-to-date: /home/batoddy/Desktop/ros2_ws/install/mec_mobile_gazebo/share/mec_mobile_gazebo/worlds/parkour/engebeli_arazi/meshes/engebeli_arazi.stl
-- Up-to-date: /home/batoddy/Desktop/ros2_ws/install/mec_mobile_gazebo/share/mec_mobile_gazebo/worlds/parkour/zemin
-- Up-to-date: /home/batoddy/Desktop/ros2_ws/install/mec_mobile_gazebo/share/mec_mobile_gazebo/worlds/parkour/zemin/model.sdf
-- Up-to-date: /home/batoddy/Desktop/ros2_ws/install/mec_mobile_gazebo/share/mec_mobile_gazebo/worlds/parkour/zemin/meshes
-- Up-to-date: /home/batoddy/Desktop/ros2_ws/install/mec_mobile_gazebo/share/mec_mobile_gazebo/worlds/parkour/zemin/meshes/zemin.stl
-- Up-to-date: /home/batoddy/Desktop/ros2_ws/install/mec_mobile_gazebo/share/mec_mobile_gazebo/worlds/parkour.sdf
-- Up-to-date: /home/batoddy/Desktop/ros2_ws/install/mec_mobile_gazebo/share/mec_mobile_gazebo/worlds/world.sdf
-- Up-to-date: /home/batoddy/Desktop/ros2_ws/install/mec_mobile_gazebo/share/ament_index/resource_index/package_run_dependencies/mec_mobile_gazebo
-- Up-to-date: /home/batoddy/Desktop/ros2_ws/install/mec_mobile_gazebo/share/ament_index/resource_index/parent_prefix_path/mec_mobile_gazebo
-- Up-to-date: /home/batoddy/Desktop/ros2_ws/install/mec_mobile_gazebo/share/mec_mobile_gazebo/environment/ament_prefix_path.sh
-- Up-to-date: /home/batoddy/Desktop/ros2_ws/install/mec_mobile_gazebo/share/mec_mobile_gazebo/environment/ament_prefix_path.dsv
-- Up-to-date: /home/batoddy/Desktop/ros2_ws/install/mec_mobile_gazebo/share/mec_mobile_gazebo/environment/path.sh
-- Up-to-date: /home/batoddy/Desktop/ros2_ws/install/mec_mobile_gazebo/share/mec_mobile_gazebo/environment/path.dsv
-- Up-to-date: /home/batoddy/Desktop/ros2_ws/install/mec_mobile_gazebo/share/mec_mobile_gazebo/local_setup.bash
-- Up-to-date: /home/batoddy/Desktop/ros2_ws/install/mec_mobile_gazebo/share/mec_mobile_gazebo/local_setup.sh
-- Up-to-date: /home/batoddy/Desktop/ros2_ws/install/mec_mobile_gazebo/share/mec_mobile_gazebo/local_setup.zsh
-- Up-to-date: /home/batoddy/Desktop/ros2_ws/install/mec_mobile_gazebo/share/mec_mobile_gazebo/local_setup.dsv
-- Installing: /home/batoddy/Desktop/ros2_ws/install/mec_mobile_gazebo/share/mec_mobile_gazebo/package.dsv
-- Up-to-date: /home/batoddy/Desktop/ros2_ws/install/mec_mobile_gazebo/share/ament_index/resource_index/packages/mec_mobile_gazebo
-- Up-to-date: /home/batoddy/Desktop/ros2_ws/install/mec_mobile_gazebo/share/mec_mobile_gazebo/cmake/mec_mobile_gazeboConfig.cmake
-- Up-to-date: /home/batoddy/Desktop/ros2_ws/install/mec_mobile_gazebo/share/mec_mobile_gazebo/cmake/mec_mobile_gazeboConfig-version.cmake
-- Up-to-date: /home/batoddy/Desktop/ros2_ws/install/mec_mobile_gazebo/share/mec_mobile_gazebo/package.xml
