[0.015s] Invoking command in '/home/batoddy/Desktop/ros2_ws/build/mec_mobile_navigation': CMAKE_PREFIX_PATH=${CMAKE_PREFIX_PATH}:/home/batoddy/ros2_ws/install/rtabmap_python:/home/batoddy/ros2_ws/install/my_robot_controller:/opt/ros/jazzy DEBUGINFOD_URLS=https://debuginfod.ubuntu.com /usr/bin/cmake /home/batoddy/Desktop/ros2_ws/src/mec_mobile/mec_mobile_navigation -DCMAKE_INSTALL_PREFIX=/home/batoddy/Desktop/ros2_ws/install/mec_mobile_navigation
[0.078s] -- The C compiler identification is GNU 13.3.0
[0.162s] -- The CXX compiler identification is GNU 13.3.0
[0.183s] -- Detecting C compiler ABI info
[0.292s] -- Detecting C compiler ABI info - done
[0.303s] -- Check for working C compiler: /usr/bin/cc - skipped
[0.304s] -- Detecting C compile features
[0.304s] -- Detecting C compile features - done
[0.314s] -- Detecting CXX compiler ABI info
[0.414s] -- Detecting CXX compiler ABI info - done
[0.426s] -- Check for working CXX compiler: /usr/bin/c++ - skipped
[0.427s] -- Detecting CXX compile features
[0.427s] -- Detecting CXX compile features - done
[0.433s] -- Found ament_cmake: 2.5.4 (/opt/ros/jazzy/share/ament_cmake/cmake)
[0.604s] -- Found Python3: /usr/bin/python3 (found version "3.12.3") found components: Interpreter 
[0.761s] -- Found ament_lint_auto: 0.17.2 (/opt/ros/jazzy/share/ament_lint_auto/cmake)
[0.911s] -- Added test 'flake8' to check Python code syntax and style conventions
[0.911s] -- Configured 'flake8' exclude dirs and/or files: 
[0.912s] -- Added test 'lint_cmake' to check CMake code style
[0.913s] -- Added test 'pep257' to check Python code against some of the docstring style conventions in PEP 257
[0.915s] -- Added test 'xmllint' to check XML markup files
[0.917s] -- Configuring done (0.9s)
[0.922s] -- Generating done (0.0s)
[0.925s] -- Build files have been written to: /home/batoddy/Desktop/ros2_ws/build/mec_mobile_navigation
[0.932s] Invoked command in '/home/batoddy/Desktop/ros2_ws/build/mec_mobile_navigation' returned '0': CMAKE_PREFIX_PATH=${CMAKE_PREFIX_PATH}:/home/batoddy/ros2_ws/install/rtabmap_python:/home/batoddy/ros2_ws/install/my_robot_controller:/opt/ros/jazzy DEBUGINFOD_URLS=https://debuginfod.ubuntu.com /usr/bin/cmake /home/batoddy/Desktop/ros2_ws/src/mec_mobile/mec_mobile_navigation -DCMAKE_INSTALL_PREFIX=/home/batoddy/Desktop/ros2_ws/install/mec_mobile_navigation
[0.933s] Invoking command in '/home/batoddy/Desktop/ros2_ws/build/mec_mobile_navigation': CMAKE_PREFIX_PATH=${CMAKE_PREFIX_PATH}:/home/batoddy/ros2_ws/install/rtabmap_python:/home/batoddy/ros2_ws/install/my_robot_controller:/opt/ros/jazzy DEBUGINFOD_URLS=https://debuginfod.ubuntu.com /usr/bin/cmake --build /home/batoddy/Desktop/ros2_ws/build/mec_mobile_navigation -- -j8 -l8
[0.980s] Invoked command in '/home/batoddy/Desktop/ros2_ws/build/mec_mobile_navigation' returned '0': CMAKE_PREFIX_PATH=${CMAKE_PREFIX_PATH}:/home/batoddy/ros2_ws/install/rtabmap_python:/home/batoddy/ros2_ws/install/my_robot_controller:/opt/ros/jazzy DEBUGINFOD_URLS=https://debuginfod.ubuntu.com /usr/bin/cmake --build /home/batoddy/Desktop/ros2_ws/build/mec_mobile_navigation -- -j8 -l8
[0.981s] Invoking command in '/home/batoddy/Desktop/ros2_ws/build/mec_mobile_navigation': CMAKE_PREFIX_PATH=${CMAKE_PREFIX_PATH}:/home/batoddy/ros2_ws/install/rtabmap_python:/home/batoddy/ros2_ws/install/my_robot_controller:/opt/ros/jazzy DEBUGINFOD_URLS=https://debuginfod.ubuntu.com /usr/bin/cmake --install /home/batoddy/Desktop/ros2_ws/build/mec_mobile_navigation
[0.994s] -- Install configuration: ""
[0.995s] -- Installing: /home/batoddy/Desktop/ros2_ws/install/mec_mobile_navigation/share/mec_mobile_navigation/launch
[0.995s] -- Installing: /home/batoddy/Desktop/ros2_ws/install/mec_mobile_navigation/share/mec_mobile_navigation/config
[0.995s] -- Installing: /home/batoddy/Desktop/ros2_ws/install/mec_mobile_navigation/share/mec_mobile_navigation/config/ekf.yaml
[0.998s] -- Installing: /home/batoddy/Desktop/ros2_ws/install/mec_mobile_navigation/share/ament_index/resource_index/package_run_dependencies/mec_mobile_navigation
[0.998s] -- Installing: /home/batoddy/Desktop/ros2_ws/install/mec_mobile_navigation/share/ament_index/resource_index/parent_prefix_path/mec_mobile_navigation
[0.999s] -- Installing: /home/batoddy/Desktop/ros2_ws/install/mec_mobile_navigation/share/mec_mobile_navigation/environment/ament_prefix_path.sh
[0.999s] -- Installing: /home/batoddy/Desktop/ros2_ws/install/mec_mobile_navigation/share/mec_mobile_navigation/environment/ament_prefix_path.dsv
[0.999s] -- Installing: /home/batoddy/Desktop/ros2_ws/install/mec_mobile_navigation/share/mec_mobile_navigation/environment/path.sh
[1.000s] -- Installing: /home/batoddy/Desktop/ros2_ws/install/mec_mobile_navigation/share/mec_mobile_navigation/environment/path.dsv
[1.000s] -- Installing: /home/batoddy/Desktop/ros2_ws/install/mec_mobile_navigation/share/mec_mobile_navigation/local_setup.bash
[1.000s] -- Installing: /home/batoddy/Desktop/ros2_ws/install/mec_mobile_navigation/share/mec_mobile_navigation/local_setup.sh
[1.001s] -- Installing: /home/batoddy/Desktop/ros2_ws/install/mec_mobile_navigation/share/mec_mobile_navigation/local_setup.zsh
[1.001s] -- Installing: /home/batoddy/Desktop/ros2_ws/install/mec_mobile_navigation/share/mec_mobile_navigation/local_setup.dsv
[1.001s] -- Installing: /home/batoddy/Desktop/ros2_ws/install/mec_mobile_navigation/share/mec_mobile_navigation/package.dsv
[1.001s] -- Installing: /home/batoddy/Desktop/ros2_ws/install/mec_mobile_navigation/share/ament_index/resource_index/packages/mec_mobile_navigation
[1.001s] -- Installing: /home/batoddy/Desktop/ros2_ws/install/mec_mobile_navigation/share/mec_mobile_navigation/cmake/mec_mobile_navigationConfig.cmake
[1.001s] -- Installing: /home/batoddy/Desktop/ros2_ws/install/mec_mobile_navigation/share/mec_mobile_navigation/cmake/mec_mobile_navigationConfig-version.cmake
[1.002s] -- Installing: /home/batoddy/Desktop/ros2_ws/install/mec_mobile_navigation/share/mec_mobile_navigation/package.xml
[1.003s] Invoked command in '/home/batoddy/Desktop/ros2_ws/build/mec_mobile_navigation' returned '0': CMAKE_PREFIX_PATH=${CMAKE_PREFIX_PATH}:/home/batoddy/ros2_ws/install/rtabmap_python:/home/batoddy/ros2_ws/install/my_robot_controller:/opt/ros/jazzy DEBUGINFOD_URLS=https://debuginfod.ubuntu.com /usr/bin/cmake --install /home/batoddy/Desktop/ros2_ws/build/mec_mobile_navigation
