[0.076s] DEBUG:colcon:Command line arguments: ['/usr/bin/colcon', 'build']
[0.076s] DEBUG:colcon:Parsed command line arguments: Namespace(log_base=None, log_level=None, verb_name='build', build_base='build', install_base='install', merge_install=False, symlink_install=False, test_result_base=None, continue_on_error=False, executor='parallel', parallel_workers=8, event_handlers=None, ignore_user_meta=False, metas=['./colcon.meta'], base_paths=['.'], packages_ignore=None, packages_ignore_regex=None, paths=None, packages_up_to=None, packages_up_to_regex=None, packages_above=None, packages_above_and_dependencies=None, packages_above_depth=None, packages_select_by_dep=None, packages_skip_by_dep=None, packages_skip_up_to=None, packages_select_build_failed=False, packages_skip_build_finished=False, packages_select_test_failures=False, packages_skip_test_passed=False, packages_select=None, packages_skip=None, packages_select_regex=None, packages_skip_regex=None, packages_start=None, packages_end=None, allow_overriding=[], cmake_args=None, cmake_target=None, cmake_target_skip_unavailable=False, cmake_clean_cache=False, cmake_clean_first=False, cmake_force_configure=False, ament_cmake_args=None, catkin_cmake_args=None, catkin_skip_building_tests=False, mixin_files=None, mixin=None, verb_parser=<colcon_mixin.mixin.mixin_argument.MixinArgumentDecorator object at 0x7fab73a50380>, verb_extension=<colcon_core.verb.build.BuildVerb object at 0x7fab73bc8560>, main=<bound method BuildVerb.main of <colcon_core.verb.build.BuildVerb object at 0x7fab73bc8560>>, mixin_verb=('build',))
[0.107s] Level 1:colcon.colcon_core.package_discovery:discover_packages(colcon_meta) check parameters
[0.107s] Level 1:colcon.colcon_core.package_discovery:discover_packages(recursive) check parameters
[0.107s] Level 1:colcon.colcon_core.package_discovery:discover_packages(ignore) check parameters
[0.107s] Level 1:colcon.colcon_core.package_discovery:discover_packages(path) check parameters
[0.107s] Level 1:colcon.colcon_core.package_discovery:discover_packages(colcon_meta) discover
[0.107s] Level 1:colcon.colcon_core.package_discovery:discover_packages(recursive) discover
[0.107s] INFO:colcon.colcon_core.package_discovery:Crawling recursively for packages in '/home/batoddy/Desktop/ros2_ws/src/mec_mobile'
[0.107s] Level 1:colcon.colcon_core.package_identification:_identify(.) by extensions ['ignore', 'ignore_ament_install']
[0.107s] Level 1:colcon.colcon_core.package_identification:_identify(.) by extension 'ignore'
[0.107s] Level 1:colcon.colcon_core.package_identification:_identify(.) by extension 'ignore_ament_install'
[0.107s] Level 1:colcon.colcon_core.package_identification:_identify(.) by extensions ['colcon_pkg']
[0.107s] Level 1:colcon.colcon_core.package_identification:_identify(.) by extension 'colcon_pkg'
[0.108s] Level 1:colcon.colcon_core.package_identification:_identify(.) by extensions ['colcon_meta']
[0.108s] Level 1:colcon.colcon_core.package_identification:_identify(.) by extension 'colcon_meta'
[0.108s] Level 1:colcon.colcon_core.package_identification:_identify(.) by extensions ['ros']
[0.108s] Level 1:colcon.colcon_core.package_identification:_identify(.) by extension 'ros'
[0.131s] Level 1:colcon.colcon_core.package_identification:_identify(.) by extensions ['cmake', 'python']
[0.132s] Level 1:colcon.colcon_core.package_identification:_identify(.) by extension 'cmake'
[0.132s] Level 1:colcon.colcon_core.package_identification:_identify(.) by extension 'python'
[0.132s] Level 1:colcon.colcon_core.package_identification:_identify(.) by extensions ['python_setup_py']
[0.132s] Level 1:colcon.colcon_core.package_identification:_identify(.) by extension 'python_setup_py'
[0.132s] Level 1:colcon.colcon_core.package_identification:_identify(build) by extensions ['ignore', 'ignore_ament_install']
[0.132s] Level 1:colcon.colcon_core.package_identification:_identify(build) by extension 'ignore'
[0.132s] Level 1:colcon.colcon_core.package_identification:_identify(build) ignored
[0.132s] Level 1:colcon.colcon_core.package_identification:_identify(install) by extensions ['ignore', 'ignore_ament_install']
[0.132s] Level 1:colcon.colcon_core.package_identification:_identify(install) by extension 'ignore'
[0.132s] Level 1:colcon.colcon_core.package_identification:_identify(install) ignored
[0.132s] Level 1:colcon.colcon_core.package_identification:_identify(log) by extensions ['ignore', 'ignore_ament_install']
[0.132s] Level 1:colcon.colcon_core.package_identification:_identify(log) by extension 'ignore'
[0.132s] Level 1:colcon.colcon_core.package_identification:_identify(log) ignored
[0.132s] Level 1:colcon.colcon_core.package_identification:_identify(mec_mobile) by extensions ['ignore', 'ignore_ament_install']
[0.132s] Level 1:colcon.colcon_core.package_identification:_identify(mec_mobile) by extension 'ignore'
[0.133s] Level 1:colcon.colcon_core.package_identification:_identify(mec_mobile) by extension 'ignore_ament_install'
[0.133s] Level 1:colcon.colcon_core.package_identification:_identify(mec_mobile) by extensions ['colcon_pkg']
[0.133s] Level 1:colcon.colcon_core.package_identification:_identify(mec_mobile) by extension 'colcon_pkg'
[0.133s] Level 1:colcon.colcon_core.package_identification:_identify(mec_mobile) by extensions ['colcon_meta']
[0.133s] Level 1:colcon.colcon_core.package_identification:_identify(mec_mobile) by extension 'colcon_meta'
[0.133s] Level 1:colcon.colcon_core.package_identification:_identify(mec_mobile) by extensions ['ros']
[0.133s] Level 1:colcon.colcon_core.package_identification:_identify(mec_mobile) by extension 'ros'
[0.135s] DEBUG:colcon.colcon_core.package_identification:Package 'mec_mobile' with type 'ros.ament_cmake' and name 'mec_mobile'
[0.135s] Level 1:colcon.colcon_core.package_identification:_identify(mec_mobile_description) by extensions ['ignore', 'ignore_ament_install']
[0.135s] Level 1:colcon.colcon_core.package_identification:_identify(mec_mobile_description) by extension 'ignore'
[0.135s] Level 1:colcon.colcon_core.package_identification:_identify(mec_mobile_description) by extension 'ignore_ament_install'
[0.135s] Level 1:colcon.colcon_core.package_identification:_identify(mec_mobile_description) by extensions ['colcon_pkg']
[0.135s] Level 1:colcon.colcon_core.package_identification:_identify(mec_mobile_description) by extension 'colcon_pkg'
[0.135s] Level 1:colcon.colcon_core.package_identification:_identify(mec_mobile_description) by extensions ['colcon_meta']
[0.135s] Level 1:colcon.colcon_core.package_identification:_identify(mec_mobile_description) by extension 'colcon_meta'
[0.135s] Level 1:colcon.colcon_core.package_identification:_identify(mec_mobile_description) by extensions ['ros']
[0.135s] Level 1:colcon.colcon_core.package_identification:_identify(mec_mobile_description) by extension 'ros'
[0.136s] DEBUG:colcon.colcon_core.package_identification:Package 'mec_mobile_description' with type 'ros.ament_cmake' and name 'mec_mobile_description'
[0.136s] Level 1:colcon.colcon_core.package_identification:_identify(mec_mobile_gazebo) by extensions ['ignore', 'ignore_ament_install']
[0.136s] Level 1:colcon.colcon_core.package_identification:_identify(mec_mobile_gazebo) by extension 'ignore'
[0.136s] Level 1:colcon.colcon_core.package_identification:_identify(mec_mobile_gazebo) by extension 'ignore_ament_install'
[0.136s] Level 1:colcon.colcon_core.package_identification:_identify(mec_mobile_gazebo) by extensions ['colcon_pkg']
[0.136s] Level 1:colcon.colcon_core.package_identification:_identify(mec_mobile_gazebo) by extension 'colcon_pkg'
[0.136s] Level 1:colcon.colcon_core.package_identification:_identify(mec_mobile_gazebo) by extensions ['colcon_meta']
[0.136s] Level 1:colcon.colcon_core.package_identification:_identify(mec_mobile_gazebo) by extension 'colcon_meta'
[0.136s] Level 1:colcon.colcon_core.package_identification:_identify(mec_mobile_gazebo) by extensions ['ros']
[0.136s] Level 1:colcon.colcon_core.package_identification:_identify(mec_mobile_gazebo) by extension 'ros'
[0.137s] DEBUG:colcon.colcon_core.package_identification:Package 'mec_mobile_gazebo' with type 'ros.ament_cmake' and name 'mec_mobile_gazebo'
[0.137s] Level 1:colcon.colcon_core.package_identification:_identify(mec_mobile_navigation) by extensions ['ignore', 'ignore_ament_install']
[0.137s] Level 1:colcon.colcon_core.package_identification:_identify(mec_mobile_navigation) by extension 'ignore'
[0.137s] Level 1:colcon.colcon_core.package_identification:_identify(mec_mobile_navigation) by extension 'ignore_ament_install'
[0.137s] Level 1:colcon.colcon_core.package_identification:_identify(mec_mobile_navigation) by extensions ['colcon_pkg']
[0.137s] Level 1:colcon.colcon_core.package_identification:_identify(mec_mobile_navigation) by extension 'colcon_pkg'
[0.137s] Level 1:colcon.colcon_core.package_identification:_identify(mec_mobile_navigation) by extensions ['colcon_meta']
[0.137s] Level 1:colcon.colcon_core.package_identification:_identify(mec_mobile_navigation) by extension 'colcon_meta'
[0.137s] Level 1:colcon.colcon_core.package_identification:_identify(mec_mobile_navigation) by extensions ['ros']
[0.137s] Level 1:colcon.colcon_core.package_identification:_identify(mec_mobile_navigation) by extension 'ros'
[0.137s] DEBUG:colcon.colcon_core.package_identification:Package 'mec_mobile_navigation' with type 'ros.ament_cmake' and name 'mec_mobile_navigation'
[0.137s] Level 1:colcon.colcon_core.package_discovery:discover_packages(recursive) using defaults
[0.137s] Level 1:colcon.colcon_core.package_discovery:discover_packages(ignore) discover
[0.137s] Level 1:colcon.colcon_core.package_discovery:discover_packages(ignore) using defaults
[0.137s] Level 1:colcon.colcon_core.package_discovery:discover_packages(path) discover
[0.137s] Level 1:colcon.colcon_core.package_discovery:discover_packages(path) using defaults
[0.155s] Level 1:colcon.colcon_core.package_discovery:discover_packages(prefix_path) check parameters
[0.155s] Level 1:colcon.colcon_core.package_discovery:discover_packages(prefix_path) discover
[0.157s] DEBUG:colcon.colcon_installed_package_information.package_discovery:Found 3 installed packages in /home/batoddy/Desktop/ros2_ws/install
[0.158s] DEBUG:colcon.colcon_installed_package_information.package_discovery:Found 4 installed packages in /home/batoddy/ros2_ws/install
[0.159s] DEBUG:colcon.colcon_installed_package_information.package_discovery:Found 322 installed packages in /opt/ros/jazzy
[0.160s] Level 1:colcon.colcon_core.package_discovery:discover_packages(prefix_path) using defaults
[0.192s] Level 5:colcon.colcon_core.verb:set package 'mec_mobile_description' build argument 'cmake_args' from command line to 'None'
[0.193s] Level 5:colcon.colcon_core.verb:set package 'mec_mobile_description' build argument 'cmake_target' from command line to 'None'
[0.193s] Level 5:colcon.colcon_core.verb:set package 'mec_mobile_description' build argument 'cmake_target_skip_unavailable' from command line to 'False'
[0.193s] Level 5:colcon.colcon_core.verb:set package 'mec_mobile_description' build argument 'cmake_clean_cache' from command line to 'False'
[0.193s] Level 5:colcon.colcon_core.verb:set package 'mec_mobile_description' build argument 'cmake_clean_first' from command line to 'False'
[0.193s] Level 5:colcon.colcon_core.verb:set package 'mec_mobile_description' build argument 'cmake_force_configure' from command line to 'False'
[0.193s] Level 5:colcon.colcon_core.verb:set package 'mec_mobile_description' build argument 'ament_cmake_args' from command line to 'None'
[0.193s] Level 5:colcon.colcon_core.verb:set package 'mec_mobile_description' build argument 'catkin_cmake_args' from command line to 'None'
[0.193s] Level 5:colcon.colcon_core.verb:set package 'mec_mobile_description' build argument 'catkin_skip_building_tests' from command line to 'False'
[0.193s] DEBUG:colcon.colcon_core.verb:Building package 'mec_mobile_description' with the following arguments: {'ament_cmake_args': None, 'build_base': '/home/batoddy/Desktop/ros2_ws/src/mec_mobile/build/mec_mobile_description', 'catkin_cmake_args': None, 'catkin_skip_building_tests': False, 'cmake_args': None, 'cmake_clean_cache': False, 'cmake_clean_first': False, 'cmake_force_configure': False, 'cmake_target': None, 'cmake_target_skip_unavailable': False, 'install_base': '/home/batoddy/Desktop/ros2_ws/src/mec_mobile/install/mec_mobile_description', 'merge_install': False, 'path': '/home/batoddy/Desktop/ros2_ws/src/mec_mobile/mec_mobile_description', 'symlink_install': False, 'test_result_base': None}
[0.193s] Level 5:colcon.colcon_core.verb:set package 'mec_mobile_gazebo' build argument 'cmake_args' from command line to 'None'
[0.193s] Level 5:colcon.colcon_core.verb:set package 'mec_mobile_gazebo' build argument 'cmake_target' from command line to 'None'
[0.193s] Level 5:colcon.colcon_core.verb:set package 'mec_mobile_gazebo' build argument 'cmake_target_skip_unavailable' from command line to 'False'
[0.193s] Level 5:colcon.colcon_core.verb:set package 'mec_mobile_gazebo' build argument 'cmake_clean_cache' from command line to 'False'
[0.193s] Level 5:colcon.colcon_core.verb:set package 'mec_mobile_gazebo' build argument 'cmake_clean_first' from command line to 'False'
[0.193s] Level 5:colcon.colcon_core.verb:set package 'mec_mobile_gazebo' build argument 'cmake_force_configure' from command line to 'False'
[0.193s] Level 5:colcon.colcon_core.verb:set package 'mec_mobile_gazebo' build argument 'ament_cmake_args' from command line to 'None'
[0.193s] Level 5:colcon.colcon_core.verb:set package 'mec_mobile_gazebo' build argument 'catkin_cmake_args' from command line to 'None'
[0.193s] Level 5:colcon.colcon_core.verb:set package 'mec_mobile_gazebo' build argument 'catkin_skip_building_tests' from command line to 'False'
[0.193s] DEBUG:colcon.colcon_core.verb:Building package 'mec_mobile_gazebo' with the following arguments: {'ament_cmake_args': None, 'build_base': '/home/batoddy/Desktop/ros2_ws/src/mec_mobile/build/mec_mobile_gazebo', 'catkin_cmake_args': None, 'catkin_skip_building_tests': False, 'cmake_args': None, 'cmake_clean_cache': False, 'cmake_clean_first': False, 'cmake_force_configure': False, 'cmake_target': None, 'cmake_target_skip_unavailable': False, 'install_base': '/home/batoddy/Desktop/ros2_ws/src/mec_mobile/install/mec_mobile_gazebo', 'merge_install': False, 'path': '/home/batoddy/Desktop/ros2_ws/src/mec_mobile/mec_mobile_gazebo', 'symlink_install': False, 'test_result_base': None}
[0.193s] Level 5:colcon.colcon_core.verb:set package 'mec_mobile_navigation' build argument 'cmake_args' from command line to 'None'
[0.193s] Level 5:colcon.colcon_core.verb:set package 'mec_mobile_navigation' build argument 'cmake_target' from command line to 'None'
[0.193s] Level 5:colcon.colcon_core.verb:set package 'mec_mobile_navigation' build argument 'cmake_target_skip_unavailable' from command line to 'False'
[0.193s] Level 5:colcon.colcon_core.verb:set package 'mec_mobile_navigation' build argument 'cmake_clean_cache' from command line to 'False'
[0.193s] Level 5:colcon.colcon_core.verb:set package 'mec_mobile_navigation' build argument 'cmake_clean_first' from command line to 'False'
[0.193s] Level 5:colcon.colcon_core.verb:set package 'mec_mobile_navigation' build argument 'cmake_force_configure' from command line to 'False'
[0.193s] Level 5:colcon.colcon_core.verb:set package 'mec_mobile_navigation' build argument 'ament_cmake_args' from command line to 'None'
[0.193s] Level 5:colcon.colcon_core.verb:set package 'mec_mobile_navigation' build argument 'catkin_cmake_args' from command line to 'None'
[0.193s] Level 5:colcon.colcon_core.verb:set package 'mec_mobile_navigation' build argument 'catkin_skip_building_tests' from command line to 'False'
[0.193s] DEBUG:colcon.colcon_core.verb:Building package 'mec_mobile_navigation' with the following arguments: {'ament_cmake_args': None, 'build_base': '/home/batoddy/Desktop/ros2_ws/src/mec_mobile/build/mec_mobile_navigation', 'catkin_cmake_args': None, 'catkin_skip_building_tests': False, 'cmake_args': None, 'cmake_clean_cache': False, 'cmake_clean_first': False, 'cmake_force_configure': False, 'cmake_target': None, 'cmake_target_skip_unavailable': False, 'install_base': '/home/batoddy/Desktop/ros2_ws/src/mec_mobile/install/mec_mobile_navigation', 'merge_install': False, 'path': '/home/batoddy/Desktop/ros2_ws/src/mec_mobile/mec_mobile_navigation', 'symlink_install': False, 'test_result_base': None}
[0.193s] Level 5:colcon.colcon_core.verb:set package 'mec_mobile' build argument 'cmake_args' from command line to 'None'
[0.194s] Level 5:colcon.colcon_core.verb:set package 'mec_mobile' build argument 'cmake_target' from command line to 'None'
[0.194s] Level 5:colcon.colcon_core.verb:set package 'mec_mobile' build argument 'cmake_target_skip_unavailable' from command line to 'False'
[0.194s] Level 5:colcon.colcon_core.verb:set package 'mec_mobile' build argument 'cmake_clean_cache' from command line to 'False'
[0.194s] Level 5:colcon.colcon_core.verb:set package 'mec_mobile' build argument 'cmake_clean_first' from command line to 'False'
[0.194s] Level 5:colcon.colcon_core.verb:set package 'mec_mobile' build argument 'cmake_force_configure' from command line to 'False'
[0.194s] Level 5:colcon.colcon_core.verb:set package 'mec_mobile' build argument 'ament_cmake_args' from command line to 'None'
[0.194s] Level 5:colcon.colcon_core.verb:set package 'mec_mobile' build argument 'catkin_cmake_args' from command line to 'None'
[0.194s] Level 5:colcon.colcon_core.verb:set package 'mec_mobile' build argument 'catkin_skip_building_tests' from command line to 'False'
[0.194s] DEBUG:colcon.colcon_core.verb:Building package 'mec_mobile' with the following arguments: {'ament_cmake_args': None, 'build_base': '/home/batoddy/Desktop/ros2_ws/src/mec_mobile/build/mec_mobile', 'catkin_cmake_args': None, 'catkin_skip_building_tests': False, 'cmake_args': None, 'cmake_clean_cache': False, 'cmake_clean_first': False, 'cmake_force_configure': False, 'cmake_target': None, 'cmake_target_skip_unavailable': False, 'install_base': '/home/batoddy/Desktop/ros2_ws/src/mec_mobile/install/mec_mobile', 'merge_install': False, 'path': '/home/batoddy/Desktop/ros2_ws/src/mec_mobile/mec_mobile', 'symlink_install': False, 'test_result_base': None}
[0.194s] INFO:colcon.colcon_core.executor:Executing jobs using 'parallel' executor
[0.194s] DEBUG:colcon.colcon_parallel_executor.executor.parallel:run_until_complete
[0.195s] INFO:colcon.colcon_ros.task.ament_cmake.build:Building ROS package in '/home/batoddy/Desktop/ros2_ws/src/mec_mobile/mec_mobile_description' with build type 'ament_cmake'
[0.195s] INFO:colcon.colcon_cmake.task.cmake.build:Building CMake package in '/home/batoddy/Desktop/ros2_ws/src/mec_mobile/mec_mobile_description'
[0.196s] INFO:colcon.colcon_core.plugin_system:Skipping extension 'colcon_core.shell.bat': Not used on non-Windows systems
[0.196s] INFO:colcon.colcon_core.shell:Skip shell extension 'powershell' for command environment: Not usable outside of PowerShell
[0.197s] DEBUG:colcon.colcon_core.shell:Skip shell extension 'dsv' for command environment
[0.200s] INFO:colcon.colcon_ros.task.ament_cmake.build:Building ROS package in '/home/batoddy/Desktop/ros2_ws/src/mec_mobile/mec_mobile_gazebo' with build type 'ament_cmake'
[0.200s] INFO:colcon.colcon_cmake.task.cmake.build:Building CMake package in '/home/batoddy/Desktop/ros2_ws/src/mec_mobile/mec_mobile_gazebo'
[0.201s] INFO:colcon.colcon_core.shell:Skip shell extension 'powershell' for command environment: Not usable outside of PowerShell
[0.201s] DEBUG:colcon.colcon_core.shell:Skip shell extension 'dsv' for command environment
[0.204s] INFO:colcon.colcon_ros.task.ament_cmake.build:Building ROS package in '/home/batoddy/Desktop/ros2_ws/src/mec_mobile/mec_mobile_navigation' with build type 'ament_cmake'
[0.204s] INFO:colcon.colcon_cmake.task.cmake.build:Building CMake package in '/home/batoddy/Desktop/ros2_ws/src/mec_mobile/mec_mobile_navigation'
[0.204s] INFO:colcon.colcon_core.shell:Skip shell extension 'powershell' for command environment: Not usable outside of PowerShell
[0.204s] DEBUG:colcon.colcon_core.shell:Skip shell extension 'dsv' for command environment
[0.210s] DEBUG:colcon.colcon_core.event_handler.log_command:Invoking command in '/home/batoddy/Desktop/ros2_ws/src/mec_mobile/build/mec_mobile_description': CMAKE_PREFIX_PATH=${CMAKE_PREFIX_PATH}:/home/batoddy/ros2_ws/install/rtabmap_python:/home/batoddy/ros2_ws/install/my_robot_controller:/opt/ros/jazzy DEBUGINFOD_URLS=https://debuginfod.ubuntu.com /usr/bin/cmake /home/batoddy/Desktop/ros2_ws/src/mec_mobile/mec_mobile_description -DCMAKE_INSTALL_PREFIX=/home/batoddy/Desktop/ros2_ws/src/mec_mobile/install/mec_mobile_description
[0.213s] DEBUG:colcon.colcon_core.event_handler.log_command:Invoking command in '/home/batoddy/Desktop/ros2_ws/src/mec_mobile/build/mec_mobile_gazebo': CMAKE_PREFIX_PATH=${CMAKE_PREFIX_PATH}:/home/batoddy/ros2_ws/install/rtabmap_python:/home/batoddy/ros2_ws/install/my_robot_controller:/opt/ros/jazzy DEBUGINFOD_URLS=https://debuginfod.ubuntu.com /usr/bin/cmake /home/batoddy/Desktop/ros2_ws/src/mec_mobile/mec_mobile_gazebo -DCMAKE_INSTALL_PREFIX=/home/batoddy/Desktop/ros2_ws/src/mec_mobile/install/mec_mobile_gazebo
[0.217s] DEBUG:colcon.colcon_core.event_handler.log_command:Invoking command in '/home/batoddy/Desktop/ros2_ws/src/mec_mobile/build/mec_mobile_navigation': CMAKE_PREFIX_PATH=${CMAKE_PREFIX_PATH}:/home/batoddy/ros2_ws/install/rtabmap_python:/home/batoddy/ros2_ws/install/my_robot_controller:/opt/ros/jazzy DEBUGINFOD_URLS=https://debuginfod.ubuntu.com /usr/bin/cmake /home/batoddy/Desktop/ros2_ws/src/mec_mobile/mec_mobile_navigation -DCMAKE_INSTALL_PREFIX=/home/batoddy/Desktop/ros2_ws/src/mec_mobile/install/mec_mobile_navigation
[1.290s] DEBUG:colcon.colcon_core.event_handler.log_command:Invoked command in '/home/batoddy/Desktop/ros2_ws/src/mec_mobile/build/mec_mobile_description' returned '0': CMAKE_PREFIX_PATH=${CMAKE_PREFIX_PATH}:/home/batoddy/ros2_ws/install/rtabmap_python:/home/batoddy/ros2_ws/install/my_robot_controller:/opt/ros/jazzy DEBUGINFOD_URLS=https://debuginfod.ubuntu.com /usr/bin/cmake /home/batoddy/Desktop/ros2_ws/src/mec_mobile/mec_mobile_description -DCMAKE_INSTALL_PREFIX=/home/batoddy/Desktop/ros2_ws/src/mec_mobile/install/mec_mobile_description
[1.292s] DEBUG:colcon.colcon_core.event_handler.log_command:Invoking command in '/home/batoddy/Desktop/ros2_ws/src/mec_mobile/build/mec_mobile_description': CMAKE_PREFIX_PATH=${CMAKE_PREFIX_PATH}:/home/batoddy/ros2_ws/install/rtabmap_python:/home/batoddy/ros2_ws/install/my_robot_controller:/opt/ros/jazzy DEBUGINFOD_URLS=https://debuginfod.ubuntu.com /usr/bin/cmake --build /home/batoddy/Desktop/ros2_ws/src/mec_mobile/build/mec_mobile_description -- -j8 -l8
[1.297s] DEBUG:colcon.colcon_core.event_handler.log_command:Invoked command in '/home/batoddy/Desktop/ros2_ws/src/mec_mobile/build/mec_mobile_navigation' returned '0': CMAKE_PREFIX_PATH=${CMAKE_PREFIX_PATH}:/home/batoddy/ros2_ws/install/rtabmap_python:/home/batoddy/ros2_ws/install/my_robot_controller:/opt/ros/jazzy DEBUGINFOD_URLS=https://debuginfod.ubuntu.com /usr/bin/cmake /home/batoddy/Desktop/ros2_ws/src/mec_mobile/mec_mobile_navigation -DCMAKE_INSTALL_PREFIX=/home/batoddy/Desktop/ros2_ws/src/mec_mobile/install/mec_mobile_navigation
[1.299s] DEBUG:colcon.colcon_core.event_handler.log_command:Invoking command in '/home/batoddy/Desktop/ros2_ws/src/mec_mobile/build/mec_mobile_navigation': CMAKE_PREFIX_PATH=${CMAKE_PREFIX_PATH}:/home/batoddy/ros2_ws/install/rtabmap_python:/home/batoddy/ros2_ws/install/my_robot_controller:/opt/ros/jazzy DEBUGINFOD_URLS=https://debuginfod.ubuntu.com /usr/bin/cmake --build /home/batoddy/Desktop/ros2_ws/src/mec_mobile/build/mec_mobile_navigation -- -j8 -l8
[1.334s] DEBUG:colcon.colcon_core.event_handler.log_command:Invoked command in '/home/batoddy/Desktop/ros2_ws/src/mec_mobile/build/mec_mobile_description' returned '0': CMAKE_PREFIX_PATH=${CMAKE_PREFIX_PATH}:/home/batoddy/ros2_ws/install/rtabmap_python:/home/batoddy/ros2_ws/install/my_robot_controller:/opt/ros/jazzy DEBUGINFOD_URLS=https://debuginfod.ubuntu.com /usr/bin/cmake --build /home/batoddy/Desktop/ros2_ws/src/mec_mobile/build/mec_mobile_description -- -j8 -l8
[1.346s] DEBUG:colcon.colcon_core.event_handler.log_command:Invoking command in '/home/batoddy/Desktop/ros2_ws/src/mec_mobile/build/mec_mobile_description': CMAKE_PREFIX_PATH=${CMAKE_PREFIX_PATH}:/home/batoddy/ros2_ws/install/rtabmap_python:/home/batoddy/ros2_ws/install/my_robot_controller:/opt/ros/jazzy DEBUGINFOD_URLS=https://debuginfod.ubuntu.com /usr/bin/cmake --install /home/batoddy/Desktop/ros2_ws/src/mec_mobile/build/mec_mobile_description
[1.347s] DEBUG:colcon.colcon_core.event_handler.log_command:Invoked command in '/home/batoddy/Desktop/ros2_ws/src/mec_mobile/build/mec_mobile_navigation' returned '0': CMAKE_PREFIX_PATH=${CMAKE_PREFIX_PATH}:/home/batoddy/ros2_ws/install/rtabmap_python:/home/batoddy/ros2_ws/install/my_robot_controller:/opt/ros/jazzy DEBUGINFOD_URLS=https://debuginfod.ubuntu.com /usr/bin/cmake --build /home/batoddy/Desktop/ros2_ws/src/mec_mobile/build/mec_mobile_navigation -- -j8 -l8
[1.349s] DEBUG:colcon.colcon_core.event_handler.log_command:Invoking command in '/home/batoddy/Desktop/ros2_ws/src/mec_mobile/build/mec_mobile_navigation': CMAKE_PREFIX_PATH=${CMAKE_PREFIX_PATH}:/home/batoddy/ros2_ws/install/rtabmap_python:/home/batoddy/ros2_ws/install/my_robot_controller:/opt/ros/jazzy DEBUGINFOD_URLS=https://debuginfod.ubuntu.com /usr/bin/cmake --install /home/batoddy/Desktop/ros2_ws/src/mec_mobile/build/mec_mobile_navigation
[1.361s] Level 1:colcon.colcon_core.environment:create_environment_scripts_only(mec_mobile_navigation)
[1.362s] DEBUG:colcon.colcon_core.event_handler.log_command:Invoked command in '/home/batoddy/Desktop/ros2_ws/src/mec_mobile/build/mec_mobile_navigation' returned '0': CMAKE_PREFIX_PATH=${CMAKE_PREFIX_PATH}:/home/batoddy/ros2_ws/install/rtabmap_python:/home/batoddy/ros2_ws/install/my_robot_controller:/opt/ros/jazzy DEBUGINFOD_URLS=https://debuginfod.ubuntu.com /usr/bin/cmake --install /home/batoddy/Desktop/ros2_ws/src/mec_mobile/build/mec_mobile_navigation
[1.365s] Level 1:colcon.colcon_core.environment:checking '/home/batoddy/Desktop/ros2_ws/src/mec_mobile/install/mec_mobile_navigation' for CMake module files
[1.365s] Level 1:colcon.colcon_core.environment:checking '/home/batoddy/Desktop/ros2_ws/src/mec_mobile/install/mec_mobile_navigation' for CMake config files
[1.365s] Level 1:colcon.colcon_core.shell:create_environment_hook('mec_mobile_navigation', 'cmake_prefix_path')
[1.366s] INFO:colcon.colcon_core.shell:Creating environment hook '/home/batoddy/Desktop/ros2_ws/src/mec_mobile/install/mec_mobile_navigation/share/mec_mobile_navigation/hook/cmake_prefix_path.ps1'
[1.366s] INFO:colcon.colcon_core.shell:Creating environment descriptor '/home/batoddy/Desktop/ros2_ws/src/mec_mobile/install/mec_mobile_navigation/share/mec_mobile_navigation/hook/cmake_prefix_path.dsv'
[1.366s] INFO:colcon.colcon_core.shell:Creating environment hook '/home/batoddy/Desktop/ros2_ws/src/mec_mobile/install/mec_mobile_navigation/share/mec_mobile_navigation/hook/cmake_prefix_path.sh'
[1.367s] Level 1:colcon.colcon_core.environment:checking '/home/batoddy/Desktop/ros2_ws/src/mec_mobile/install/mec_mobile_navigation/bin'
[1.367s] Level 1:colcon.colcon_core.environment:checking '/home/batoddy/Desktop/ros2_ws/src/mec_mobile/install/mec_mobile_navigation/lib/pkgconfig/mec_mobile_navigation.pc'
[1.368s] Level 1:colcon.colcon_core.environment:checking '/home/batoddy/Desktop/ros2_ws/src/mec_mobile/install/mec_mobile_navigation/lib/python3.12/site-packages'
[1.368s] Level 1:colcon.colcon_core.environment:checking '/home/batoddy/Desktop/ros2_ws/src/mec_mobile/install/mec_mobile_navigation/bin'
[1.368s] INFO:colcon.colcon_core.shell:Creating package script '/home/batoddy/Desktop/ros2_ws/src/mec_mobile/install/mec_mobile_navigation/share/mec_mobile_navigation/package.ps1'
[1.369s] INFO:colcon.colcon_core.shell:Creating package descriptor '/home/batoddy/Desktop/ros2_ws/src/mec_mobile/install/mec_mobile_navigation/share/mec_mobile_navigation/package.dsv'
[1.369s] INFO:colcon.colcon_core.shell:Creating package script '/home/batoddy/Desktop/ros2_ws/src/mec_mobile/install/mec_mobile_navigation/share/mec_mobile_navigation/package.sh'
[1.370s] INFO:colcon.colcon_core.shell:Creating package script '/home/batoddy/Desktop/ros2_ws/src/mec_mobile/install/mec_mobile_navigation/share/mec_mobile_navigation/package.bash'
[1.370s] INFO:colcon.colcon_core.shell:Creating package script '/home/batoddy/Desktop/ros2_ws/src/mec_mobile/install/mec_mobile_navigation/share/mec_mobile_navigation/package.zsh'
[1.371s] Level 1:colcon.colcon_core.environment:create_file_with_runtime_dependencies(/home/batoddy/Desktop/ros2_ws/src/mec_mobile/install/mec_mobile_navigation/share/colcon-core/packages/mec_mobile_navigation)
[1.371s] Level 1:colcon.colcon_core.environment:create_environment_scripts_only(mec_mobile_navigation)
[1.371s] Level 1:colcon.colcon_core.environment:checking '/home/batoddy/Desktop/ros2_ws/src/mec_mobile/install/mec_mobile_navigation' for CMake module files
[1.372s] Level 1:colcon.colcon_core.environment:checking '/home/batoddy/Desktop/ros2_ws/src/mec_mobile/install/mec_mobile_navigation' for CMake config files
[1.372s] Level 1:colcon.colcon_core.shell:create_environment_hook('mec_mobile_navigation', 'cmake_prefix_path')
[1.372s] INFO:colcon.colcon_core.shell:Creating environment hook '/home/batoddy/Desktop/ros2_ws/src/mec_mobile/install/mec_mobile_navigation/share/mec_mobile_navigation/hook/cmake_prefix_path.ps1'
[1.373s] INFO:colcon.colcon_core.shell:Creating environment descriptor '/home/batoddy/Desktop/ros2_ws/src/mec_mobile/install/mec_mobile_navigation/share/mec_mobile_navigation/hook/cmake_prefix_path.dsv'
[1.373s] INFO:colcon.colcon_core.shell:Creating environment hook '/home/batoddy/Desktop/ros2_ws/src/mec_mobile/install/mec_mobile_navigation/share/mec_mobile_navigation/hook/cmake_prefix_path.sh'
[1.374s] Level 1:colcon.colcon_core.environment:checking '/home/batoddy/Desktop/ros2_ws/src/mec_mobile/install/mec_mobile_navigation/bin'
[1.374s] Level 1:colcon.colcon_core.environment:checking '/home/batoddy/Desktop/ros2_ws/src/mec_mobile/install/mec_mobile_navigation/lib/pkgconfig/mec_mobile_navigation.pc'
[1.374s] Level 1:colcon.colcon_core.environment:checking '/home/batoddy/Desktop/ros2_ws/src/mec_mobile/install/mec_mobile_navigation/lib/python3.12/site-packages'
[1.375s] Level 1:colcon.colcon_core.environment:checking '/home/batoddy/Desktop/ros2_ws/src/mec_mobile/install/mec_mobile_navigation/bin'
[1.375s] INFO:colcon.colcon_core.shell:Creating package script '/home/batoddy/Desktop/ros2_ws/src/mec_mobile/install/mec_mobile_navigation/share/mec_mobile_navigation/package.ps1'
[1.376s] INFO:colcon.colcon_core.shell:Creating package descriptor '/home/batoddy/Desktop/ros2_ws/src/mec_mobile/install/mec_mobile_navigation/share/mec_mobile_navigation/package.dsv'
[1.377s] INFO:colcon.colcon_core.shell:Creating package script '/home/batoddy/Desktop/ros2_ws/src/mec_mobile/install/mec_mobile_navigation/share/mec_mobile_navigation/package.sh'
[1.377s] INFO:colcon.colcon_core.shell:Creating package script '/home/batoddy/Desktop/ros2_ws/src/mec_mobile/install/mec_mobile_navigation/share/mec_mobile_navigation/package.bash'
[1.377s] INFO:colcon.colcon_core.shell:Creating package script '/home/batoddy/Desktop/ros2_ws/src/mec_mobile/install/mec_mobile_navigation/share/mec_mobile_navigation/package.zsh'
[1.378s] Level 1:colcon.colcon_core.environment:create_file_with_runtime_dependencies(/home/batoddy/Desktop/ros2_ws/src/mec_mobile/install/mec_mobile_navigation/share/colcon-core/packages/mec_mobile_navigation)
[1.410s] Level 1:colcon.colcon_core.environment:create_environment_scripts_only(mec_mobile_description)
[1.410s] Level 1:colcon.colcon_core.environment:checking '/home/batoddy/Desktop/ros2_ws/src/mec_mobile/install/mec_mobile_description' for CMake module files
[1.411s] DEBUG:colcon.colcon_core.event_handler.log_command:Invoked command in '/home/batoddy/Desktop/ros2_ws/src/mec_mobile/build/mec_mobile_description' returned '0': CMAKE_PREFIX_PATH=${CMAKE_PREFIX_PATH}:/home/batoddy/ros2_ws/install/rtabmap_python:/home/batoddy/ros2_ws/install/my_robot_controller:/opt/ros/jazzy DEBUGINFOD_URLS=https://debuginfod.ubuntu.com /usr/bin/cmake --install /home/batoddy/Desktop/ros2_ws/src/mec_mobile/build/mec_mobile_description
[1.412s] Level 1:colcon.colcon_core.environment:checking '/home/batoddy/Desktop/ros2_ws/src/mec_mobile/install/mec_mobile_description' for CMake config files
[1.412s] Level 1:colcon.colcon_core.shell:create_environment_hook('mec_mobile_description', 'cmake_prefix_path')
[1.412s] INFO:colcon.colcon_core.shell:Creating environment hook '/home/batoddy/Desktop/ros2_ws/src/mec_mobile/install/mec_mobile_description/share/mec_mobile_description/hook/cmake_prefix_path.ps1'
[1.413s] INFO:colcon.colcon_core.shell:Creating environment descriptor '/home/batoddy/Desktop/ros2_ws/src/mec_mobile/install/mec_mobile_description/share/mec_mobile_description/hook/cmake_prefix_path.dsv'
[1.413s] INFO:colcon.colcon_core.shell:Creating environment hook '/home/batoddy/Desktop/ros2_ws/src/mec_mobile/install/mec_mobile_description/share/mec_mobile_description/hook/cmake_prefix_path.sh'
[1.414s] Level 1:colcon.colcon_core.environment:checking '/home/batoddy/Desktop/ros2_ws/src/mec_mobile/install/mec_mobile_description/bin'
[1.414s] Level 1:colcon.colcon_core.environment:checking '/home/batoddy/Desktop/ros2_ws/src/mec_mobile/install/mec_mobile_description/lib/pkgconfig/mec_mobile_description.pc'
[1.414s] Level 1:colcon.colcon_core.environment:checking '/home/batoddy/Desktop/ros2_ws/src/mec_mobile/install/mec_mobile_description/lib/python3.12/site-packages'
[1.415s] Level 1:colcon.colcon_core.environment:checking '/home/batoddy/Desktop/ros2_ws/src/mec_mobile/install/mec_mobile_description/bin'
[1.415s] INFO:colcon.colcon_core.shell:Creating package script '/home/batoddy/Desktop/ros2_ws/src/mec_mobile/install/mec_mobile_description/share/mec_mobile_description/package.ps1'
[1.416s] INFO:colcon.colcon_core.shell:Creating package descriptor '/home/batoddy/Desktop/ros2_ws/src/mec_mobile/install/mec_mobile_description/share/mec_mobile_description/package.dsv'
[1.416s] INFO:colcon.colcon_core.shell:Creating package script '/home/batoddy/Desktop/ros2_ws/src/mec_mobile/install/mec_mobile_description/share/mec_mobile_description/package.sh'
[1.416s] INFO:colcon.colcon_core.shell:Creating package script '/home/batoddy/Desktop/ros2_ws/src/mec_mobile/install/mec_mobile_description/share/mec_mobile_description/package.bash'
[1.417s] INFO:colcon.colcon_core.shell:Creating package script '/home/batoddy/Desktop/ros2_ws/src/mec_mobile/install/mec_mobile_description/share/mec_mobile_description/package.zsh'
[1.417s] Level 1:colcon.colcon_core.environment:create_file_with_runtime_dependencies(/home/batoddy/Desktop/ros2_ws/src/mec_mobile/install/mec_mobile_description/share/colcon-core/packages/mec_mobile_description)
[1.418s] Level 1:colcon.colcon_core.environment:create_environment_scripts_only(mec_mobile_description)
[1.418s] Level 1:colcon.colcon_core.environment:checking '/home/batoddy/Desktop/ros2_ws/src/mec_mobile/install/mec_mobile_description' for CMake module files
[1.419s] Level 1:colcon.colcon_core.environment:checking '/home/batoddy/Desktop/ros2_ws/src/mec_mobile/install/mec_mobile_description' for CMake config files
[1.419s] Level 1:colcon.colcon_core.shell:create_environment_hook('mec_mobile_description', 'cmake_prefix_path')
[1.420s] INFO:colcon.colcon_core.shell:Creating environment hook '/home/batoddy/Desktop/ros2_ws/src/mec_mobile/install/mec_mobile_description/share/mec_mobile_description/hook/cmake_prefix_path.ps1'
[1.420s] INFO:colcon.colcon_core.shell:Creating environment descriptor '/home/batoddy/Desktop/ros2_ws/src/mec_mobile/install/mec_mobile_description/share/mec_mobile_description/hook/cmake_prefix_path.dsv'
[1.421s] INFO:colcon.colcon_core.shell:Creating environment hook '/home/batoddy/Desktop/ros2_ws/src/mec_mobile/install/mec_mobile_description/share/mec_mobile_description/hook/cmake_prefix_path.sh'
[1.421s] Level 1:colcon.colcon_core.environment:checking '/home/batoddy/Desktop/ros2_ws/src/mec_mobile/install/mec_mobile_description/bin'
[1.421s] Level 1:colcon.colcon_core.environment:checking '/home/batoddy/Desktop/ros2_ws/src/mec_mobile/install/mec_mobile_description/lib/pkgconfig/mec_mobile_description.pc'
[1.422s] Level 1:colcon.colcon_core.environment:checking '/home/batoddy/Desktop/ros2_ws/src/mec_mobile/install/mec_mobile_description/lib/python3.12/site-packages'
[1.422s] Level 1:colcon.colcon_core.environment:checking '/home/batoddy/Desktop/ros2_ws/src/mec_mobile/install/mec_mobile_description/bin'
[1.422s] INFO:colcon.colcon_core.shell:Creating package script '/home/batoddy/Desktop/ros2_ws/src/mec_mobile/install/mec_mobile_description/share/mec_mobile_description/package.ps1'
[1.423s] INFO:colcon.colcon_core.shell:Creating package descriptor '/home/batoddy/Desktop/ros2_ws/src/mec_mobile/install/mec_mobile_description/share/mec_mobile_description/package.dsv'
[1.423s] INFO:colcon.colcon_core.shell:Creating package script '/home/batoddy/Desktop/ros2_ws/src/mec_mobile/install/mec_mobile_description/share/mec_mobile_description/package.sh'
[1.424s] INFO:colcon.colcon_core.shell:Creating package script '/home/batoddy/Desktop/ros2_ws/src/mec_mobile/install/mec_mobile_description/share/mec_mobile_description/package.bash'
[1.424s] INFO:colcon.colcon_core.shell:Creating package script '/home/batoddy/Desktop/ros2_ws/src/mec_mobile/install/mec_mobile_description/share/mec_mobile_description/package.zsh'
[1.425s] Level 1:colcon.colcon_core.environment:create_file_with_runtime_dependencies(/home/batoddy/Desktop/ros2_ws/src/mec_mobile/install/mec_mobile_description/share/colcon-core/packages/mec_mobile_description)
[1.425s] INFO:colcon.colcon_ros.task.ament_cmake.build:Building ROS package in '/home/batoddy/Desktop/ros2_ws/src/mec_mobile/mec_mobile' with build type 'ament_cmake'
[1.425s] INFO:colcon.colcon_cmake.task.cmake.build:Building CMake package in '/home/batoddy/Desktop/ros2_ws/src/mec_mobile/mec_mobile'
[1.425s] INFO:colcon.colcon_core.shell:Skip shell extension 'powershell' for command environment: Not usable outside of PowerShell
[1.425s] DEBUG:colcon.colcon_core.shell:Skip shell extension 'dsv' for command environment
[1.440s] DEBUG:colcon.colcon_core.event_handler.log_command:Invoking command in '/home/batoddy/Desktop/ros2_ws/src/mec_mobile/build/mec_mobile': AMENT_PREFIX_PATH=/home/batoddy/Desktop/ros2_ws/src/mec_mobile/install/mec_mobile_description:${AMENT_PREFIX_PATH} CMAKE_PREFIX_PATH=/home/batoddy/Desktop/ros2_ws/src/mec_mobile/install/mec_mobile_description:/home/batoddy/Desktop/ros2_ws/install/mec_mobile_gazebo:/home/batoddy/Desktop/ros2_ws/install/mec_mobile:/home/batoddy/Desktop/ros2_ws/install/mec_mobile_description:/home/batoddy/ros2_ws/install/rtabmap_conversions:/home/batoddy/ros2_ws/install/rtabmap_msgs:/opt/ros/jazzy/opt/gz_sim_vendor:/opt/ros/jazzy/opt/gz_sensors_vendor:/opt/ros/jazzy/opt/gz_physics_vendor:/opt/ros/jazzy/opt/sdformat_vendor:/opt/ros/jazzy/opt/gz_gui_vendor:/opt/ros/jazzy/opt/gz_transport_vendor:/opt/ros/jazzy/opt/gz_rendering_vendor:/opt/ros/jazzy/opt/gz_plugin_vendor:/opt/ros/jazzy/opt/gz_fuel_tools_vendor:/opt/ros/jazzy/opt/gz_msgs_vendor:/opt/ros/jazzy/opt/gz_common_vendor:/opt/ros/jazzy/opt/gz_math_vendor:/opt/ros/jazzy/opt/gz_utils_vendor:/opt/ros/jazzy/opt/gz_tools_vendor:/opt/ros/jazzy/opt/gz_ogre_next_vendor:/opt/ros/jazzy/opt/gz_dartsim_vendor:/opt/ros/jazzy/opt/gz_cmake_vendor:/home/batoddy/ros2_ws/install/rtabmap_python:/home/batoddy/ros2_ws/install/my_robot_controller:/opt/ros/jazzy DEBUGINFOD_URLS=https://debuginfod.ubuntu.com /usr/bin/cmake /home/batoddy/Desktop/ros2_ws/src/mec_mobile/mec_mobile -DCMAKE_INSTALL_PREFIX=/home/batoddy/Desktop/ros2_ws/src/mec_mobile/install/mec_mobile
[2.130s] DEBUG:colcon.colcon_core.event_handler.log_command:Invoked command in '/home/batoddy/Desktop/ros2_ws/src/mec_mobile/build/mec_mobile_gazebo' returned '0': CMAKE_PREFIX_PATH=${CMAKE_PREFIX_PATH}:/home/batoddy/ros2_ws/install/rtabmap_python:/home/batoddy/ros2_ws/install/my_robot_controller:/opt/ros/jazzy DEBUGINFOD_URLS=https://debuginfod.ubuntu.com /usr/bin/cmake /home/batoddy/Desktop/ros2_ws/src/mec_mobile/mec_mobile_gazebo -DCMAKE_INSTALL_PREFIX=/home/batoddy/Desktop/ros2_ws/src/mec_mobile/install/mec_mobile_gazebo
[2.131s] DEBUG:colcon.colcon_core.event_handler.log_command:Invoking command in '/home/batoddy/Desktop/ros2_ws/src/mec_mobile/build/mec_mobile_gazebo': CMAKE_PREFIX_PATH=${CMAKE_PREFIX_PATH}:/home/batoddy/ros2_ws/install/rtabmap_python:/home/batoddy/ros2_ws/install/my_robot_controller:/opt/ros/jazzy DEBUGINFOD_URLS=https://debuginfod.ubuntu.com /usr/bin/cmake --build /home/batoddy/Desktop/ros2_ws/src/mec_mobile/build/mec_mobile_gazebo -- -j8 -l8
[2.172s] DEBUG:colcon.colcon_core.event_handler.log_command:Invoked command in '/home/batoddy/Desktop/ros2_ws/src/mec_mobile/build/mec_mobile_gazebo' returned '0': CMAKE_PREFIX_PATH=${CMAKE_PREFIX_PATH}:/home/batoddy/ros2_ws/install/rtabmap_python:/home/batoddy/ros2_ws/install/my_robot_controller:/opt/ros/jazzy DEBUGINFOD_URLS=https://debuginfod.ubuntu.com /usr/bin/cmake --build /home/batoddy/Desktop/ros2_ws/src/mec_mobile/build/mec_mobile_gazebo -- -j8 -l8
[2.173s] DEBUG:colcon.colcon_core.event_handler.log_command:Invoking command in '/home/batoddy/Desktop/ros2_ws/src/mec_mobile/build/mec_mobile_gazebo': CMAKE_PREFIX_PATH=${CMAKE_PREFIX_PATH}:/home/batoddy/ros2_ws/install/rtabmap_python:/home/batoddy/ros2_ws/install/my_robot_controller:/opt/ros/jazzy DEBUGINFOD_URLS=https://debuginfod.ubuntu.com /usr/bin/cmake --install /home/batoddy/Desktop/ros2_ws/src/mec_mobile/build/mec_mobile_gazebo
[2.246s] DEBUG:colcon.colcon_core.event_handler.log_command:Invoked command in '/home/batoddy/Desktop/ros2_ws/src/mec_mobile/build/mec_mobile' returned '0': AMENT_PREFIX_PATH=/home/batoddy/Desktop/ros2_ws/src/mec_mobile/install/mec_mobile_description:${AMENT_PREFIX_PATH} CMAKE_PREFIX_PATH=/home/batoddy/Desktop/ros2_ws/src/mec_mobile/install/mec_mobile_description:/home/batoddy/Desktop/ros2_ws/install/mec_mobile_gazebo:/home/batoddy/Desktop/ros2_ws/install/mec_mobile:/home/batoddy/Desktop/ros2_ws/install/mec_mobile_description:/home/batoddy/ros2_ws/install/rtabmap_conversions:/home/batoddy/ros2_ws/install/rtabmap_msgs:/opt/ros/jazzy/opt/gz_sim_vendor:/opt/ros/jazzy/opt/gz_sensors_vendor:/opt/ros/jazzy/opt/gz_physics_vendor:/opt/ros/jazzy/opt/sdformat_vendor:/opt/ros/jazzy/opt/gz_gui_vendor:/opt/ros/jazzy/opt/gz_transport_vendor:/opt/ros/jazzy/opt/gz_rendering_vendor:/opt/ros/jazzy/opt/gz_plugin_vendor:/opt/ros/jazzy/opt/gz_fuel_tools_vendor:/opt/ros/jazzy/opt/gz_msgs_vendor:/opt/ros/jazzy/opt/gz_common_vendor:/opt/ros/jazzy/opt/gz_math_vendor:/opt/ros/jazzy/opt/gz_utils_vendor:/opt/ros/jazzy/opt/gz_tools_vendor:/opt/ros/jazzy/opt/gz_ogre_next_vendor:/opt/ros/jazzy/opt/gz_dartsim_vendor:/opt/ros/jazzy/opt/gz_cmake_vendor:/home/batoddy/ros2_ws/install/rtabmap_python:/home/batoddy/ros2_ws/install/my_robot_controller:/opt/ros/jazzy DEBUGINFOD_URLS=https://debuginfod.ubuntu.com /usr/bin/cmake /home/batoddy/Desktop/ros2_ws/src/mec_mobile/mec_mobile -DCMAKE_INSTALL_PREFIX=/home/batoddy/Desktop/ros2_ws/src/mec_mobile/install/mec_mobile
[2.247s] DEBUG:colcon.colcon_core.event_handler.log_command:Invoking command in '/home/batoddy/Desktop/ros2_ws/src/mec_mobile/build/mec_mobile': AMENT_PREFIX_PATH=/home/batoddy/Desktop/ros2_ws/src/mec_mobile/install/mec_mobile_description:${AMENT_PREFIX_PATH} CMAKE_PREFIX_PATH=/home/batoddy/Desktop/ros2_ws/src/mec_mobile/install/mec_mobile_description:/home/batoddy/Desktop/ros2_ws/install/mec_mobile_gazebo:/home/batoddy/Desktop/ros2_ws/install/mec_mobile:/home/batoddy/Desktop/ros2_ws/install/mec_mobile_description:/home/batoddy/ros2_ws/install/rtabmap_conversions:/home/batoddy/ros2_ws/install/rtabmap_msgs:/opt/ros/jazzy/opt/gz_sim_vendor:/opt/ros/jazzy/opt/gz_sensors_vendor:/opt/ros/jazzy/opt/gz_physics_vendor:/opt/ros/jazzy/opt/sdformat_vendor:/opt/ros/jazzy/opt/gz_gui_vendor:/opt/ros/jazzy/opt/gz_transport_vendor:/opt/ros/jazzy/opt/gz_rendering_vendor:/opt/ros/jazzy/opt/gz_plugin_vendor:/opt/ros/jazzy/opt/gz_fuel_tools_vendor:/opt/ros/jazzy/opt/gz_msgs_vendor:/opt/ros/jazzy/opt/gz_common_vendor:/opt/ros/jazzy/opt/gz_math_vendor:/opt/ros/jazzy/opt/gz_utils_vendor:/opt/ros/jazzy/opt/gz_tools_vendor:/opt/ros/jazzy/opt/gz_ogre_next_vendor:/opt/ros/jazzy/opt/gz_dartsim_vendor:/opt/ros/jazzy/opt/gz_cmake_vendor:/home/batoddy/ros2_ws/install/rtabmap_python:/home/batoddy/ros2_ws/install/my_robot_controller:/opt/ros/jazzy DEBUGINFOD_URLS=https://debuginfod.ubuntu.com /usr/bin/cmake --build /home/batoddy/Desktop/ros2_ws/src/mec_mobile/build/mec_mobile -- -j8 -l8
[2.293s] DEBUG:colcon.colcon_core.event_handler.log_command:Invoked command in '/home/batoddy/Desktop/ros2_ws/src/mec_mobile/build/mec_mobile' returned '0': AMENT_PREFIX_PATH=/home/batoddy/Desktop/ros2_ws/src/mec_mobile/install/mec_mobile_description:${AMENT_PREFIX_PATH} CMAKE_PREFIX_PATH=/home/batoddy/Desktop/ros2_ws/src/mec_mobile/install/mec_mobile_description:/home/batoddy/Desktop/ros2_ws/install/mec_mobile_gazebo:/home/batoddy/Desktop/ros2_ws/install/mec_mobile:/home/batoddy/Desktop/ros2_ws/install/mec_mobile_description:/home/batoddy/ros2_ws/install/rtabmap_conversions:/home/batoddy/ros2_ws/install/rtabmap_msgs:/opt/ros/jazzy/opt/gz_sim_vendor:/opt/ros/jazzy/opt/gz_sensors_vendor:/opt/ros/jazzy/opt/gz_physics_vendor:/opt/ros/jazzy/opt/sdformat_vendor:/opt/ros/jazzy/opt/gz_gui_vendor:/opt/ros/jazzy/opt/gz_transport_vendor:/opt/ros/jazzy/opt/gz_rendering_vendor:/opt/ros/jazzy/opt/gz_plugin_vendor:/opt/ros/jazzy/opt/gz_fuel_tools_vendor:/opt/ros/jazzy/opt/gz_msgs_vendor:/opt/ros/jazzy/opt/gz_common_vendor:/opt/ros/jazzy/opt/gz_math_vendor:/opt/ros/jazzy/opt/gz_utils_vendor:/opt/ros/jazzy/opt/gz_tools_vendor:/opt/ros/jazzy/opt/gz_ogre_next_vendor:/opt/ros/jazzy/opt/gz_dartsim_vendor:/opt/ros/jazzy/opt/gz_cmake_vendor:/home/batoddy/ros2_ws/install/rtabmap_python:/home/batoddy/ros2_ws/install/my_robot_controller:/opt/ros/jazzy DEBUGINFOD_URLS=https://debuginfod.ubuntu.com /usr/bin/cmake --build /home/batoddy/Desktop/ros2_ws/src/mec_mobile/build/mec_mobile -- -j8 -l8
[2.294s] DEBUG:colcon.colcon_core.event_handler.log_command:Invoking command in '/home/batoddy/Desktop/ros2_ws/src/mec_mobile/build/mec_mobile': AMENT_PREFIX_PATH=/home/batoddy/Desktop/ros2_ws/src/mec_mobile/install/mec_mobile_description:${AMENT_PREFIX_PATH} CMAKE_PREFIX_PATH=/home/batoddy/Desktop/ros2_ws/src/mec_mobile/install/mec_mobile_description:/home/batoddy/Desktop/ros2_ws/install/mec_mobile_gazebo:/home/batoddy/Desktop/ros2_ws/install/mec_mobile:/home/batoddy/Desktop/ros2_ws/install/mec_mobile_description:/home/batoddy/ros2_ws/install/rtabmap_conversions:/home/batoddy/ros2_ws/install/rtabmap_msgs:/opt/ros/jazzy/opt/gz_sim_vendor:/opt/ros/jazzy/opt/gz_sensors_vendor:/opt/ros/jazzy/opt/gz_physics_vendor:/opt/ros/jazzy/opt/sdformat_vendor:/opt/ros/jazzy/opt/gz_gui_vendor:/opt/ros/jazzy/opt/gz_transport_vendor:/opt/ros/jazzy/opt/gz_rendering_vendor:/opt/ros/jazzy/opt/gz_plugin_vendor:/opt/ros/jazzy/opt/gz_fuel_tools_vendor:/opt/ros/jazzy/opt/gz_msgs_vendor:/opt/ros/jazzy/opt/gz_common_vendor:/opt/ros/jazzy/opt/gz_math_vendor:/opt/ros/jazzy/opt/gz_utils_vendor:/opt/ros/jazzy/opt/gz_tools_vendor:/opt/ros/jazzy/opt/gz_ogre_next_vendor:/opt/ros/jazzy/opt/gz_dartsim_vendor:/opt/ros/jazzy/opt/gz_cmake_vendor:/home/batoddy/ros2_ws/install/rtabmap_python:/home/batoddy/ros2_ws/install/my_robot_controller:/opt/ros/jazzy DEBUGINFOD_URLS=https://debuginfod.ubuntu.com /usr/bin/cmake --install /home/batoddy/Desktop/ros2_ws/src/mec_mobile/build/mec_mobile
[2.309s] Level 1:colcon.colcon_core.environment:create_environment_scripts_only(mec_mobile)
[2.309s] Level 1:colcon.colcon_core.environment:checking '/home/batoddy/Desktop/ros2_ws/src/mec_mobile/install/mec_mobile' for CMake module files
[2.309s] DEBUG:colcon.colcon_core.event_handler.log_command:Invoked command in '/home/batoddy/Desktop/ros2_ws/src/mec_mobile/build/mec_mobile' returned '0': AMENT_PREFIX_PATH=/home/batoddy/Desktop/ros2_ws/src/mec_mobile/install/mec_mobile_description:${AMENT_PREFIX_PATH} CMAKE_PREFIX_PATH=/home/batoddy/Desktop/ros2_ws/src/mec_mobile/install/mec_mobile_description:/home/batoddy/Desktop/ros2_ws/install/mec_mobile_gazebo:/home/batoddy/Desktop/ros2_ws/install/mec_mobile:/home/batoddy/Desktop/ros2_ws/install/mec_mobile_description:/home/batoddy/ros2_ws/install/rtabmap_conversions:/home/batoddy/ros2_ws/install/rtabmap_msgs:/opt/ros/jazzy/opt/gz_sim_vendor:/opt/ros/jazzy/opt/gz_sensors_vendor:/opt/ros/jazzy/opt/gz_physics_vendor:/opt/ros/jazzy/opt/sdformat_vendor:/opt/ros/jazzy/opt/gz_gui_vendor:/opt/ros/jazzy/opt/gz_transport_vendor:/opt/ros/jazzy/opt/gz_rendering_vendor:/opt/ros/jazzy/opt/gz_plugin_vendor:/opt/ros/jazzy/opt/gz_fuel_tools_vendor:/opt/ros/jazzy/opt/gz_msgs_vendor:/opt/ros/jazzy/opt/gz_common_vendor:/opt/ros/jazzy/opt/gz_math_vendor:/opt/ros/jazzy/opt/gz_utils_vendor:/opt/ros/jazzy/opt/gz_tools_vendor:/opt/ros/jazzy/opt/gz_ogre_next_vendor:/opt/ros/jazzy/opt/gz_dartsim_vendor:/opt/ros/jazzy/opt/gz_cmake_vendor:/home/batoddy/ros2_ws/install/rtabmap_python:/home/batoddy/ros2_ws/install/my_robot_controller:/opt/ros/jazzy DEBUGINFOD_URLS=https://debuginfod.ubuntu.com /usr/bin/cmake --install /home/batoddy/Desktop/ros2_ws/src/mec_mobile/build/mec_mobile
[2.310s] Level 1:colcon.colcon_core.environment:checking '/home/batoddy/Desktop/ros2_ws/src/mec_mobile/install/mec_mobile' for CMake config files
[2.310s] Level 1:colcon.colcon_core.shell:create_environment_hook('mec_mobile', 'cmake_prefix_path')
[2.310s] INFO:colcon.colcon_core.shell:Creating environment hook '/home/batoddy/Desktop/ros2_ws/src/mec_mobile/install/mec_mobile/share/mec_mobile/hook/cmake_prefix_path.ps1'
[2.311s] INFO:colcon.colcon_core.shell:Creating environment descriptor '/home/batoddy/Desktop/ros2_ws/src/mec_mobile/install/mec_mobile/share/mec_mobile/hook/cmake_prefix_path.dsv'
[2.311s] INFO:colcon.colcon_core.shell:Creating environment hook '/home/batoddy/Desktop/ros2_ws/src/mec_mobile/install/mec_mobile/share/mec_mobile/hook/cmake_prefix_path.sh'
[2.312s] Level 1:colcon.colcon_core.environment:checking '/home/batoddy/Desktop/ros2_ws/src/mec_mobile/install/mec_mobile/bin'
[2.312s] Level 1:colcon.colcon_core.environment:checking '/home/batoddy/Desktop/ros2_ws/src/mec_mobile/install/mec_mobile/lib/pkgconfig/mec_mobile.pc'
[2.312s] Level 1:colcon.colcon_core.environment:checking '/home/batoddy/Desktop/ros2_ws/src/mec_mobile/install/mec_mobile/lib/python3.12/site-packages'
[2.312s] Level 1:colcon.colcon_core.environment:checking '/home/batoddy/Desktop/ros2_ws/src/mec_mobile/install/mec_mobile/bin'
[2.312s] INFO:colcon.colcon_core.shell:Creating package script '/home/batoddy/Desktop/ros2_ws/src/mec_mobile/install/mec_mobile/share/mec_mobile/package.ps1'
[2.313s] INFO:colcon.colcon_core.shell:Creating package descriptor '/home/batoddy/Desktop/ros2_ws/src/mec_mobile/install/mec_mobile/share/mec_mobile/package.dsv'
[2.313s] INFO:colcon.colcon_core.shell:Creating package script '/home/batoddy/Desktop/ros2_ws/src/mec_mobile/install/mec_mobile/share/mec_mobile/package.sh'
[2.313s] INFO:colcon.colcon_core.shell:Creating package script '/home/batoddy/Desktop/ros2_ws/src/mec_mobile/install/mec_mobile/share/mec_mobile/package.bash'
[2.314s] INFO:colcon.colcon_core.shell:Creating package script '/home/batoddy/Desktop/ros2_ws/src/mec_mobile/install/mec_mobile/share/mec_mobile/package.zsh'
[2.314s] Level 1:colcon.colcon_core.environment:create_file_with_runtime_dependencies(/home/batoddy/Desktop/ros2_ws/src/mec_mobile/install/mec_mobile/share/colcon-core/packages/mec_mobile)
[2.314s] Level 1:colcon.colcon_core.environment:create_environment_scripts_only(mec_mobile)
[2.314s] Level 1:colcon.colcon_core.environment:checking '/home/batoddy/Desktop/ros2_ws/src/mec_mobile/install/mec_mobile' for CMake module files
[2.315s] Level 1:colcon.colcon_core.environment:checking '/home/batoddy/Desktop/ros2_ws/src/mec_mobile/install/mec_mobile' for CMake config files
[2.315s] Level 1:colcon.colcon_core.shell:create_environment_hook('mec_mobile', 'cmake_prefix_path')
[2.315s] INFO:colcon.colcon_core.shell:Creating environment hook '/home/batoddy/Desktop/ros2_ws/src/mec_mobile/install/mec_mobile/share/mec_mobile/hook/cmake_prefix_path.ps1'
[2.316s] INFO:colcon.colcon_core.shell:Creating environment descriptor '/home/batoddy/Desktop/ros2_ws/src/mec_mobile/install/mec_mobile/share/mec_mobile/hook/cmake_prefix_path.dsv'
[2.316s] INFO:colcon.colcon_core.shell:Creating environment hook '/home/batoddy/Desktop/ros2_ws/src/mec_mobile/install/mec_mobile/share/mec_mobile/hook/cmake_prefix_path.sh'
[2.317s] Level 1:colcon.colcon_core.environment:checking '/home/batoddy/Desktop/ros2_ws/src/mec_mobile/install/mec_mobile/bin'
[2.317s] Level 1:colcon.colcon_core.environment:checking '/home/batoddy/Desktop/ros2_ws/src/mec_mobile/install/mec_mobile/lib/pkgconfig/mec_mobile.pc'
[2.317s] Level 1:colcon.colcon_core.environment:checking '/home/batoddy/Desktop/ros2_ws/src/mec_mobile/install/mec_mobile/lib/python3.12/site-packages'
[2.317s] Level 1:colcon.colcon_core.environment:checking '/home/batoddy/Desktop/ros2_ws/src/mec_mobile/install/mec_mobile/bin'
[2.317s] INFO:colcon.colcon_core.shell:Creating package script '/home/batoddy/Desktop/ros2_ws/src/mec_mobile/install/mec_mobile/share/mec_mobile/package.ps1'
[2.318s] INFO:colcon.colcon_core.shell:Creating package descriptor '/home/batoddy/Desktop/ros2_ws/src/mec_mobile/install/mec_mobile/share/mec_mobile/package.dsv'
[2.318s] INFO:colcon.colcon_core.shell:Creating package script '/home/batoddy/Desktop/ros2_ws/src/mec_mobile/install/mec_mobile/share/mec_mobile/package.sh'
[2.319s] INFO:colcon.colcon_core.shell:Creating package script '/home/batoddy/Desktop/ros2_ws/src/mec_mobile/install/mec_mobile/share/mec_mobile/package.bash'
[2.319s] INFO:colcon.colcon_core.shell:Creating package script '/home/batoddy/Desktop/ros2_ws/src/mec_mobile/install/mec_mobile/share/mec_mobile/package.zsh'
[2.319s] Level 1:colcon.colcon_core.environment:create_file_with_runtime_dependencies(/home/batoddy/Desktop/ros2_ws/src/mec_mobile/install/mec_mobile/share/colcon-core/packages/mec_mobile)
[2.337s] Level 1:colcon.colcon_core.environment:create_environment_scripts_only(mec_mobile_gazebo)
[2.337s] Level 1:colcon.colcon_core.environment:checking '/home/batoddy/Desktop/ros2_ws/src/mec_mobile/install/mec_mobile_gazebo' for CMake module files
[2.338s] DEBUG:colcon.colcon_core.event_handler.log_command:Invoked command in '/home/batoddy/Desktop/ros2_ws/src/mec_mobile/build/mec_mobile_gazebo' returned '0': CMAKE_PREFIX_PATH=${CMAKE_PREFIX_PATH}:/home/batoddy/ros2_ws/install/rtabmap_python:/home/batoddy/ros2_ws/install/my_robot_controller:/opt/ros/jazzy DEBUGINFOD_URLS=https://debuginfod.ubuntu.com /usr/bin/cmake --install /home/batoddy/Desktop/ros2_ws/src/mec_mobile/build/mec_mobile_gazebo
[2.338s] Level 1:colcon.colcon_core.environment:checking '/home/batoddy/Desktop/ros2_ws/src/mec_mobile/install/mec_mobile_gazebo' for CMake config files
[2.339s] Level 1:colcon.colcon_core.shell:create_environment_hook('mec_mobile_gazebo', 'cmake_prefix_path')
[2.339s] INFO:colcon.colcon_core.shell:Creating environment hook '/home/batoddy/Desktop/ros2_ws/src/mec_mobile/install/mec_mobile_gazebo/share/mec_mobile_gazebo/hook/cmake_prefix_path.ps1'
[2.339s] INFO:colcon.colcon_core.shell:Creating environment descriptor '/home/batoddy/Desktop/ros2_ws/src/mec_mobile/install/mec_mobile_gazebo/share/mec_mobile_gazebo/hook/cmake_prefix_path.dsv'
[2.340s] INFO:colcon.colcon_core.shell:Creating environment hook '/home/batoddy/Desktop/ros2_ws/src/mec_mobile/install/mec_mobile_gazebo/share/mec_mobile_gazebo/hook/cmake_prefix_path.sh'
[2.340s] Level 1:colcon.colcon_core.environment:checking '/home/batoddy/Desktop/ros2_ws/src/mec_mobile/install/mec_mobile_gazebo/bin'
[2.340s] Level 1:colcon.colcon_core.environment:checking '/home/batoddy/Desktop/ros2_ws/src/mec_mobile/install/mec_mobile_gazebo/lib/pkgconfig/mec_mobile_gazebo.pc'
[2.340s] Level 1:colcon.colcon_core.environment:checking '/home/batoddy/Desktop/ros2_ws/src/mec_mobile/install/mec_mobile_gazebo/lib/python3.12/site-packages'
[2.341s] Level 1:colcon.colcon_core.environment:checking '/home/batoddy/Desktop/ros2_ws/src/mec_mobile/install/mec_mobile_gazebo/bin'
[2.341s] INFO:colcon.colcon_core.shell:Creating package script '/home/batoddy/Desktop/ros2_ws/src/mec_mobile/install/mec_mobile_gazebo/share/mec_mobile_gazebo/package.ps1'
[2.341s] INFO:colcon.colcon_core.shell:Creating package descriptor '/home/batoddy/Desktop/ros2_ws/src/mec_mobile/install/mec_mobile_gazebo/share/mec_mobile_gazebo/package.dsv'
[2.341s] INFO:colcon.colcon_core.shell:Creating package script '/home/batoddy/Desktop/ros2_ws/src/mec_mobile/install/mec_mobile_gazebo/share/mec_mobile_gazebo/package.sh'
[2.342s] INFO:colcon.colcon_core.shell:Creating package script '/home/batoddy/Desktop/ros2_ws/src/mec_mobile/install/mec_mobile_gazebo/share/mec_mobile_gazebo/package.bash'
[2.342s] INFO:colcon.colcon_core.shell:Creating package script '/home/batoddy/Desktop/ros2_ws/src/mec_mobile/install/mec_mobile_gazebo/share/mec_mobile_gazebo/package.zsh'
[2.342s] Level 1:colcon.colcon_core.environment:create_file_with_runtime_dependencies(/home/batoddy/Desktop/ros2_ws/src/mec_mobile/install/mec_mobile_gazebo/share/colcon-core/packages/mec_mobile_gazebo)
[2.343s] Level 1:colcon.colcon_core.environment:create_environment_scripts_only(mec_mobile_gazebo)
[2.343s] Level 1:colcon.colcon_core.environment:checking '/home/batoddy/Desktop/ros2_ws/src/mec_mobile/install/mec_mobile_gazebo' for CMake module files
[2.343s] Level 1:colcon.colcon_core.environment:checking '/home/batoddy/Desktop/ros2_ws/src/mec_mobile/install/mec_mobile_gazebo' for CMake config files
[2.344s] Level 1:colcon.colcon_core.shell:create_environment_hook('mec_mobile_gazebo', 'cmake_prefix_path')
[2.344s] INFO:colcon.colcon_core.shell:Creating environment hook '/home/batoddy/Desktop/ros2_ws/src/mec_mobile/install/mec_mobile_gazebo/share/mec_mobile_gazebo/hook/cmake_prefix_path.ps1'
[2.344s] INFO:colcon.colcon_core.shell:Creating environment descriptor '/home/batoddy/Desktop/ros2_ws/src/mec_mobile/install/mec_mobile_gazebo/share/mec_mobile_gazebo/hook/cmake_prefix_path.dsv'
[2.344s] INFO:colcon.colcon_core.shell:Creating environment hook '/home/batoddy/Desktop/ros2_ws/src/mec_mobile/install/mec_mobile_gazebo/share/mec_mobile_gazebo/hook/cmake_prefix_path.sh'
[2.345s] Level 1:colcon.colcon_core.environment:checking '/home/batoddy/Desktop/ros2_ws/src/mec_mobile/install/mec_mobile_gazebo/bin'
[2.345s] Level 1:colcon.colcon_core.environment:checking '/home/batoddy/Desktop/ros2_ws/src/mec_mobile/install/mec_mobile_gazebo/lib/pkgconfig/mec_mobile_gazebo.pc'
[2.345s] Level 1:colcon.colcon_core.environment:checking '/home/batoddy/Desktop/ros2_ws/src/mec_mobile/install/mec_mobile_gazebo/lib/python3.12/site-packages'
[2.345s] Level 1:colcon.colcon_core.environment:checking '/home/batoddy/Desktop/ros2_ws/src/mec_mobile/install/mec_mobile_gazebo/bin'
[2.345s] INFO:colcon.colcon_core.shell:Creating package script '/home/batoddy/Desktop/ros2_ws/src/mec_mobile/install/mec_mobile_gazebo/share/mec_mobile_gazebo/package.ps1'
[2.346s] INFO:colcon.colcon_core.shell:Creating package descriptor '/home/batoddy/Desktop/ros2_ws/src/mec_mobile/install/mec_mobile_gazebo/share/mec_mobile_gazebo/package.dsv'
[2.346s] INFO:colcon.colcon_core.shell:Creating package script '/home/batoddy/Desktop/ros2_ws/src/mec_mobile/install/mec_mobile_gazebo/share/mec_mobile_gazebo/package.sh'
[2.346s] INFO:colcon.colcon_core.shell:Creating package script '/home/batoddy/Desktop/ros2_ws/src/mec_mobile/install/mec_mobile_gazebo/share/mec_mobile_gazebo/package.bash'
[2.347s] INFO:colcon.colcon_core.shell:Creating package script '/home/batoddy/Desktop/ros2_ws/src/mec_mobile/install/mec_mobile_gazebo/share/mec_mobile_gazebo/package.zsh'
[2.347s] Level 1:colcon.colcon_core.environment:create_file_with_runtime_dependencies(/home/batoddy/Desktop/ros2_ws/src/mec_mobile/install/mec_mobile_gazebo/share/colcon-core/packages/mec_mobile_gazebo)
[2.347s] DEBUG:colcon.colcon_parallel_executor.executor.parallel:closing loop
[2.347s] DEBUG:colcon.colcon_parallel_executor.executor.parallel:loop closed
[2.347s] DEBUG:colcon.colcon_parallel_executor.executor.parallel:run_until_complete finished with '0'
[2.348s] DEBUG:colcon.colcon_core.event_reactor:joining thread
[2.354s] INFO:colcon.colcon_core.plugin_system:Skipping extension 'colcon_notification.desktop_notification.terminal_notifier': Not used on non-Darwin systems
[2.355s] INFO:colcon.colcon_core.plugin_system:Skipping extension 'colcon_notification.desktop_notification.win32': Not used on non-Windows systems
[2.355s] INFO:colcon.colcon_notification.desktop_notification:Sending desktop notification using 'notify2'
[2.370s] DEBUG:colcon.colcon_core.event_reactor:joined thread
[2.371s] INFO:colcon.colcon_core.shell:Creating prefix script '/home/batoddy/Desktop/ros2_ws/src/mec_mobile/install/local_setup.ps1'
[2.372s] INFO:colcon.colcon_core.shell:Creating prefix util module '/home/batoddy/Desktop/ros2_ws/src/mec_mobile/install/_local_setup_util_ps1.py'
[2.375s] INFO:colcon.colcon_core.shell:Creating prefix chain script '/home/batoddy/Desktop/ros2_ws/src/mec_mobile/install/setup.ps1'
[2.377s] INFO:colcon.colcon_core.shell:Creating prefix script '/home/batoddy/Desktop/ros2_ws/src/mec_mobile/install/local_setup.sh'
[2.378s] INFO:colcon.colcon_core.shell:Creating prefix util module '/home/batoddy/Desktop/ros2_ws/src/mec_mobile/install/_local_setup_util_sh.py'
[2.379s] INFO:colcon.colcon_core.shell:Creating prefix chain script '/home/batoddy/Desktop/ros2_ws/src/mec_mobile/install/setup.sh'
[2.380s] INFO:colcon.colcon_core.shell:Creating prefix script '/home/batoddy/Desktop/ros2_ws/src/mec_mobile/install/local_setup.bash'
[2.381s] INFO:colcon.colcon_core.shell:Creating prefix chain script '/home/batoddy/Desktop/ros2_ws/src/mec_mobile/install/setup.bash'
[2.382s] INFO:colcon.colcon_core.shell:Creating prefix script '/home/batoddy/Desktop/ros2_ws/src/mec_mobile/install/local_setup.zsh'
[2.383s] INFO:colcon.colcon_core.shell:Creating prefix chain script '/home/batoddy/Desktop/ros2_ws/src/mec_mobile/install/setup.zsh'
