[0.013s] Invoking command in '/home/batoddy/Desktop/ros2_ws/src/mec_mobile/build/mec_mobile_navigation': CMAKE_PREFIX_PATH=${CMAKE_PREFIX_PATH}:/home/batoddy/ros2_ws/install/rtabmap_python:/home/batoddy/ros2_ws/install/my_robot_controller:/opt/ros/jazzy DEBUGINFOD_URLS=https://debuginfod.ubuntu.com /usr/bin/cmake /home/batoddy/Desktop/ros2_ws/src/mec_mobile/mec_mobile_navigation -DCMAKE_INSTALL_PREFIX=/home/batoddy/Desktop/ros2_ws/src/mec_mobile/install/mec_mobile_navigation
[0.133s] -- The C compiler identification is GNU 13.3.0
[0.237s] -- The CXX compiler identification is GNU 13.3.0
[0.262s] -- Detecting C compiler ABI info
[0.371s] -- Detecting C compiler ABI info - done
[0.383s] -- Check for working C compiler: /usr/bin/cc - skipped
[0.385s] -- Detecting C compile features
[0.385s] -- Detecting C compile features - done
[0.399s] -- Detecting CXX compiler ABI info
[0.542s] -- Detecting CXX compiler ABI info - done
[0.555s] -- Check for working CXX compiler: /usr/bin/c++ - skipped
[0.556s] -- Detecting CXX compile features
[0.556s] -- Detecting CXX compile features - done
[0.573s] -- Found ament_cmake: 2.5.4 (/opt/ros/jazzy/share/ament_cmake/cmake)
[0.767s] -- Found Python3: /usr/bin/python3 (found version "3.12.3") found components: Interpreter 
[0.930s] -- Found ament_lint_auto: 0.17.2 (/opt/ros/jazzy/share/ament_lint_auto/cmake)
[1.071s] -- Added test 'flake8' to check Python code syntax and style conventions
[1.072s] -- Configured 'flake8' exclude dirs and/or files: 
[1.073s] -- Added test 'lint_cmake' to check CMake code style
[1.074s] -- Added test 'pep257' to check Python code against some of the docstring style conventions in PEP 257
[1.077s] -- Added test 'xmllint' to check XML markup files
[1.080s] -- Configuring done (1.1s)
[1.085s] -- Generating done (0.0s)
[1.088s] -- Build files have been written to: /home/batoddy/Desktop/ros2_ws/src/mec_mobile/build/mec_mobile_navigation
[1.093s] Invoked command in '/home/batoddy/Desktop/ros2_ws/src/mec_mobile/build/mec_mobile_navigation' returned '0': CMAKE_PREFIX_PATH=${CMAKE_PREFIX_PATH}:/home/batoddy/ros2_ws/install/rtabmap_python:/home/batoddy/ros2_ws/install/my_robot_controller:/opt/ros/jazzy DEBUGINFOD_URLS=https://debuginfod.ubuntu.com /usr/bin/cmake /home/batoddy/Desktop/ros2_ws/src/mec_mobile/mec_mobile_navigation -DCMAKE_INSTALL_PREFIX=/home/batoddy/Desktop/ros2_ws/src/mec_mobile/install/mec_mobile_navigation
[1.095s] Invoking command in '/home/batoddy/Desktop/ros2_ws/src/mec_mobile/build/mec_mobile_navigation': CMAKE_PREFIX_PATH=${CMAKE_PREFIX_PATH}:/home/batoddy/ros2_ws/install/rtabmap_python:/home/batoddy/ros2_ws/install/my_robot_controller:/opt/ros/jazzy DEBUGINFOD_URLS=https://debuginfod.ubuntu.com /usr/bin/cmake --build /home/batoddy/Desktop/ros2_ws/src/mec_mobile/build/mec_mobile_navigation -- -j8 -l8
[1.143s] Invoked command in '/home/batoddy/Desktop/ros2_ws/src/mec_mobile/build/mec_mobile_navigation' returned '0': CMAKE_PREFIX_PATH=${CMAKE_PREFIX_PATH}:/home/batoddy/ros2_ws/install/rtabmap_python:/home/batoddy/ros2_ws/install/my_robot_controller:/opt/ros/jazzy DEBUGINFOD_URLS=https://debuginfod.ubuntu.com /usr/bin/cmake --build /home/batoddy/Desktop/ros2_ws/src/mec_mobile/build/mec_mobile_navigation -- -j8 -l8
[1.145s] Invoking command in '/home/batoddy/Desktop/ros2_ws/src/mec_mobile/build/mec_mobile_navigation': CMAKE_PREFIX_PATH=${CMAKE_PREFIX_PATH}:/home/batoddy/ros2_ws/install/rtabmap_python:/home/batoddy/ros2_ws/install/my_robot_controller:/opt/ros/jazzy DEBUGINFOD_URLS=https://debuginfod.ubuntu.com /usr/bin/cmake --install /home/batoddy/Desktop/ros2_ws/src/mec_mobile/build/mec_mobile_navigation
[1.153s] -- Install configuration: ""
[1.153s] -- Installing: /home/batoddy/Desktop/ros2_ws/src/mec_mobile/install/mec_mobile_navigation/share/mec_mobile_navigation/launch
[1.154s] -- Installing: /home/batoddy/Desktop/ros2_ws/src/mec_mobile/install/mec_mobile_navigation/share/mec_mobile_navigation/config
[1.154s] -- Installing: /home/batoddy/Desktop/ros2_ws/src/mec_mobile/install/mec_mobile_navigation/share/mec_mobile_navigation/config/ekf.yaml
[1.154s] -- Installing: /home/batoddy/Desktop/ros2_ws/src/mec_mobile/install/mec_mobile_navigation/share/ament_index/resource_index/package_run_dependencies/mec_mobile_navigation
[1.154s] -- Installing: /home/batoddy/Desktop/ros2_ws/src/mec_mobile/install/mec_mobile_navigation/share/ament_index/resource_index/parent_prefix_path/mec_mobile_navigation
[1.154s] -- Installing: /home/batoddy/Desktop/ros2_ws/src/mec_mobile/install/mec_mobile_navigation/share/mec_mobile_navigation/environment/ament_prefix_path.sh
[1.154s] -- Installing: /home/batoddy/Desktop/ros2_ws/src/mec_mobile/install/mec_mobile_navigation/share/mec_mobile_navigation/environment/ament_prefix_path.dsv
[1.155s] -- Installing: /home/batoddy/Desktop/ros2_ws/src/mec_mobile/install/mec_mobile_navigation/share/mec_mobile_navigation/environment/path.sh
[1.155s] -- Installing: /home/batoddy/Desktop/ros2_ws/src/mec_mobile/install/mec_mobile_navigation/share/mec_mobile_navigation/environment/path.dsv
[1.155s] -- Installing: /home/batoddy/Desktop/ros2_ws/src/mec_mobile/install/mec_mobile_navigation/share/mec_mobile_navigation/local_setup.bash
[1.155s] -- Installing: /home/batoddy/Desktop/ros2_ws/src/mec_mobile/install/mec_mobile_navigation/share/mec_mobile_navigation/local_setup.sh
[1.155s] -- Installing: /home/batoddy/Desktop/ros2_ws/src/mec_mobile/install/mec_mobile_navigation/share/mec_mobile_navigation/local_setup.zsh
[1.155s] -- Installing: /home/batoddy/Desktop/ros2_ws/src/mec_mobile/install/mec_mobile_navigation/share/mec_mobile_navigation/local_setup.dsv
[1.155s] -- Installing: /home/batoddy/Desktop/ros2_ws/src/mec_mobile/install/mec_mobile_navigation/share/mec_mobile_navigation/package.dsv
[1.155s] -- Installing: /home/batoddy/Desktop/ros2_ws/src/mec_mobile/install/mec_mobile_navigation/share/ament_index/resource_index/packages/mec_mobile_navigation
[1.156s] -- Installing: /home/batoddy/Desktop/ros2_ws/src/mec_mobile/install/mec_mobile_navigation/share/mec_mobile_navigation/cmake/mec_mobile_navigationConfig.cmake
[1.156s] -- Installing: /home/batoddy/Desktop/ros2_ws/src/mec_mobile/install/mec_mobile_navigation/share/mec_mobile_navigation/cmake/mec_mobile_navigationConfig-version.cmake
[1.156s] -- Installing: /home/batoddy/Desktop/ros2_ws/src/mec_mobile/install/mec_mobile_navigation/share/mec_mobile_navigation/package.xml
[1.158s] Invoked command in '/home/batoddy/Desktop/ros2_ws/src/mec_mobile/build/mec_mobile_navigation' returned '0': CMAKE_PREFIX_PATH=${CMAKE_PREFIX_PATH}:/home/batoddy/ros2_ws/install/rtabmap_python:/home/batoddy/ros2_ws/install/my_robot_controller:/opt/ros/jazzy DEBUGINFOD_URLS=https://debuginfod.ubuntu.com /usr/bin/cmake --install /home/batoddy/Desktop/ros2_ws/src/mec_mobile/build/mec_mobile_navigation
