[0.024s] Invoking command in '/home/batoddy/Desktop/ros2_ws/build/mec_mobile_description': CMAKE_PREFIX_PATH=${CMAKE_PREFIX_PATH}:/home/batoddy/ros2_ws/install/rtabmap_python:/home/batoddy/ros2_ws/install/my_robot_controller:/opt/ros/jazzy DEBUGINFOD_URLS=https://debuginfod.ubuntu.com /usr/bin/cmake --build /home/batoddy/Desktop/ros2_ws/build/mec_mobile_description -- -j8 -l8
[0.093s] Invoked command in '/home/batoddy/Desktop/ros2_ws/build/mec_mobile_description' returned '0': CMAKE_PREFIX_PATH=${CMAKE_PREFIX_PATH}:/home/batoddy/ros2_ws/install/rtabmap_python:/home/batoddy/ros2_ws/install/my_robot_controller:/opt/ros/jazzy DEBUGINFOD_URLS=https://debuginfod.ubuntu.com /usr/bin/cmake --build /home/batoddy/Desktop/ros2_ws/build/mec_mobile_description -- -j8 -l8
[0.110s] Invoking command in '/home/batoddy/Desktop/ros2_ws/build/mec_mobile_description': CMAKE_PREFIX_PATH=${CMAKE_PREFIX_PATH}:/home/batoddy/ros2_ws/install/rtabmap_python:/home/batoddy/ros2_ws/install/my_robot_controller:/opt/ros/jazzy DEBUGINFOD_URLS=https://debuginfod.ubuntu.com /usr/bin/cmake --install /home/batoddy/Desktop/ros2_ws/build/mec_mobile_description
[0.125s] -- Install configuration: ""
[0.126s] -- Up-to-date: /home/batoddy/Desktop/ros2_ws/install/mec_mobile_description/share/mec_mobile_description/meshes
[0.126s] -- Up-to-date: /home/batoddy/Desktop/ros2_ws/install/mec_mobile_description/share/mec_mobile_description/meshes/intel_realsense
[0.126s] -- Up-to-date: /home/batoddy/Desktop/ros2_ws/install/mec_mobile_description/share/mec_mobile_description/meshes/intel_realsense/visual
[0.126s] -- Up-to-date: /home/batoddy/Desktop/ros2_ws/install/mec_mobile_description/share/mec_mobile_description/meshes/intel_realsense/visual/d435.stl
[0.127s] -- Up-to-date: /home/batoddy/Desktop/ros2_ws/install/mec_mobile_description/share/mec_mobile_description/meshes/rplidar
[0.127s] -- Up-to-date: /home/batoddy/Desktop/ros2_ws/install/mec_mobile_description/share/mec_mobile_description/meshes/rplidar/rplidar_s2.stl
[0.127s] -- Up-to-date: /home/batoddy/Desktop/ros2_ws/install/mec_mobile_description/share/mec_mobile_description/meshes/robot_3d
[0.127s] -- Up-to-date: /home/batoddy/Desktop/ros2_ws/install/mec_mobile_description/share/mec_mobile_description/meshes/robot_3d/visual
[0.128s] -- Up-to-date: /home/batoddy/Desktop/ros2_ws/install/mec_mobile_description/share/mec_mobile_description/meshes/robot_3d/visual/camera_link.STL
[0.128s] -- Up-to-date: /home/batoddy/Desktop/ros2_ws/install/mec_mobile_description/share/mec_mobile_description/meshes/robot_3d/visual/laser_link.STL
[0.128s] -- Up-to-date: /home/batoddy/Desktop/ros2_ws/install/mec_mobile_description/share/mec_mobile_description/meshes/robot_3d/visual/back_left_wheel_X3.STL
[0.128s] -- Up-to-date: /home/batoddy/Desktop/ros2_ws/install/mec_mobile_description/share/mec_mobile_description/meshes/robot_3d/visual/front_right_wheel_X3.STL
[0.128s] -- Up-to-date: /home/batoddy/Desktop/ros2_ws/install/mec_mobile_description/share/mec_mobile_description/meshes/robot_3d/visual/base_link_X3.STL
[0.129s] -- Up-to-date: /home/batoddy/Desktop/ros2_ws/install/mec_mobile_description/share/mec_mobile_description/meshes/robot_3d/visual/front_left_wheel_X3.STL
[0.129s] -- Up-to-date: /home/batoddy/Desktop/ros2_ws/install/mec_mobile_description/share/mec_mobile_description/meshes/robot_3d/visual/back_right_wheel_X3.STL
[0.129s] -- Up-to-date: /home/batoddy/Desktop/ros2_ws/install/mec_mobile_description/share/mec_mobile_description/urdf
[0.129s] -- Up-to-date: /home/batoddy/Desktop/ros2_ws/install/mec_mobile_description/share/mec_mobile_description/urdf/control
[0.129s] -- Up-to-date: /home/batoddy/Desktop/ros2_ws/install/mec_mobile_description/share/mec_mobile_description/urdf/control/mec_mobile.gazebo
[0.129s] -- Up-to-date: /home/batoddy/Desktop/ros2_ws/install/mec_mobile_description/share/mec_mobile_description/urdf/robots
[0.129s] -- Up-to-date: /home/batoddy/Desktop/ros2_ws/install/mec_mobile_description/share/mec_mobile_description/urdf/robots/robot_3d.urdf.xacro
[0.130s] -- Up-to-date: /home/batoddy/Desktop/ros2_ws/install/mec_mobile_description/share/mec_mobile_description/urdf/sensors
[0.130s] -- Up-to-date: /home/batoddy/Desktop/ros2_ws/install/mec_mobile_description/share/mec_mobile_description/urdf/sensors/imu.urdf.xacro
[0.130s] -- Up-to-date: /home/batoddy/Desktop/ros2_ws/install/mec_mobile_description/share/mec_mobile_description/urdf/sensors/rgbd_camera.urdf.xacro
[0.130s] -- Up-to-date: /home/batoddy/Desktop/ros2_ws/install/mec_mobile_description/share/mec_mobile_description/urdf/sensors/lidar.urdf.xacro
[0.131s] -- Up-to-date: /home/batoddy/Desktop/ros2_ws/install/mec_mobile_description/share/mec_mobile_description/urdf/mech
[0.133s] -- Up-to-date: /home/batoddy/Desktop/ros2_ws/install/mec_mobile_description/share/mec_mobile_description/urdf/mech/robot_3d_base.urdf.xacro
[0.134s] -- Up-to-date: /home/batoddy/Desktop/ros2_ws/install/mec_mobile_description/share/mec_mobile_description/urdf/mech/mecanum_wheel.urdf.xacro
[0.134s] -- Up-to-date: /home/batoddy/Desktop/ros2_ws/install/mec_mobile_description/share/ament_index/resource_index/package_run_dependencies/mec_mobile_description
[0.134s] -- Up-to-date: /home/batoddy/Desktop/ros2_ws/install/mec_mobile_description/share/ament_index/resource_index/parent_prefix_path/mec_mobile_description
[0.135s] -- Up-to-date: /home/batoddy/Desktop/ros2_ws/install/mec_mobile_description/share/mec_mobile_description/environment/ament_prefix_path.sh
[0.135s] -- Up-to-date: /home/batoddy/Desktop/ros2_ws/install/mec_mobile_description/share/mec_mobile_description/environment/ament_prefix_path.dsv
[0.135s] -- Up-to-date: /home/batoddy/Desktop/ros2_ws/install/mec_mobile_description/share/mec_mobile_description/environment/path.sh
[0.135s] -- Up-to-date: /home/batoddy/Desktop/ros2_ws/install/mec_mobile_description/share/mec_mobile_description/environment/path.dsv
[0.136s] -- Up-to-date: /home/batoddy/Desktop/ros2_ws/install/mec_mobile_description/share/mec_mobile_description/local_setup.bash
[0.136s] -- Up-to-date: /home/batoddy/Desktop/ros2_ws/install/mec_mobile_description/share/mec_mobile_description/local_setup.sh
[0.137s] -- Up-to-date: /home/batoddy/Desktop/ros2_ws/install/mec_mobile_description/share/mec_mobile_description/local_setup.zsh
[0.137s] -- Up-to-date: /home/batoddy/Desktop/ros2_ws/install/mec_mobile_description/share/mec_mobile_description/local_setup.dsv
[0.137s] -- Installing: /home/batoddy/Desktop/ros2_ws/install/mec_mobile_description/share/mec_mobile_description/package.dsv
[0.137s] -- Up-to-date: /home/batoddy/Desktop/ros2_ws/install/mec_mobile_description/share/ament_index/resource_index/packages/mec_mobile_description
[0.138s] -- Up-to-date: /home/batoddy/Desktop/ros2_ws/install/mec_mobile_description/share/mec_mobile_description/cmake/mec_mobile_descriptionConfig.cmake
[0.138s] -- Up-to-date: /home/batoddy/Desktop/ros2_ws/install/mec_mobile_description/share/mec_mobile_description/cmake/mec_mobile_descriptionConfig-version.cmake
[0.138s] -- Up-to-date: /home/batoddy/Desktop/ros2_ws/install/mec_mobile_description/share/mec_mobile_description/package.xml
[0.144s] Invoked command in '/home/batoddy/Desktop/ros2_ws/build/mec_mobile_description' returned '0': CMAKE_PREFIX_PATH=${CMAKE_PREFIX_PATH}:/home/batoddy/ros2_ws/install/rtabmap_python:/home/batoddy/ros2_ws/install/my_robot_controller:/opt/ros/jazzy DEBUGINFOD_URLS=https://debuginfod.ubuntu.com /usr/bin/cmake --install /home/batoddy/Desktop/ros2_ws/build/mec_mobile_description
