[0.009s] Invoking command in '/home/batoddy/Desktop/ros2_ws/build/mec_mobile_description': CMAKE_PREFIX_PATH=${CMAKE_PREFIX_PATH}:/home/batoddy/ros2_ws/install/rtabmap_python:/home/batoddy/ros2_ws/install/my_robot_controller:/opt/ros/jazzy DEBUGINFOD_URLS=https://debuginfod.ubuntu.com /usr/bin/cmake /home/batoddy/Desktop/ros2_ws/src/mec_mobile/mec_mobile_description -DCMAKE_INSTALL_PREFIX=/home/batoddy/Desktop/ros2_ws/install/mec_mobile_description
[0.127s] -- The C compiler identification is GNU 13.3.0
[0.229s] -- The CXX compiler identification is GNU 13.3.0
[0.245s] -- Detecting C compiler ABI info
[0.343s] -- Detecting C compiler ABI info - done
[0.352s] -- Check for working C compiler: /usr/bin/cc - skipped
[0.352s] -- Detecting C compile features
[0.353s] -- Detecting C compile features - done
[0.361s] -- Detecting CXX compiler ABI info
[0.448s] -- Detecting CXX compiler ABI info - done
[0.457s] -- Check for working CXX compiler: /usr/bin/c++ - skipped
[0.457s] -- Detecting CXX compile features
[0.457s] -- Detecting CXX compile features - done
[0.468s] -- Found ament_cmake: 2.5.4 (/opt/ros/jazzy/share/ament_cmake/cmake)
[0.592s] -- Found Python3: /usr/bin/python3 (found version "3.12.3") found components: Interpreter 
[0.704s] [31mCMake Error at CMakeLists.txt:10 (find_package):
[0.704s]   By not providing "Findurdf_tutorial.cmake" in CMAKE_MODULE_PATH this
[0.704s]   project has asked CMake to find a package configuration file provided by
[0.704s]   "urdf_tutorial", but CMake did not find one.
[0.704s] 
[0.704s]   Could not find a package configuration file provided by "urdf_tutorial"
[0.704s]   with any of the following names:
[0.704s] 
[0.704s]     urdf_tutorialConfig.cmake
[0.704s]     urdf_tutorial-config.cmake
[0.704s] 
[0.704s]   Add the installation prefix of "urdf_tutorial" to CMAKE_PREFIX_PATH or set
[0.705s]   "urdf_tutorial_DIR" to a directory containing one of the above files.  If
[0.705s]   "urdf_tutorial" provides a separate development package or SDK, be sure it
[0.705s]   has been installed.
[0.705s] 
[0.705s] [0m
[0.705s] -- Configuring incomplete, errors occurred!
[0.709s] Invoked command in '/home/batoddy/Desktop/ros2_ws/build/mec_mobile_description' returned '1': CMAKE_PREFIX_PATH=${CMAKE_PREFIX_PATH}:/home/batoddy/ros2_ws/install/rtabmap_python:/home/batoddy/ros2_ws/install/my_robot_controller:/opt/ros/jazzy DEBUGINFOD_URLS=https://debuginfod.ubuntu.com /usr/bin/cmake /home/batoddy/Desktop/ros2_ws/src/mec_mobile/mec_mobile_description -DCMAKE_INSTALL_PREFIX=/home/batoddy/Desktop/ros2_ws/install/mec_mobile_description
