[0.007s] Invoking command in '/home/batoddy/Desktop/ros2_ws/build/mec_mobile': AMENT_PREFIX_PATH=/home/batoddy/Desktop/ros2_ws/install/mec_mobile_description:${AMENT_PREFIX_PATH} CMAKE_PREFIX_PATH=/home/batoddy/Desktop/ros2_ws/install/mec_mobile_description:/home/batoddy/ros2_ws/install/rtabmap_conversions:/home/batoddy/ros2_ws/install/rtabmap_msgs:/opt/ros/jazzy/opt/gz_sim_vendor:/opt/ros/jazzy/opt/gz_sensors_vendor:/opt/ros/jazzy/opt/gz_physics_vendor:/opt/ros/jazzy/opt/sdformat_vendor:/opt/ros/jazzy/opt/gz_gui_vendor:/opt/ros/jazzy/opt/gz_transport_vendor:/opt/ros/jazzy/opt/gz_rendering_vendor:/opt/ros/jazzy/opt/gz_plugin_vendor:/opt/ros/jazzy/opt/gz_fuel_tools_vendor:/opt/ros/jazzy/opt/gz_msgs_vendor:/opt/ros/jazzy/opt/gz_common_vendor:/opt/ros/jazzy/opt/gz_math_vendor:/opt/ros/jazzy/opt/gz_utils_vendor:/opt/ros/jazzy/opt/gz_tools_vendor:/opt/ros/jazzy/opt/gz_ogre_next_vendor:/opt/ros/jazzy/opt/gz_dartsim_vendor:/opt/ros/jazzy/opt/gz_cmake_vendor:/home/batoddy/ros2_ws/install/rtabmap_python:/home/batoddy/ros2_ws/install/my_robot_controller:/opt/ros/jazzy DEBUGINFOD_URLS=https://debuginfod.ubuntu.com /usr/bin/cmake /home/batoddy/Desktop/ros2_ws/src/mec_mobile/mec_mobile -DCMAKE_INSTALL_PREFIX=/home/batoddy/Desktop/ros2_ws/install/mec_mobile
[0.053s] -- The C compiler identification is GNU 13.3.0
[0.100s] -- The CXX compiler identification is GNU 13.3.0
[0.113s] -- Detecting C compiler ABI info
[0.185s] -- Detecting C compiler ABI info - done
[0.192s] -- Check for working C compiler: /usr/bin/cc - skipped
[0.192s] -- Detecting C compile features
[0.193s] -- Detecting C compile features - done
[0.201s] -- Detecting CXX compiler ABI info
[0.292s] -- Detecting CXX compiler ABI info - done
[0.300s] -- Check for working CXX compiler: /usr/bin/c++ - skipped
[0.300s] -- Detecting CXX compile features
[0.301s] -- Detecting CXX compile features - done
[0.304s] -- Found ament_cmake: 2.5.4 (/opt/ros/jazzy/share/ament_cmake/cmake)
[0.435s] -- Found Python3: /usr/bin/python3 (found version "3.12.3") found components: Interpreter 
[0.525s] -- Found ament_lint_auto: 0.17.2 (/opt/ros/jazzy/share/ament_lint_auto/cmake)
[0.613s] -- Added test 'lint_cmake' to check CMake code style
[0.614s] -- Added test 'xmllint' to check XML markup files
[0.615s] -- Configuring done (0.6s)
[0.617s] -- Generating done (0.0s)
[0.618s] -- Build files have been written to: /home/batoddy/Desktop/ros2_ws/build/mec_mobile
[0.622s] Invoked command in '/home/batoddy/Desktop/ros2_ws/build/mec_mobile' returned '0': AMENT_PREFIX_PATH=/home/batoddy/Desktop/ros2_ws/install/mec_mobile_description:${AMENT_PREFIX_PATH} CMAKE_PREFIX_PATH=/home/batoddy/Desktop/ros2_ws/install/mec_mobile_description:/home/batoddy/ros2_ws/install/rtabmap_conversions:/home/batoddy/ros2_ws/install/rtabmap_msgs:/opt/ros/jazzy/opt/gz_sim_vendor:/opt/ros/jazzy/opt/gz_sensors_vendor:/opt/ros/jazzy/opt/gz_physics_vendor:/opt/ros/jazzy/opt/sdformat_vendor:/opt/ros/jazzy/opt/gz_gui_vendor:/opt/ros/jazzy/opt/gz_transport_vendor:/opt/ros/jazzy/opt/gz_rendering_vendor:/opt/ros/jazzy/opt/gz_plugin_vendor:/opt/ros/jazzy/opt/gz_fuel_tools_vendor:/opt/ros/jazzy/opt/gz_msgs_vendor:/opt/ros/jazzy/opt/gz_common_vendor:/opt/ros/jazzy/opt/gz_math_vendor:/opt/ros/jazzy/opt/gz_utils_vendor:/opt/ros/jazzy/opt/gz_tools_vendor:/opt/ros/jazzy/opt/gz_ogre_next_vendor:/opt/ros/jazzy/opt/gz_dartsim_vendor:/opt/ros/jazzy/opt/gz_cmake_vendor:/home/batoddy/ros2_ws/install/rtabmap_python:/home/batoddy/ros2_ws/install/my_robot_controller:/opt/ros/jazzy DEBUGINFOD_URLS=https://debuginfod.ubuntu.com /usr/bin/cmake /home/batoddy/Desktop/ros2_ws/src/mec_mobile/mec_mobile -DCMAKE_INSTALL_PREFIX=/home/batoddy/Desktop/ros2_ws/install/mec_mobile
[0.623s] Invoking command in '/home/batoddy/Desktop/ros2_ws/build/mec_mobile': AMENT_PREFIX_PATH=/home/batoddy/Desktop/ros2_ws/install/mec_mobile_description:${AMENT_PREFIX_PATH} CMAKE_PREFIX_PATH=/home/batoddy/Desktop/ros2_ws/install/mec_mobile_description:/home/batoddy/ros2_ws/install/rtabmap_conversions:/home/batoddy/ros2_ws/install/rtabmap_msgs:/opt/ros/jazzy/opt/gz_sim_vendor:/opt/ros/jazzy/opt/gz_sensors_vendor:/opt/ros/jazzy/opt/gz_physics_vendor:/opt/ros/jazzy/opt/sdformat_vendor:/opt/ros/jazzy/opt/gz_gui_vendor:/opt/ros/jazzy/opt/gz_transport_vendor:/opt/ros/jazzy/opt/gz_rendering_vendor:/opt/ros/jazzy/opt/gz_plugin_vendor:/opt/ros/jazzy/opt/gz_fuel_tools_vendor:/opt/ros/jazzy/opt/gz_msgs_vendor:/opt/ros/jazzy/opt/gz_common_vendor:/opt/ros/jazzy/opt/gz_math_vendor:/opt/ros/jazzy/opt/gz_utils_vendor:/opt/ros/jazzy/opt/gz_tools_vendor:/opt/ros/jazzy/opt/gz_ogre_next_vendor:/opt/ros/jazzy/opt/gz_dartsim_vendor:/opt/ros/jazzy/opt/gz_cmake_vendor:/home/batoddy/ros2_ws/install/rtabmap_python:/home/batoddy/ros2_ws/install/my_robot_controller:/opt/ros/jazzy DEBUGINFOD_URLS=https://debuginfod.ubuntu.com /usr/bin/cmake --build /home/batoddy/Desktop/ros2_ws/build/mec_mobile -- -j8 -l8
[0.658s] Invoked command in '/home/batoddy/Desktop/ros2_ws/build/mec_mobile' returned '0': AMENT_PREFIX_PATH=/home/batoddy/Desktop/ros2_ws/install/mec_mobile_description:${AMENT_PREFIX_PATH} CMAKE_PREFIX_PATH=/home/batoddy/Desktop/ros2_ws/install/mec_mobile_description:/home/batoddy/ros2_ws/install/rtabmap_conversions:/home/batoddy/ros2_ws/install/rtabmap_msgs:/opt/ros/jazzy/opt/gz_sim_vendor:/opt/ros/jazzy/opt/gz_sensors_vendor:/opt/ros/jazzy/opt/gz_physics_vendor:/opt/ros/jazzy/opt/sdformat_vendor:/opt/ros/jazzy/opt/gz_gui_vendor:/opt/ros/jazzy/opt/gz_transport_vendor:/opt/ros/jazzy/opt/gz_rendering_vendor:/opt/ros/jazzy/opt/gz_plugin_vendor:/opt/ros/jazzy/opt/gz_fuel_tools_vendor:/opt/ros/jazzy/opt/gz_msgs_vendor:/opt/ros/jazzy/opt/gz_common_vendor:/opt/ros/jazzy/opt/gz_math_vendor:/opt/ros/jazzy/opt/gz_utils_vendor:/opt/ros/jazzy/opt/gz_tools_vendor:/opt/ros/jazzy/opt/gz_ogre_next_vendor:/opt/ros/jazzy/opt/gz_dartsim_vendor:/opt/ros/jazzy/opt/gz_cmake_vendor:/home/batoddy/ros2_ws/install/rtabmap_python:/home/batoddy/ros2_ws/install/my_robot_controller:/opt/ros/jazzy DEBUGINFOD_URLS=https://debuginfod.ubuntu.com /usr/bin/cmake --build /home/batoddy/Desktop/ros2_ws/build/mec_mobile -- -j8 -l8
[0.659s] Invoking command in '/home/batoddy/Desktop/ros2_ws/build/mec_mobile': AMENT_PREFIX_PATH=/home/batoddy/Desktop/ros2_ws/install/mec_mobile_description:${AMENT_PREFIX_PATH} CMAKE_PREFIX_PATH=/home/batoddy/Desktop/ros2_ws/install/mec_mobile_description:/home/batoddy/ros2_ws/install/rtabmap_conversions:/home/batoddy/ros2_ws/install/rtabmap_msgs:/opt/ros/jazzy/opt/gz_sim_vendor:/opt/ros/jazzy/opt/gz_sensors_vendor:/opt/ros/jazzy/opt/gz_physics_vendor:/opt/ros/jazzy/opt/sdformat_vendor:/opt/ros/jazzy/opt/gz_gui_vendor:/opt/ros/jazzy/opt/gz_transport_vendor:/opt/ros/jazzy/opt/gz_rendering_vendor:/opt/ros/jazzy/opt/gz_plugin_vendor:/opt/ros/jazzy/opt/gz_fuel_tools_vendor:/opt/ros/jazzy/opt/gz_msgs_vendor:/opt/ros/jazzy/opt/gz_common_vendor:/opt/ros/jazzy/opt/gz_math_vendor:/opt/ros/jazzy/opt/gz_utils_vendor:/opt/ros/jazzy/opt/gz_tools_vendor:/opt/ros/jazzy/opt/gz_ogre_next_vendor:/opt/ros/jazzy/opt/gz_dartsim_vendor:/opt/ros/jazzy/opt/gz_cmake_vendor:/home/batoddy/ros2_ws/install/rtabmap_python:/home/batoddy/ros2_ws/install/my_robot_controller:/opt/ros/jazzy DEBUGINFOD_URLS=https://debuginfod.ubuntu.com /usr/bin/cmake --install /home/batoddy/Desktop/ros2_ws/build/mec_mobile
[0.665s] -- Install configuration: ""
[0.666s] -- Installing: /home/batoddy/Desktop/ros2_ws/install/mec_mobile/share/ament_index/resource_index/package_run_dependencies/mec_mobile
[0.666s] -- Installing: /home/batoddy/Desktop/ros2_ws/install/mec_mobile/share/ament_index/resource_index/parent_prefix_path/mec_mobile
[0.666s] -- Installing: /home/batoddy/Desktop/ros2_ws/install/mec_mobile/share/mec_mobile/environment/ament_prefix_path.sh
[0.666s] -- Installing: /home/batoddy/Desktop/ros2_ws/install/mec_mobile/share/mec_mobile/environment/ament_prefix_path.dsv
[0.666s] -- Installing: /home/batoddy/Desktop/ros2_ws/install/mec_mobile/share/mec_mobile/environment/path.sh
[0.666s] -- Installing: /home/batoddy/Desktop/ros2_ws/install/mec_mobile/share/mec_mobile/environment/path.dsv
[0.667s] -- Installing: /home/batoddy/Desktop/ros2_ws/install/mec_mobile/share/mec_mobile/local_setup.bash
[0.667s] -- Installing: /home/batoddy/Desktop/ros2_ws/install/mec_mobile/share/mec_mobile/local_setup.sh
[0.667s] -- Installing: /home/batoddy/Desktop/ros2_ws/install/mec_mobile/share/mec_mobile/local_setup.zsh
[0.667s] -- Installing: /home/batoddy/Desktop/ros2_ws/install/mec_mobile/share/mec_mobile/local_setup.dsv
[0.667s] -- Installing: /home/batoddy/Desktop/ros2_ws/install/mec_mobile/share/mec_mobile/package.dsv
[0.667s] -- Installing: /home/batoddy/Desktop/ros2_ws/install/mec_mobile/share/ament_index/resource_index/packages/mec_mobile
[0.667s] -- Installing: /home/batoddy/Desktop/ros2_ws/install/mec_mobile/share/mec_mobile/cmake/mec_mobileConfig.cmake
[0.667s] -- Installing: /home/batoddy/Desktop/ros2_ws/install/mec_mobile/share/mec_mobile/cmake/mec_mobileConfig-version.cmake
[0.667s] -- Installing: /home/batoddy/Desktop/ros2_ws/install/mec_mobile/share/mec_mobile/package.xml
[0.669s] Invoked command in '/home/batoddy/Desktop/ros2_ws/build/mec_mobile' returned '0': AMENT_PREFIX_PATH=/home/batoddy/Desktop/ros2_ws/install/mec_mobile_description:${AMENT_PREFIX_PATH} CMAKE_PREFIX_PATH=/home/batoddy/Desktop/ros2_ws/install/mec_mobile_description:/home/batoddy/ros2_ws/install/rtabmap_conversions:/home/batoddy/ros2_ws/install/rtabmap_msgs:/opt/ros/jazzy/opt/gz_sim_vendor:/opt/ros/jazzy/opt/gz_sensors_vendor:/opt/ros/jazzy/opt/gz_physics_vendor:/opt/ros/jazzy/opt/sdformat_vendor:/opt/ros/jazzy/opt/gz_gui_vendor:/opt/ros/jazzy/opt/gz_transport_vendor:/opt/ros/jazzy/opt/gz_rendering_vendor:/opt/ros/jazzy/opt/gz_plugin_vendor:/opt/ros/jazzy/opt/gz_fuel_tools_vendor:/opt/ros/jazzy/opt/gz_msgs_vendor:/opt/ros/jazzy/opt/gz_common_vendor:/opt/ros/jazzy/opt/gz_math_vendor:/opt/ros/jazzy/opt/gz_utils_vendor:/opt/ros/jazzy/opt/gz_tools_vendor:/opt/ros/jazzy/opt/gz_ogre_next_vendor:/opt/ros/jazzy/opt/gz_dartsim_vendor:/opt/ros/jazzy/opt/gz_cmake_vendor:/home/batoddy/ros2_ws/install/rtabmap_python:/home/batoddy/ros2_ws/install/my_robot_controller:/opt/ros/jazzy DEBUGINFOD_URLS=https://debuginfod.ubuntu.com /usr/bin/cmake --install /home/batoddy/Desktop/ros2_ws/build/mec_mobile
