[0.125s] DEBUG:colcon:Command line arguments: ['/usr/bin/colcon', 'build']
[0.125s] DEBUG:colcon:Parsed command line arguments: Namespace(log_base=None, log_level=None, verb_name='build', build_base='build', install_base='install', merge_install=False, symlink_install=False, test_result_base=None, continue_on_error=False, executor='parallel', parallel_workers=8, event_handlers=None, ignore_user_meta=False, metas=['./colcon.meta'], base_paths=['.'], packages_ignore=None, packages_ignore_regex=None, paths=None, packages_up_to=None, packages_up_to_regex=None, packages_above=None, packages_above_and_dependencies=None, packages_above_depth=None, packages_select_by_dep=None, packages_skip_by_dep=None, packages_skip_up_to=None, packages_select_build_failed=False, packages_skip_build_finished=False, packages_select_test_failures=False, packages_skip_test_passed=False, packages_select=None, packages_skip=None, packages_select_regex=None, packages_skip_regex=None, packages_start=None, packages_end=None, allow_overriding=[], cmake_args=None, cmake_target=None, cmake_target_skip_unavailable=False, cmake_clean_cache=False, cmake_clean_first=False, cmake_force_configure=False, ament_cmake_args=None, catkin_cmake_args=None, catkin_skip_building_tests=False, mixin_files=None, mixin=None, verb_parser=<colcon_mixin.mixin.mixin_argument.MixinArgumentDecorator object at 0x7a6f0b4a0380>, verb_extension=<colcon_core.verb.build.BuildVerb object at 0x7a6f0b5c0800>, main=<bound method BuildVerb.main of <colcon_core.verb.build.BuildVerb object at 0x7a6f0b5c0800>>, mixin_verb=('build',))
[0.178s] Level 1:colcon.colcon_core.package_discovery:discover_packages(colcon_meta) check parameters
[0.178s] Level 1:colcon.colcon_core.package_discovery:discover_packages(recursive) check parameters
[0.178s] Level 1:colcon.colcon_core.package_discovery:discover_packages(ignore) check parameters
[0.178s] Level 1:colcon.colcon_core.package_discovery:discover_packages(path) check parameters
[0.178s] Level 1:colcon.colcon_core.package_discovery:discover_packages(colcon_meta) discover
[0.178s] Level 1:colcon.colcon_core.package_discovery:discover_packages(recursive) discover
[0.178s] INFO:colcon.colcon_core.package_discovery:Crawling recursively for packages in '/home/batoddy/Desktop/ros2_ws'
[0.178s] Level 1:colcon.colcon_core.package_identification:_identify(.) by extensions ['ignore', 'ignore_ament_install']
[0.178s] Level 1:colcon.colcon_core.package_identification:_identify(.) by extension 'ignore'
[0.178s] Level 1:colcon.colcon_core.package_identification:_identify(.) by extension 'ignore_ament_install'
[0.178s] Level 1:colcon.colcon_core.package_identification:_identify(.) by extensions ['colcon_pkg']
[0.178s] Level 1:colcon.colcon_core.package_identification:_identify(.) by extension 'colcon_pkg'
[0.178s] Level 1:colcon.colcon_core.package_identification:_identify(.) by extensions ['colcon_meta']
[0.178s] Level 1:colcon.colcon_core.package_identification:_identify(.) by extension 'colcon_meta'
[0.178s] Level 1:colcon.colcon_core.package_identification:_identify(.) by extensions ['ros']
[0.178s] Level 1:colcon.colcon_core.package_identification:_identify(.) by extension 'ros'
[0.206s] Level 1:colcon.colcon_core.package_identification:_identify(.) by extensions ['cmake', 'python']
[0.206s] Level 1:colcon.colcon_core.package_identification:_identify(.) by extension 'cmake'
[0.206s] Level 1:colcon.colcon_core.package_identification:_identify(.) by extension 'python'
[0.206s] Level 1:colcon.colcon_core.package_identification:_identify(.) by extensions ['python_setup_py']
[0.206s] Level 1:colcon.colcon_core.package_identification:_identify(.) by extension 'python_setup_py'
[0.206s] Level 1:colcon.colcon_core.package_identification:_identify(build) by extensions ['ignore', 'ignore_ament_install']
[0.206s] Level 1:colcon.colcon_core.package_identification:_identify(build) by extension 'ignore'
[0.206s] Level 1:colcon.colcon_core.package_identification:_identify(build) ignored
[0.206s] Level 1:colcon.colcon_core.package_identification:_identify(install) by extensions ['ignore', 'ignore_ament_install']
[0.207s] Level 1:colcon.colcon_core.package_identification:_identify(install) by extension 'ignore'
[0.207s] Level 1:colcon.colcon_core.package_identification:_identify(install) ignored
[0.207s] Level 1:colcon.colcon_core.package_identification:_identify(log) by extensions ['ignore', 'ignore_ament_install']
[0.207s] Level 1:colcon.colcon_core.package_identification:_identify(log) by extension 'ignore'
[0.207s] Level 1:colcon.colcon_core.package_identification:_identify(log) ignored
[0.207s] Level 1:colcon.colcon_core.package_identification:_identify(src) by extensions ['ignore', 'ignore_ament_install']
[0.207s] Level 1:colcon.colcon_core.package_identification:_identify(src) by extension 'ignore'
[0.207s] Level 1:colcon.colcon_core.package_identification:_identify(src) by extension 'ignore_ament_install'
[0.207s] Level 1:colcon.colcon_core.package_identification:_identify(src) by extensions ['colcon_pkg']
[0.207s] Level 1:colcon.colcon_core.package_identification:_identify(src) by extension 'colcon_pkg'
[0.207s] Level 1:colcon.colcon_core.package_identification:_identify(src) by extensions ['colcon_meta']
[0.207s] Level 1:colcon.colcon_core.package_identification:_identify(src) by extension 'colcon_meta'
[0.207s] Level 1:colcon.colcon_core.package_identification:_identify(src) by extensions ['ros']
[0.208s] Level 1:colcon.colcon_core.package_identification:_identify(src) by extension 'ros'
[0.208s] Level 1:colcon.colcon_core.package_identification:_identify(src) by extensions ['cmake', 'python']
[0.208s] Level 1:colcon.colcon_core.package_identification:_identify(src) by extension 'cmake'
[0.208s] Level 1:colcon.colcon_core.package_identification:_identify(src) by extension 'python'
[0.208s] Level 1:colcon.colcon_core.package_identification:_identify(src) by extensions ['python_setup_py']
[0.208s] Level 1:colcon.colcon_core.package_identification:_identify(src) by extension 'python_setup_py'
[0.208s] Level 1:colcon.colcon_core.package_identification:_identify(src/mec_mobile) by extensions ['ignore', 'ignore_ament_install']
[0.208s] Level 1:colcon.colcon_core.package_identification:_identify(src/mec_mobile) by extension 'ignore'
[0.208s] Level 1:colcon.colcon_core.package_identification:_identify(src/mec_mobile) by extension 'ignore_ament_install'
[0.208s] Level 1:colcon.colcon_core.package_identification:_identify(src/mec_mobile) by extensions ['colcon_pkg']
[0.208s] Level 1:colcon.colcon_core.package_identification:_identify(src/mec_mobile) by extension 'colcon_pkg'
[0.208s] Level 1:colcon.colcon_core.package_identification:_identify(src/mec_mobile) by extensions ['colcon_meta']
[0.208s] Level 1:colcon.colcon_core.package_identification:_identify(src/mec_mobile) by extension 'colcon_meta'
[0.208s] Level 1:colcon.colcon_core.package_identification:_identify(src/mec_mobile) by extensions ['ros']
[0.208s] Level 1:colcon.colcon_core.package_identification:_identify(src/mec_mobile) by extension 'ros'
[0.208s] Level 1:colcon.colcon_core.package_identification:_identify(src/mec_mobile) by extensions ['cmake', 'python']
[0.208s] Level 1:colcon.colcon_core.package_identification:_identify(src/mec_mobile) by extension 'cmake'
[0.208s] Level 1:colcon.colcon_core.package_identification:_identify(src/mec_mobile) by extension 'python'
[0.208s] Level 1:colcon.colcon_core.package_identification:_identify(src/mec_mobile) by extensions ['python_setup_py']
[0.208s] Level 1:colcon.colcon_core.package_identification:_identify(src/mec_mobile) by extension 'python_setup_py'
[0.208s] Level 1:colcon.colcon_core.package_identification:_identify(src/mec_mobile/mec_mobile) by extensions ['ignore', 'ignore_ament_install']
[0.209s] Level 1:colcon.colcon_core.package_identification:_identify(src/mec_mobile/mec_mobile) by extension 'ignore'
[0.209s] Level 1:colcon.colcon_core.package_identification:_identify(src/mec_mobile/mec_mobile) by extension 'ignore_ament_install'
[0.209s] Level 1:colcon.colcon_core.package_identification:_identify(src/mec_mobile/mec_mobile) by extensions ['colcon_pkg']
[0.209s] Level 1:colcon.colcon_core.package_identification:_identify(src/mec_mobile/mec_mobile) by extension 'colcon_pkg'
[0.209s] Level 1:colcon.colcon_core.package_identification:_identify(src/mec_mobile/mec_mobile) by extensions ['colcon_meta']
[0.209s] Level 1:colcon.colcon_core.package_identification:_identify(src/mec_mobile/mec_mobile) by extension 'colcon_meta'
[0.209s] Level 1:colcon.colcon_core.package_identification:_identify(src/mec_mobile/mec_mobile) by extensions ['ros']
[0.209s] Level 1:colcon.colcon_core.package_identification:_identify(src/mec_mobile/mec_mobile) by extension 'ros'
[0.211s] DEBUG:colcon.colcon_core.package_identification:Package 'src/mec_mobile/mec_mobile' with type 'ros.ament_cmake' and name 'mec_mobile'
[0.212s] Level 1:colcon.colcon_core.package_identification:_identify(src/mec_mobile/mec_mobile_description) by extensions ['ignore', 'ignore_ament_install']
[0.212s] Level 1:colcon.colcon_core.package_identification:_identify(src/mec_mobile/mec_mobile_description) by extension 'ignore'
[0.212s] Level 1:colcon.colcon_core.package_identification:_identify(src/mec_mobile/mec_mobile_description) by extension 'ignore_ament_install'
[0.212s] Level 1:colcon.colcon_core.package_identification:_identify(src/mec_mobile/mec_mobile_description) by extensions ['colcon_pkg']
[0.212s] Level 1:colcon.colcon_core.package_identification:_identify(src/mec_mobile/mec_mobile_description) by extension 'colcon_pkg'
[0.212s] Level 1:colcon.colcon_core.package_identification:_identify(src/mec_mobile/mec_mobile_description) by extensions ['colcon_meta']
[0.212s] Level 1:colcon.colcon_core.package_identification:_identify(src/mec_mobile/mec_mobile_description) by extension 'colcon_meta'
[0.212s] Level 1:colcon.colcon_core.package_identification:_identify(src/mec_mobile/mec_mobile_description) by extensions ['ros']
[0.212s] Level 1:colcon.colcon_core.package_identification:_identify(src/mec_mobile/mec_mobile_description) by extension 'ros'
[0.213s] DEBUG:colcon.colcon_core.package_identification:Package 'src/mec_mobile/mec_mobile_description' with type 'ros.ament_cmake' and name 'mec_mobile_description'
[0.213s] Level 1:colcon.colcon_core.package_identification:_identify(src/mec_mobile/mec_mobile_gazebo) by extensions ['ignore', 'ignore_ament_install']
[0.213s] Level 1:colcon.colcon_core.package_identification:_identify(src/mec_mobile/mec_mobile_gazebo) by extension 'ignore'
[0.213s] Level 1:colcon.colcon_core.package_identification:_identify(src/mec_mobile/mec_mobile_gazebo) by extension 'ignore_ament_install'
[0.213s] Level 1:colcon.colcon_core.package_identification:_identify(src/mec_mobile/mec_mobile_gazebo) by extensions ['colcon_pkg']
[0.213s] Level 1:colcon.colcon_core.package_identification:_identify(src/mec_mobile/mec_mobile_gazebo) by extension 'colcon_pkg'
[0.213s] Level 1:colcon.colcon_core.package_identification:_identify(src/mec_mobile/mec_mobile_gazebo) by extensions ['colcon_meta']
[0.213s] Level 1:colcon.colcon_core.package_identification:_identify(src/mec_mobile/mec_mobile_gazebo) by extension 'colcon_meta'
[0.213s] Level 1:colcon.colcon_core.package_identification:_identify(src/mec_mobile/mec_mobile_gazebo) by extensions ['ros']
[0.213s] Level 1:colcon.colcon_core.package_identification:_identify(src/mec_mobile/mec_mobile_gazebo) by extension 'ros'
[0.214s] DEBUG:colcon.colcon_core.package_identification:Package 'src/mec_mobile/mec_mobile_gazebo' with type 'ros.ament_cmake' and name 'mec_mobile_gazebo'
[0.214s] Level 1:colcon.colcon_core.package_discovery:discover_packages(recursive) using defaults
[0.214s] Level 1:colcon.colcon_core.package_discovery:discover_packages(ignore) discover
[0.214s] Level 1:colcon.colcon_core.package_discovery:discover_packages(ignore) using defaults
[0.214s] Level 1:colcon.colcon_core.package_discovery:discover_packages(path) discover
[0.214s] Level 1:colcon.colcon_core.package_discovery:discover_packages(path) using defaults
[0.240s] Level 1:colcon.colcon_core.package_discovery:discover_packages(prefix_path) check parameters
[0.240s] Level 1:colcon.colcon_core.package_discovery:discover_packages(prefix_path) discover
[0.244s] DEBUG:colcon.colcon_installed_package_information.package_discovery:Found 3 installed packages in /home/batoddy/Desktop/ros2_ws/install
[0.245s] DEBUG:colcon.colcon_installed_package_information.package_discovery:Found 4 installed packages in /home/batoddy/ros2_ws/install
[0.249s] DEBUG:colcon.colcon_installed_package_information.package_discovery:Found 319 installed packages in /opt/ros/jazzy
[0.251s] Level 1:colcon.colcon_core.package_discovery:discover_packages(prefix_path) using defaults
[0.310s] Level 5:colcon.colcon_core.verb:set package 'mec_mobile_description' build argument 'cmake_args' from command line to 'None'
[0.310s] Level 5:colcon.colcon_core.verb:set package 'mec_mobile_description' build argument 'cmake_target' from command line to 'None'
[0.310s] Level 5:colcon.colcon_core.verb:set package 'mec_mobile_description' build argument 'cmake_target_skip_unavailable' from command line to 'False'
[0.310s] Level 5:colcon.colcon_core.verb:set package 'mec_mobile_description' build argument 'cmake_clean_cache' from command line to 'False'
[0.310s] Level 5:colcon.colcon_core.verb:set package 'mec_mobile_description' build argument 'cmake_clean_first' from command line to 'False'
[0.310s] Level 5:colcon.colcon_core.verb:set package 'mec_mobile_description' build argument 'cmake_force_configure' from command line to 'False'
[0.311s] Level 5:colcon.colcon_core.verb:set package 'mec_mobile_description' build argument 'ament_cmake_args' from command line to 'None'
[0.311s] Level 5:colcon.colcon_core.verb:set package 'mec_mobile_description' build argument 'catkin_cmake_args' from command line to 'None'
[0.311s] Level 5:colcon.colcon_core.verb:set package 'mec_mobile_description' build argument 'catkin_skip_building_tests' from command line to 'False'
[0.311s] DEBUG:colcon.colcon_core.verb:Building package 'mec_mobile_description' with the following arguments: {'ament_cmake_args': None, 'build_base': '/home/batoddy/Desktop/ros2_ws/build/mec_mobile_description', 'catkin_cmake_args': None, 'catkin_skip_building_tests': False, 'cmake_args': None, 'cmake_clean_cache': False, 'cmake_clean_first': False, 'cmake_force_configure': False, 'cmake_target': None, 'cmake_target_skip_unavailable': False, 'install_base': '/home/batoddy/Desktop/ros2_ws/install/mec_mobile_description', 'merge_install': False, 'path': '/home/batoddy/Desktop/ros2_ws/src/mec_mobile/mec_mobile_description', 'symlink_install': False, 'test_result_base': None}
[0.311s] Level 5:colcon.colcon_core.verb:set package 'mec_mobile_gazebo' build argument 'cmake_args' from command line to 'None'
[0.311s] Level 5:colcon.colcon_core.verb:set package 'mec_mobile_gazebo' build argument 'cmake_target' from command line to 'None'
[0.311s] Level 5:colcon.colcon_core.verb:set package 'mec_mobile_gazebo' build argument 'cmake_target_skip_unavailable' from command line to 'False'
[0.311s] Level 5:colcon.colcon_core.verb:set package 'mec_mobile_gazebo' build argument 'cmake_clean_cache' from command line to 'False'
[0.311s] Level 5:colcon.colcon_core.verb:set package 'mec_mobile_gazebo' build argument 'cmake_clean_first' from command line to 'False'
[0.311s] Level 5:colcon.colcon_core.verb:set package 'mec_mobile_gazebo' build argument 'cmake_force_configure' from command line to 'False'
[0.311s] Level 5:colcon.colcon_core.verb:set package 'mec_mobile_gazebo' build argument 'ament_cmake_args' from command line to 'None'
[0.311s] Level 5:colcon.colcon_core.verb:set package 'mec_mobile_gazebo' build argument 'catkin_cmake_args' from command line to 'None'
[0.311s] Level 5:colcon.colcon_core.verb:set package 'mec_mobile_gazebo' build argument 'catkin_skip_building_tests' from command line to 'False'
[0.311s] DEBUG:colcon.colcon_core.verb:Building package 'mec_mobile_gazebo' with the following arguments: {'ament_cmake_args': None, 'build_base': '/home/batoddy/Desktop/ros2_ws/build/mec_mobile_gazebo', 'catkin_cmake_args': None, 'catkin_skip_building_tests': False, 'cmake_args': None, 'cmake_clean_cache': False, 'cmake_clean_first': False, 'cmake_force_configure': False, 'cmake_target': None, 'cmake_target_skip_unavailable': False, 'install_base': '/home/batoddy/Desktop/ros2_ws/install/mec_mobile_gazebo', 'merge_install': False, 'path': '/home/batoddy/Desktop/ros2_ws/src/mec_mobile/mec_mobile_gazebo', 'symlink_install': False, 'test_result_base': None}
[0.311s] Level 5:colcon.colcon_core.verb:set package 'mec_mobile' build argument 'cmake_args' from command line to 'None'
[0.311s] Level 5:colcon.colcon_core.verb:set package 'mec_mobile' build argument 'cmake_target' from command line to 'None'
[0.311s] Level 5:colcon.colcon_core.verb:set package 'mec_mobile' build argument 'cmake_target_skip_unavailable' from command line to 'False'
[0.311s] Level 5:colcon.colcon_core.verb:set package 'mec_mobile' build argument 'cmake_clean_cache' from command line to 'False'
[0.311s] Level 5:colcon.colcon_core.verb:set package 'mec_mobile' build argument 'cmake_clean_first' from command line to 'False'
[0.311s] Level 5:colcon.colcon_core.verb:set package 'mec_mobile' build argument 'cmake_force_configure' from command line to 'False'
[0.311s] Level 5:colcon.colcon_core.verb:set package 'mec_mobile' build argument 'ament_cmake_args' from command line to 'None'
[0.312s] Level 5:colcon.colcon_core.verb:set package 'mec_mobile' build argument 'catkin_cmake_args' from command line to 'None'
[0.312s] Level 5:colcon.colcon_core.verb:set package 'mec_mobile' build argument 'catkin_skip_building_tests' from command line to 'False'
[0.312s] DEBUG:colcon.colcon_core.verb:Building package 'mec_mobile' with the following arguments: {'ament_cmake_args': None, 'build_base': '/home/batoddy/Desktop/ros2_ws/build/mec_mobile', 'catkin_cmake_args': None, 'catkin_skip_building_tests': False, 'cmake_args': None, 'cmake_clean_cache': False, 'cmake_clean_first': False, 'cmake_force_configure': False, 'cmake_target': None, 'cmake_target_skip_unavailable': False, 'install_base': '/home/batoddy/Desktop/ros2_ws/install/mec_mobile', 'merge_install': False, 'path': '/home/batoddy/Desktop/ros2_ws/src/mec_mobile/mec_mobile', 'symlink_install': False, 'test_result_base': None}
[0.312s] INFO:colcon.colcon_core.executor:Executing jobs using 'parallel' executor
[0.313s] DEBUG:colcon.colcon_parallel_executor.executor.parallel:run_until_complete
[0.313s] INFO:colcon.colcon_ros.task.ament_cmake.build:Building ROS package in '/home/batoddy/Desktop/ros2_ws/src/mec_mobile/mec_mobile_description' with build type 'ament_cmake'
[0.313s] INFO:colcon.colcon_cmake.task.cmake.build:Building CMake package in '/home/batoddy/Desktop/ros2_ws/src/mec_mobile/mec_mobile_description'
[0.317s] INFO:colcon.colcon_core.plugin_system:Skipping extension 'colcon_core.shell.bat': Not used on non-Windows systems
[0.317s] INFO:colcon.colcon_core.shell:Skip shell extension 'powershell' for command environment: Not usable outside of PowerShell
[0.317s] DEBUG:colcon.colcon_core.shell:Skip shell extension 'dsv' for command environment
[0.321s] INFO:colcon.colcon_ros.task.ament_cmake.build:Building ROS package in '/home/batoddy/Desktop/ros2_ws/src/mec_mobile/mec_mobile_gazebo' with build type 'ament_cmake'
[0.322s] INFO:colcon.colcon_cmake.task.cmake.build:Building CMake package in '/home/batoddy/Desktop/ros2_ws/src/mec_mobile/mec_mobile_gazebo'
[0.322s] INFO:colcon.colcon_core.shell:Skip shell extension 'powershell' for command environment: Not usable outside of PowerShell
[0.322s] DEBUG:colcon.colcon_core.shell:Skip shell extension 'dsv' for command environment
[0.330s] DEBUG:colcon.colcon_core.event_handler.log_command:Invoking command in '/home/batoddy/Desktop/ros2_ws/build/mec_mobile_description': CMAKE_PREFIX_PATH=${CMAKE_PREFIX_PATH}:/home/batoddy/ros2_ws/install/rtabmap_python:/home/batoddy/ros2_ws/install/my_robot_controller:/opt/ros/jazzy DEBUGINFOD_URLS=https://debuginfod.ubuntu.com /usr/bin/cmake --build /home/batoddy/Desktop/ros2_ws/build/mec_mobile_description -- -j8 -l8
[0.336s] DEBUG:colcon.colcon_core.event_handler.log_command:Invoking command in '/home/batoddy/Desktop/ros2_ws/build/mec_mobile_gazebo': CMAKE_PREFIX_PATH=${CMAKE_PREFIX_PATH}:/home/batoddy/ros2_ws/install/rtabmap_python:/home/batoddy/ros2_ws/install/my_robot_controller:/opt/ros/jazzy DEBUGINFOD_URLS=https://debuginfod.ubuntu.com /usr/bin/cmake --build /home/batoddy/Desktop/ros2_ws/build/mec_mobile_gazebo -- -j8 -l8
[0.394s] DEBUG:colcon.colcon_core.event_handler.log_command:Invoked command in '/home/batoddy/Desktop/ros2_ws/build/mec_mobile_description' returned '0': CMAKE_PREFIX_PATH=${CMAKE_PREFIX_PATH}:/home/batoddy/ros2_ws/install/rtabmap_python:/home/batoddy/ros2_ws/install/my_robot_controller:/opt/ros/jazzy DEBUGINFOD_URLS=https://debuginfod.ubuntu.com /usr/bin/cmake --build /home/batoddy/Desktop/ros2_ws/build/mec_mobile_description -- -j8 -l8
[0.408s] DEBUG:colcon.colcon_core.event_handler.log_command:Invoking command in '/home/batoddy/Desktop/ros2_ws/build/mec_mobile_description': CMAKE_PREFIX_PATH=${CMAKE_PREFIX_PATH}:/home/batoddy/ros2_ws/install/rtabmap_python:/home/batoddy/ros2_ws/install/my_robot_controller:/opt/ros/jazzy DEBUGINFOD_URLS=https://debuginfod.ubuntu.com /usr/bin/cmake --install /home/batoddy/Desktop/ros2_ws/build/mec_mobile_description
[0.409s] DEBUG:colcon.colcon_core.event_handler.log_command:Invoked command in '/home/batoddy/Desktop/ros2_ws/build/mec_mobile_gazebo' returned '0': CMAKE_PREFIX_PATH=${CMAKE_PREFIX_PATH}:/home/batoddy/ros2_ws/install/rtabmap_python:/home/batoddy/ros2_ws/install/my_robot_controller:/opt/ros/jazzy DEBUGINFOD_URLS=https://debuginfod.ubuntu.com /usr/bin/cmake --build /home/batoddy/Desktop/ros2_ws/build/mec_mobile_gazebo -- -j8 -l8
[0.411s] DEBUG:colcon.colcon_core.event_handler.log_command:Invoking command in '/home/batoddy/Desktop/ros2_ws/build/mec_mobile_gazebo': CMAKE_PREFIX_PATH=${CMAKE_PREFIX_PATH}:/home/batoddy/ros2_ws/install/rtabmap_python:/home/batoddy/ros2_ws/install/my_robot_controller:/opt/ros/jazzy DEBUGINFOD_URLS=https://debuginfod.ubuntu.com /usr/bin/cmake --install /home/batoddy/Desktop/ros2_ws/build/mec_mobile_gazebo
[0.435s] Level 1:colcon.colcon_core.environment:create_environment_scripts_only(mec_mobile_description)
[0.444s] Level 1:colcon.colcon_core.environment:checking '/home/batoddy/Desktop/ros2_ws/install/mec_mobile_description' for CMake module files
[0.444s] DEBUG:colcon.colcon_core.event_handler.log_command:Invoked command in '/home/batoddy/Desktop/ros2_ws/build/mec_mobile_description' returned '0': CMAKE_PREFIX_PATH=${CMAKE_PREFIX_PATH}:/home/batoddy/ros2_ws/install/rtabmap_python:/home/batoddy/ros2_ws/install/my_robot_controller:/opt/ros/jazzy DEBUGINFOD_URLS=https://debuginfod.ubuntu.com /usr/bin/cmake --install /home/batoddy/Desktop/ros2_ws/build/mec_mobile_description
[0.444s] Level 1:colcon.colcon_core.environment:checking '/home/batoddy/Desktop/ros2_ws/install/mec_mobile_description' for CMake config files
[0.445s] Level 1:colcon.colcon_core.shell:create_environment_hook('mec_mobile_description', 'cmake_prefix_path')
[0.445s] INFO:colcon.colcon_core.shell:Creating environment hook '/home/batoddy/Desktop/ros2_ws/install/mec_mobile_description/share/mec_mobile_description/hook/cmake_prefix_path.ps1'
[0.445s] INFO:colcon.colcon_core.shell:Creating environment descriptor '/home/batoddy/Desktop/ros2_ws/install/mec_mobile_description/share/mec_mobile_description/hook/cmake_prefix_path.dsv'
[0.446s] INFO:colcon.colcon_core.shell:Creating environment hook '/home/batoddy/Desktop/ros2_ws/install/mec_mobile_description/share/mec_mobile_description/hook/cmake_prefix_path.sh'
[0.446s] Level 1:colcon.colcon_core.environment:checking '/home/batoddy/Desktop/ros2_ws/install/mec_mobile_description/bin'
[0.446s] Level 1:colcon.colcon_core.environment:checking '/home/batoddy/Desktop/ros2_ws/install/mec_mobile_description/lib/pkgconfig/mec_mobile_description.pc'
[0.447s] Level 1:colcon.colcon_core.environment:checking '/home/batoddy/Desktop/ros2_ws/install/mec_mobile_description/lib/python3.12/site-packages'
[0.447s] Level 1:colcon.colcon_core.environment:checking '/home/batoddy/Desktop/ros2_ws/install/mec_mobile_description/bin'
[0.447s] INFO:colcon.colcon_core.shell:Creating package script '/home/batoddy/Desktop/ros2_ws/install/mec_mobile_description/share/mec_mobile_description/package.ps1'
[0.448s] INFO:colcon.colcon_core.shell:Creating package descriptor '/home/batoddy/Desktop/ros2_ws/install/mec_mobile_description/share/mec_mobile_description/package.dsv'
[0.448s] INFO:colcon.colcon_core.shell:Creating package script '/home/batoddy/Desktop/ros2_ws/install/mec_mobile_description/share/mec_mobile_description/package.sh'
[0.449s] INFO:colcon.colcon_core.shell:Creating package script '/home/batoddy/Desktop/ros2_ws/install/mec_mobile_description/share/mec_mobile_description/package.bash'
[0.449s] INFO:colcon.colcon_core.shell:Creating package script '/home/batoddy/Desktop/ros2_ws/install/mec_mobile_description/share/mec_mobile_description/package.zsh'
[0.450s] Level 1:colcon.colcon_core.environment:create_file_with_runtime_dependencies(/home/batoddy/Desktop/ros2_ws/install/mec_mobile_description/share/colcon-core/packages/mec_mobile_description)
[0.450s] Level 1:colcon.colcon_core.environment:create_environment_scripts_only(mec_mobile_description)
[0.450s] Level 1:colcon.colcon_core.environment:checking '/home/batoddy/Desktop/ros2_ws/install/mec_mobile_description' for CMake module files
[0.451s] Level 1:colcon.colcon_core.environment:checking '/home/batoddy/Desktop/ros2_ws/install/mec_mobile_description' for CMake config files
[0.451s] Level 1:colcon.colcon_core.shell:create_environment_hook('mec_mobile_description', 'cmake_prefix_path')
[0.451s] INFO:colcon.colcon_core.shell:Creating environment hook '/home/batoddy/Desktop/ros2_ws/install/mec_mobile_description/share/mec_mobile_description/hook/cmake_prefix_path.ps1'
[0.452s] INFO:colcon.colcon_core.shell:Creating environment descriptor '/home/batoddy/Desktop/ros2_ws/install/mec_mobile_description/share/mec_mobile_description/hook/cmake_prefix_path.dsv'
[0.452s] INFO:colcon.colcon_core.shell:Creating environment hook '/home/batoddy/Desktop/ros2_ws/install/mec_mobile_description/share/mec_mobile_description/hook/cmake_prefix_path.sh'
[0.452s] Level 1:colcon.colcon_core.environment:checking '/home/batoddy/Desktop/ros2_ws/install/mec_mobile_description/bin'
[0.452s] Level 1:colcon.colcon_core.environment:checking '/home/batoddy/Desktop/ros2_ws/install/mec_mobile_description/lib/pkgconfig/mec_mobile_description.pc'
[0.453s] Level 1:colcon.colcon_core.environment:checking '/home/batoddy/Desktop/ros2_ws/install/mec_mobile_description/lib/python3.12/site-packages'
[0.453s] Level 1:colcon.colcon_core.environment:checking '/home/batoddy/Desktop/ros2_ws/install/mec_mobile_description/bin'
[0.453s] INFO:colcon.colcon_core.shell:Creating package script '/home/batoddy/Desktop/ros2_ws/install/mec_mobile_description/share/mec_mobile_description/package.ps1'
[0.453s] INFO:colcon.colcon_core.shell:Creating package descriptor '/home/batoddy/Desktop/ros2_ws/install/mec_mobile_description/share/mec_mobile_description/package.dsv'
[0.454s] INFO:colcon.colcon_core.shell:Creating package script '/home/batoddy/Desktop/ros2_ws/install/mec_mobile_description/share/mec_mobile_description/package.sh'
[0.454s] INFO:colcon.colcon_core.shell:Creating package script '/home/batoddy/Desktop/ros2_ws/install/mec_mobile_description/share/mec_mobile_description/package.bash'
[0.454s] INFO:colcon.colcon_core.shell:Creating package script '/home/batoddy/Desktop/ros2_ws/install/mec_mobile_description/share/mec_mobile_description/package.zsh'
[0.455s] Level 1:colcon.colcon_core.environment:create_file_with_runtime_dependencies(/home/batoddy/Desktop/ros2_ws/install/mec_mobile_description/share/colcon-core/packages/mec_mobile_description)
[0.455s] INFO:colcon.colcon_ros.task.ament_cmake.build:Building ROS package in '/home/batoddy/Desktop/ros2_ws/src/mec_mobile/mec_mobile' with build type 'ament_cmake'
[0.455s] INFO:colcon.colcon_cmake.task.cmake.build:Building CMake package in '/home/batoddy/Desktop/ros2_ws/src/mec_mobile/mec_mobile'
[0.455s] INFO:colcon.colcon_core.shell:Skip shell extension 'powershell' for command environment: Not usable outside of PowerShell
[0.455s] DEBUG:colcon.colcon_core.shell:Skip shell extension 'dsv' for command environment
[0.460s] Level 1:colcon.colcon_core.environment:create_environment_scripts_only(mec_mobile_gazebo)
[0.460s] Level 1:colcon.colcon_core.environment:checking '/home/batoddy/Desktop/ros2_ws/install/mec_mobile_gazebo' for CMake module files
[0.461s] DEBUG:colcon.colcon_core.event_handler.log_command:Invoked command in '/home/batoddy/Desktop/ros2_ws/build/mec_mobile_gazebo' returned '0': CMAKE_PREFIX_PATH=${CMAKE_PREFIX_PATH}:/home/batoddy/ros2_ws/install/rtabmap_python:/home/batoddy/ros2_ws/install/my_robot_controller:/opt/ros/jazzy DEBUGINFOD_URLS=https://debuginfod.ubuntu.com /usr/bin/cmake --install /home/batoddy/Desktop/ros2_ws/build/mec_mobile_gazebo
[0.462s] Level 1:colcon.colcon_core.environment:checking '/home/batoddy/Desktop/ros2_ws/install/mec_mobile_gazebo' for CMake config files
[0.463s] Level 1:colcon.colcon_core.shell:create_environment_hook('mec_mobile_gazebo', 'cmake_prefix_path')
[0.463s] INFO:colcon.colcon_core.shell:Creating environment hook '/home/batoddy/Desktop/ros2_ws/install/mec_mobile_gazebo/share/mec_mobile_gazebo/hook/cmake_prefix_path.ps1'
[0.463s] INFO:colcon.colcon_core.shell:Creating environment descriptor '/home/batoddy/Desktop/ros2_ws/install/mec_mobile_gazebo/share/mec_mobile_gazebo/hook/cmake_prefix_path.dsv'
[0.464s] INFO:colcon.colcon_core.shell:Creating environment hook '/home/batoddy/Desktop/ros2_ws/install/mec_mobile_gazebo/share/mec_mobile_gazebo/hook/cmake_prefix_path.sh'
[0.465s] Level 1:colcon.colcon_core.environment:checking '/home/batoddy/Desktop/ros2_ws/install/mec_mobile_gazebo/bin'
[0.465s] Level 1:colcon.colcon_core.environment:checking '/home/batoddy/Desktop/ros2_ws/install/mec_mobile_gazebo/lib/pkgconfig/mec_mobile_gazebo.pc'
[0.465s] Level 1:colcon.colcon_core.environment:checking '/home/batoddy/Desktop/ros2_ws/install/mec_mobile_gazebo/lib/python3.12/site-packages'
[0.465s] Level 1:colcon.colcon_core.environment:checking '/home/batoddy/Desktop/ros2_ws/install/mec_mobile_gazebo/bin'
[0.466s] INFO:colcon.colcon_core.shell:Creating package script '/home/batoddy/Desktop/ros2_ws/install/mec_mobile_gazebo/share/mec_mobile_gazebo/package.ps1'
[0.466s] INFO:colcon.colcon_core.shell:Creating package descriptor '/home/batoddy/Desktop/ros2_ws/install/mec_mobile_gazebo/share/mec_mobile_gazebo/package.dsv'
[0.467s] INFO:colcon.colcon_core.shell:Creating package script '/home/batoddy/Desktop/ros2_ws/install/mec_mobile_gazebo/share/mec_mobile_gazebo/package.sh'
[0.467s] INFO:colcon.colcon_core.shell:Creating package script '/home/batoddy/Desktop/ros2_ws/install/mec_mobile_gazebo/share/mec_mobile_gazebo/package.bash'
[0.468s] INFO:colcon.colcon_core.shell:Creating package script '/home/batoddy/Desktop/ros2_ws/install/mec_mobile_gazebo/share/mec_mobile_gazebo/package.zsh'
[0.468s] Level 1:colcon.colcon_core.environment:create_file_with_runtime_dependencies(/home/batoddy/Desktop/ros2_ws/install/mec_mobile_gazebo/share/colcon-core/packages/mec_mobile_gazebo)
[0.468s] Level 1:colcon.colcon_core.environment:create_environment_scripts_only(mec_mobile_gazebo)
[0.469s] Level 1:colcon.colcon_core.environment:checking '/home/batoddy/Desktop/ros2_ws/install/mec_mobile_gazebo' for CMake module files
[0.469s] Level 1:colcon.colcon_core.environment:checking '/home/batoddy/Desktop/ros2_ws/install/mec_mobile_gazebo' for CMake config files
[0.470s] Level 1:colcon.colcon_core.shell:create_environment_hook('mec_mobile_gazebo', 'cmake_prefix_path')
[0.470s] INFO:colcon.colcon_core.shell:Creating environment hook '/home/batoddy/Desktop/ros2_ws/install/mec_mobile_gazebo/share/mec_mobile_gazebo/hook/cmake_prefix_path.ps1'
[0.470s] INFO:colcon.colcon_core.shell:Creating environment descriptor '/home/batoddy/Desktop/ros2_ws/install/mec_mobile_gazebo/share/mec_mobile_gazebo/hook/cmake_prefix_path.dsv'
[0.471s] INFO:colcon.colcon_core.shell:Creating environment hook '/home/batoddy/Desktop/ros2_ws/install/mec_mobile_gazebo/share/mec_mobile_gazebo/hook/cmake_prefix_path.sh'
[0.471s] Level 1:colcon.colcon_core.environment:checking '/home/batoddy/Desktop/ros2_ws/install/mec_mobile_gazebo/bin'
[0.471s] Level 1:colcon.colcon_core.environment:checking '/home/batoddy/Desktop/ros2_ws/install/mec_mobile_gazebo/lib/pkgconfig/mec_mobile_gazebo.pc'
[0.472s] Level 1:colcon.colcon_core.environment:checking '/home/batoddy/Desktop/ros2_ws/install/mec_mobile_gazebo/lib/python3.12/site-packages'
[0.472s] Level 1:colcon.colcon_core.environment:checking '/home/batoddy/Desktop/ros2_ws/install/mec_mobile_gazebo/bin'
[0.472s] INFO:colcon.colcon_core.shell:Creating package script '/home/batoddy/Desktop/ros2_ws/install/mec_mobile_gazebo/share/mec_mobile_gazebo/package.ps1'
[0.472s] INFO:colcon.colcon_core.shell:Creating package descriptor '/home/batoddy/Desktop/ros2_ws/install/mec_mobile_gazebo/share/mec_mobile_gazebo/package.dsv'
[0.473s] INFO:colcon.colcon_core.shell:Creating package script '/home/batoddy/Desktop/ros2_ws/install/mec_mobile_gazebo/share/mec_mobile_gazebo/package.sh'
[0.473s] INFO:colcon.colcon_core.shell:Creating package script '/home/batoddy/Desktop/ros2_ws/install/mec_mobile_gazebo/share/mec_mobile_gazebo/package.bash'
[0.474s] INFO:colcon.colcon_core.shell:Creating package script '/home/batoddy/Desktop/ros2_ws/install/mec_mobile_gazebo/share/mec_mobile_gazebo/package.zsh'
[0.474s] Level 1:colcon.colcon_core.environment:create_file_with_runtime_dependencies(/home/batoddy/Desktop/ros2_ws/install/mec_mobile_gazebo/share/colcon-core/packages/mec_mobile_gazebo)
[0.477s] DEBUG:colcon.colcon_core.event_handler.log_command:Invoking command in '/home/batoddy/Desktop/ros2_ws/build/mec_mobile': CMAKE_PREFIX_PATH=/home/batoddy/Desktop/ros2_ws/install/mec_mobile_description:/home/batoddy/Desktop/ros2_ws/install/mec_mobile_gazebo:/home/batoddy/Desktop/ros2_ws/install/mec_mobile:/home/batoddy/ros2_ws/install/rtabmap_conversions:/home/batoddy/ros2_ws/install/rtabmap_msgs:/opt/ros/jazzy/opt/gz_sim_vendor:/opt/ros/jazzy/opt/gz_sensors_vendor:/opt/ros/jazzy/opt/gz_physics_vendor:/opt/ros/jazzy/opt/sdformat_vendor:/opt/ros/jazzy/opt/gz_gui_vendor:/opt/ros/jazzy/opt/gz_transport_vendor:/opt/ros/jazzy/opt/gz_rendering_vendor:/opt/ros/jazzy/opt/gz_plugin_vendor:/opt/ros/jazzy/opt/gz_fuel_tools_vendor:/opt/ros/jazzy/opt/gz_msgs_vendor:/opt/ros/jazzy/opt/gz_common_vendor:/opt/ros/jazzy/opt/gz_math_vendor:/opt/ros/jazzy/opt/gz_utils_vendor:/opt/ros/jazzy/opt/gz_tools_vendor:/opt/ros/jazzy/opt/gz_ogre_next_vendor:/opt/ros/jazzy/opt/gz_dartsim_vendor:/opt/ros/jazzy/opt/gz_cmake_vendor:/home/batoddy/ros2_ws/install/rtabmap_python:/home/batoddy/ros2_ws/install/my_robot_controller:/opt/ros/jazzy DEBUGINFOD_URLS=https://debuginfod.ubuntu.com /usr/bin/cmake --build /home/batoddy/Desktop/ros2_ws/build/mec_mobile -- -j8 -l8
[0.539s] DEBUG:colcon.colcon_core.event_handler.log_command:Invoked command in '/home/batoddy/Desktop/ros2_ws/build/mec_mobile' returned '0': CMAKE_PREFIX_PATH=/home/batoddy/Desktop/ros2_ws/install/mec_mobile_description:/home/batoddy/Desktop/ros2_ws/install/mec_mobile_gazebo:/home/batoddy/Desktop/ros2_ws/install/mec_mobile:/home/batoddy/ros2_ws/install/rtabmap_conversions:/home/batoddy/ros2_ws/install/rtabmap_msgs:/opt/ros/jazzy/opt/gz_sim_vendor:/opt/ros/jazzy/opt/gz_sensors_vendor:/opt/ros/jazzy/opt/gz_physics_vendor:/opt/ros/jazzy/opt/sdformat_vendor:/opt/ros/jazzy/opt/gz_gui_vendor:/opt/ros/jazzy/opt/gz_transport_vendor:/opt/ros/jazzy/opt/gz_rendering_vendor:/opt/ros/jazzy/opt/gz_plugin_vendor:/opt/ros/jazzy/opt/gz_fuel_tools_vendor:/opt/ros/jazzy/opt/gz_msgs_vendor:/opt/ros/jazzy/opt/gz_common_vendor:/opt/ros/jazzy/opt/gz_math_vendor:/opt/ros/jazzy/opt/gz_utils_vendor:/opt/ros/jazzy/opt/gz_tools_vendor:/opt/ros/jazzy/opt/gz_ogre_next_vendor:/opt/ros/jazzy/opt/gz_dartsim_vendor:/opt/ros/jazzy/opt/gz_cmake_vendor:/home/batoddy/ros2_ws/install/rtabmap_python:/home/batoddy/ros2_ws/install/my_robot_controller:/opt/ros/jazzy DEBUGINFOD_URLS=https://debuginfod.ubuntu.com /usr/bin/cmake --build /home/batoddy/Desktop/ros2_ws/build/mec_mobile -- -j8 -l8
[0.540s] DEBUG:colcon.colcon_core.event_handler.log_command:Invoking command in '/home/batoddy/Desktop/ros2_ws/build/mec_mobile': CMAKE_PREFIX_PATH=/home/batoddy/Desktop/ros2_ws/install/mec_mobile_description:/home/batoddy/Desktop/ros2_ws/install/mec_mobile_gazebo:/home/batoddy/Desktop/ros2_ws/install/mec_mobile:/home/batoddy/ros2_ws/install/rtabmap_conversions:/home/batoddy/ros2_ws/install/rtabmap_msgs:/opt/ros/jazzy/opt/gz_sim_vendor:/opt/ros/jazzy/opt/gz_sensors_vendor:/opt/ros/jazzy/opt/gz_physics_vendor:/opt/ros/jazzy/opt/sdformat_vendor:/opt/ros/jazzy/opt/gz_gui_vendor:/opt/ros/jazzy/opt/gz_transport_vendor:/opt/ros/jazzy/opt/gz_rendering_vendor:/opt/ros/jazzy/opt/gz_plugin_vendor:/opt/ros/jazzy/opt/gz_fuel_tools_vendor:/opt/ros/jazzy/opt/gz_msgs_vendor:/opt/ros/jazzy/opt/gz_common_vendor:/opt/ros/jazzy/opt/gz_math_vendor:/opt/ros/jazzy/opt/gz_utils_vendor:/opt/ros/jazzy/opt/gz_tools_vendor:/opt/ros/jazzy/opt/gz_ogre_next_vendor:/opt/ros/jazzy/opt/gz_dartsim_vendor:/opt/ros/jazzy/opt/gz_cmake_vendor:/home/batoddy/ros2_ws/install/rtabmap_python:/home/batoddy/ros2_ws/install/my_robot_controller:/opt/ros/jazzy DEBUGINFOD_URLS=https://debuginfod.ubuntu.com /usr/bin/cmake --install /home/batoddy/Desktop/ros2_ws/build/mec_mobile
[0.573s] Level 1:colcon.colcon_core.environment:create_environment_scripts_only(mec_mobile)
[0.573s] Level 1:colcon.colcon_core.environment:checking '/home/batoddy/Desktop/ros2_ws/install/mec_mobile' for CMake module files
[0.575s] Level 1:colcon.colcon_core.environment:checking '/home/batoddy/Desktop/ros2_ws/install/mec_mobile' for CMake config files
[0.575s] Level 1:colcon.colcon_core.shell:create_environment_hook('mec_mobile', 'cmake_prefix_path')
[0.576s] INFO:colcon.colcon_core.shell:Creating environment hook '/home/batoddy/Desktop/ros2_ws/install/mec_mobile/share/mec_mobile/hook/cmake_prefix_path.ps1'
[0.583s] INFO:colcon.colcon_core.shell:Creating environment descriptor '/home/batoddy/Desktop/ros2_ws/install/mec_mobile/share/mec_mobile/hook/cmake_prefix_path.dsv'
[0.584s] INFO:colcon.colcon_core.shell:Creating environment hook '/home/batoddy/Desktop/ros2_ws/install/mec_mobile/share/mec_mobile/hook/cmake_prefix_path.sh'
[0.586s] DEBUG:colcon.colcon_core.event_handler.log_command:Invoked command in '/home/batoddy/Desktop/ros2_ws/build/mec_mobile' returned '0': CMAKE_PREFIX_PATH=/home/batoddy/Desktop/ros2_ws/install/mec_mobile_description:/home/batoddy/Desktop/ros2_ws/install/mec_mobile_gazebo:/home/batoddy/Desktop/ros2_ws/install/mec_mobile:/home/batoddy/ros2_ws/install/rtabmap_conversions:/home/batoddy/ros2_ws/install/rtabmap_msgs:/opt/ros/jazzy/opt/gz_sim_vendor:/opt/ros/jazzy/opt/gz_sensors_vendor:/opt/ros/jazzy/opt/gz_physics_vendor:/opt/ros/jazzy/opt/sdformat_vendor:/opt/ros/jazzy/opt/gz_gui_vendor:/opt/ros/jazzy/opt/gz_transport_vendor:/opt/ros/jazzy/opt/gz_rendering_vendor:/opt/ros/jazzy/opt/gz_plugin_vendor:/opt/ros/jazzy/opt/gz_fuel_tools_vendor:/opt/ros/jazzy/opt/gz_msgs_vendor:/opt/ros/jazzy/opt/gz_common_vendor:/opt/ros/jazzy/opt/gz_math_vendor:/opt/ros/jazzy/opt/gz_utils_vendor:/opt/ros/jazzy/opt/gz_tools_vendor:/opt/ros/jazzy/opt/gz_ogre_next_vendor:/opt/ros/jazzy/opt/gz_dartsim_vendor:/opt/ros/jazzy/opt/gz_cmake_vendor:/home/batoddy/ros2_ws/install/rtabmap_python:/home/batoddy/ros2_ws/install/my_robot_controller:/opt/ros/jazzy DEBUGINFOD_URLS=https://debuginfod.ubuntu.com /usr/bin/cmake --install /home/batoddy/Desktop/ros2_ws/build/mec_mobile
[0.587s] Level 1:colcon.colcon_core.environment:checking '/home/batoddy/Desktop/ros2_ws/install/mec_mobile/bin'
[0.587s] Level 1:colcon.colcon_core.environment:checking '/home/batoddy/Desktop/ros2_ws/install/mec_mobile/lib/pkgconfig/mec_mobile.pc'
[0.588s] Level 1:colcon.colcon_core.environment:checking '/home/batoddy/Desktop/ros2_ws/install/mec_mobile/lib/python3.12/site-packages'
[0.588s] Level 1:colcon.colcon_core.environment:checking '/home/batoddy/Desktop/ros2_ws/install/mec_mobile/bin'
[0.589s] INFO:colcon.colcon_core.shell:Creating package script '/home/batoddy/Desktop/ros2_ws/install/mec_mobile/share/mec_mobile/package.ps1'
[0.594s] INFO:colcon.colcon_core.shell:Creating package descriptor '/home/batoddy/Desktop/ros2_ws/install/mec_mobile/share/mec_mobile/package.dsv'
[0.595s] INFO:colcon.colcon_core.shell:Creating package script '/home/batoddy/Desktop/ros2_ws/install/mec_mobile/share/mec_mobile/package.sh'
[0.596s] INFO:colcon.colcon_core.shell:Creating package script '/home/batoddy/Desktop/ros2_ws/install/mec_mobile/share/mec_mobile/package.bash'
[0.601s] INFO:colcon.colcon_core.shell:Creating package script '/home/batoddy/Desktop/ros2_ws/install/mec_mobile/share/mec_mobile/package.zsh'
[0.602s] Level 1:colcon.colcon_core.environment:create_file_with_runtime_dependencies(/home/batoddy/Desktop/ros2_ws/install/mec_mobile/share/colcon-core/packages/mec_mobile)
[0.602s] Level 1:colcon.colcon_core.environment:create_environment_scripts_only(mec_mobile)
[0.603s] Level 1:colcon.colcon_core.environment:checking '/home/batoddy/Desktop/ros2_ws/install/mec_mobile' for CMake module files
[0.604s] Level 1:colcon.colcon_core.environment:checking '/home/batoddy/Desktop/ros2_ws/install/mec_mobile' for CMake config files
[0.604s] Level 1:colcon.colcon_core.shell:create_environment_hook('mec_mobile', 'cmake_prefix_path')
[0.604s] INFO:colcon.colcon_core.shell:Creating environment hook '/home/batoddy/Desktop/ros2_ws/install/mec_mobile/share/mec_mobile/hook/cmake_prefix_path.ps1'
[0.605s] INFO:colcon.colcon_core.shell:Creating environment descriptor '/home/batoddy/Desktop/ros2_ws/install/mec_mobile/share/mec_mobile/hook/cmake_prefix_path.dsv'
[0.605s] INFO:colcon.colcon_core.shell:Creating environment hook '/home/batoddy/Desktop/ros2_ws/install/mec_mobile/share/mec_mobile/hook/cmake_prefix_path.sh'
[0.606s] Level 1:colcon.colcon_core.environment:checking '/home/batoddy/Desktop/ros2_ws/install/mec_mobile/bin'
[0.606s] Level 1:colcon.colcon_core.environment:checking '/home/batoddy/Desktop/ros2_ws/install/mec_mobile/lib/pkgconfig/mec_mobile.pc'
[0.607s] Level 1:colcon.colcon_core.environment:checking '/home/batoddy/Desktop/ros2_ws/install/mec_mobile/lib/python3.12/site-packages'
[0.607s] Level 1:colcon.colcon_core.environment:checking '/home/batoddy/Desktop/ros2_ws/install/mec_mobile/bin'
[0.608s] INFO:colcon.colcon_core.shell:Creating package script '/home/batoddy/Desktop/ros2_ws/install/mec_mobile/share/mec_mobile/package.ps1'
[0.608s] INFO:colcon.colcon_core.shell:Creating package descriptor '/home/batoddy/Desktop/ros2_ws/install/mec_mobile/share/mec_mobile/package.dsv'
[0.609s] INFO:colcon.colcon_core.shell:Creating package script '/home/batoddy/Desktop/ros2_ws/install/mec_mobile/share/mec_mobile/package.sh'
[0.609s] INFO:colcon.colcon_core.shell:Creating package script '/home/batoddy/Desktop/ros2_ws/install/mec_mobile/share/mec_mobile/package.bash'
[0.610s] INFO:colcon.colcon_core.shell:Creating package script '/home/batoddy/Desktop/ros2_ws/install/mec_mobile/share/mec_mobile/package.zsh'
[0.611s] Level 1:colcon.colcon_core.environment:create_file_with_runtime_dependencies(/home/batoddy/Desktop/ros2_ws/install/mec_mobile/share/colcon-core/packages/mec_mobile)
[0.611s] DEBUG:colcon.colcon_parallel_executor.executor.parallel:closing loop
[0.611s] DEBUG:colcon.colcon_parallel_executor.executor.parallel:loop closed
[0.611s] DEBUG:colcon.colcon_parallel_executor.executor.parallel:run_until_complete finished with '0'
[0.611s] DEBUG:colcon.colcon_core.event_reactor:joining thread
[0.621s] INFO:colcon.colcon_core.plugin_system:Skipping extension 'colcon_notification.desktop_notification.terminal_notifier': Not used on non-Darwin systems
[0.621s] INFO:colcon.colcon_core.plugin_system:Skipping extension 'colcon_notification.desktop_notification.win32': Not used on non-Windows systems
[0.621s] INFO:colcon.colcon_notification.desktop_notification:Sending desktop notification using 'notify2'
[0.645s] DEBUG:colcon.colcon_core.event_reactor:joined thread
[0.646s] INFO:colcon.colcon_core.shell:Creating prefix script '/home/batoddy/Desktop/ros2_ws/install/local_setup.ps1'
[0.648s] INFO:colcon.colcon_core.shell:Creating prefix util module '/home/batoddy/Desktop/ros2_ws/install/_local_setup_util_ps1.py'
[0.650s] INFO:colcon.colcon_core.shell:Creating prefix chain script '/home/batoddy/Desktop/ros2_ws/install/setup.ps1'
[0.652s] INFO:colcon.colcon_core.shell:Creating prefix script '/home/batoddy/Desktop/ros2_ws/install/local_setup.sh'
[0.654s] INFO:colcon.colcon_core.shell:Creating prefix util module '/home/batoddy/Desktop/ros2_ws/install/_local_setup_util_sh.py'
[0.655s] INFO:colcon.colcon_core.shell:Creating prefix chain script '/home/batoddy/Desktop/ros2_ws/install/setup.sh'
[0.657s] INFO:colcon.colcon_core.shell:Creating prefix script '/home/batoddy/Desktop/ros2_ws/install/local_setup.bash'
[0.658s] INFO:colcon.colcon_core.shell:Creating prefix chain script '/home/batoddy/Desktop/ros2_ws/install/setup.bash'
[0.660s] INFO:colcon.colcon_core.shell:Creating prefix script '/home/batoddy/Desktop/ros2_ws/install/local_setup.zsh'
[0.661s] INFO:colcon.colcon_core.shell:Creating prefix chain script '/home/batoddy/Desktop/ros2_ws/install/setup.zsh'
