[0.015s] Invoking command in '/home/batoddy/Desktop/ros2_ws/build/mec_mobile_description': CMAKE_PREFIX_PATH=${CMAKE_PREFIX_PATH}:/home/batoddy/ros2_ws/install/rtabmap_python:/home/batoddy/ros2_ws/install/my_robot_controller:/opt/ros/jazzy DEBUGINFOD_URLS=https://debuginfod.ubuntu.com /usr/bin/cmake --build /home/batoddy/Desktop/ros2_ws/build/mec_mobile_description -- -j8 -l8
[0.042s] -- Found ament_cmake: 2.5.4 (/opt/ros/jazzy/share/ament_cmake/cmake)
[0.277s] -- Found urdf_tutorial: 1.1.0 (/opt/ros/jazzy/share/urdf_tutorial/cmake)
[0.277s] -- Found ament_lint_auto: 0.17.2 (/opt/ros/jazzy/share/ament_lint_auto/cmake)
[0.382s] -- Added test 'lint_cmake' to check CMake code style
[0.384s] -- Added test 'xmllint' to check XML markup files
[0.386s] -- Configuring done (0.4s)
[0.389s] -- Generating done (0.0s)
[0.391s] -- Build files have been written to: /home/batoddy/Desktop/ros2_ws/build/mec_mobile_description
[0.413s] Invoked command in '/home/batoddy/Desktop/ros2_ws/build/mec_mobile_description' returned '0': CMAKE_PREFIX_PATH=${CMAKE_PREFIX_PATH}:/home/batoddy/ros2_ws/install/rtabmap_python:/home/batoddy/ros2_ws/install/my_robot_controller:/opt/ros/jazzy DEBUGINFOD_URLS=https://debuginfod.ubuntu.com /usr/bin/cmake --build /home/batoddy/Desktop/ros2_ws/build/mec_mobile_description -- -j8 -l8
[0.414s] Invoking command in '/home/batoddy/Desktop/ros2_ws/build/mec_mobile_description': CMAKE_PREFIX_PATH=${CMAKE_PREFIX_PATH}:/home/batoddy/ros2_ws/install/rtabmap_python:/home/batoddy/ros2_ws/install/my_robot_controller:/opt/ros/jazzy DEBUGINFOD_URLS=https://debuginfod.ubuntu.com /usr/bin/cmake --install /home/batoddy/Desktop/ros2_ws/build/mec_mobile_description
[0.421s] -- Install configuration: ""
[0.421s] -- Up-to-date: /home/batoddy/Desktop/ros2_ws/install/mec_mobile_description/share/mec_mobile_description/meshes
[0.421s] -- Up-to-date: /home/batoddy/Desktop/ros2_ws/install/mec_mobile_description/share/mec_mobile_description/meshes/intel_realsense
[0.422s] -- Up-to-date: /home/batoddy/Desktop/ros2_ws/install/mec_mobile_description/share/mec_mobile_description/meshes/intel_realsense/visual
[0.422s] -- Up-to-date: /home/batoddy/Desktop/ros2_ws/install/mec_mobile_description/share/mec_mobile_description/meshes/intel_realsense/visual/d435.stl
[0.422s] -- Up-to-date: /home/batoddy/Desktop/ros2_ws/install/mec_mobile_description/share/mec_mobile_description/meshes/rplidar
[0.422s] -- Up-to-date: /home/batoddy/Desktop/ros2_ws/install/mec_mobile_description/share/mec_mobile_description/meshes/rplidar/rplidar_s2.stl
[0.422s] -- Up-to-date: /home/batoddy/Desktop/ros2_ws/install/mec_mobile_description/share/mec_mobile_description/meshes/robot_3d
[0.423s] -- Up-to-date: /home/batoddy/Desktop/ros2_ws/install/mec_mobile_description/share/mec_mobile_description/meshes/robot_3d/visual
[0.423s] -- Up-to-date: /home/batoddy/Desktop/ros2_ws/install/mec_mobile_description/share/mec_mobile_description/meshes/robot_3d/visual/camera_link.STL
[0.423s] -- Up-to-date: /home/batoddy/Desktop/ros2_ws/install/mec_mobile_description/share/mec_mobile_description/meshes/robot_3d/visual/laser_link.STL
[0.423s] -- Up-to-date: /home/batoddy/Desktop/ros2_ws/install/mec_mobile_description/share/mec_mobile_description/meshes/robot_3d/visual/back_left_wheel_X3.STL
[0.423s] -- Up-to-date: /home/batoddy/Desktop/ros2_ws/install/mec_mobile_description/share/mec_mobile_description/meshes/robot_3d/visual/front_right_wheel_X3.STL
[0.423s] -- Up-to-date: /home/batoddy/Desktop/ros2_ws/install/mec_mobile_description/share/mec_mobile_description/meshes/robot_3d/visual/base_link_X3.STL
[0.423s] -- Up-to-date: /home/batoddy/Desktop/ros2_ws/install/mec_mobile_description/share/mec_mobile_description/meshes/robot_3d/visual/front_left_wheel_X3.STL
[0.424s] -- Up-to-date: /home/batoddy/Desktop/ros2_ws/install/mec_mobile_description/share/mec_mobile_description/meshes/robot_3d/visual/back_right_wheel_X3.STL
[0.424s] -- Up-to-date: /home/batoddy/Desktop/ros2_ws/install/mec_mobile_description/share/mec_mobile_description/urdf
[0.424s] -- Up-to-date: /home/batoddy/Desktop/ros2_ws/install/mec_mobile_description/share/mec_mobile_description/urdf/control
[0.424s] -- Up-to-date: /home/batoddy/Desktop/ros2_ws/install/mec_mobile_description/share/mec_mobile_description/urdf/robots
[0.425s] -- Installing: /home/batoddy/Desktop/ros2_ws/install/mec_mobile_description/share/mec_mobile_description/urdf/robots/robot_3d.urdf.xacro
[0.425s] -- Up-to-date: /home/batoddy/Desktop/ros2_ws/install/mec_mobile_description/share/mec_mobile_description/urdf/sensors
[0.425s] -- Up-to-date: /home/batoddy/Desktop/ros2_ws/install/mec_mobile_description/share/mec_mobile_description/urdf/sensors/imu.urdf.xacro
[0.425s] -- Up-to-date: /home/batoddy/Desktop/ros2_ws/install/mec_mobile_description/share/mec_mobile_description/urdf/sensors/rgbd_camera.urdf.xacro
[0.426s] -- Up-to-date: /home/batoddy/Desktop/ros2_ws/install/mec_mobile_description/share/mec_mobile_description/urdf/sensors/lidar.urdf.xacro
[0.426s] -- Up-to-date: /home/batoddy/Desktop/ros2_ws/install/mec_mobile_description/share/mec_mobile_description/urdf/mech
[0.426s] -- Up-to-date: /home/batoddy/Desktop/ros2_ws/install/mec_mobile_description/share/mec_mobile_description/urdf/mech/robot_3d_base.urdf.xacro
[0.426s] -- Installing: /home/batoddy/Desktop/ros2_ws/install/mec_mobile_description/share/mec_mobile_description/urdf/mech/mecanum_wheel.urdf.xacro
[0.427s] -- Up-to-date: /home/batoddy/Desktop/ros2_ws/install/mec_mobile_description/share/ament_index/resource_index/package_run_dependencies/mec_mobile_description
[0.427s] -- Installing: /home/batoddy/Desktop/ros2_ws/install/mec_mobile_description/share/ament_index/resource_index/parent_prefix_path/mec_mobile_description
[0.427s] -- Up-to-date: /home/batoddy/Desktop/ros2_ws/install/mec_mobile_description/share/mec_mobile_description/environment/ament_prefix_path.sh
[0.427s] -- Up-to-date: /home/batoddy/Desktop/ros2_ws/install/mec_mobile_description/share/mec_mobile_description/environment/ament_prefix_path.dsv
[0.427s] -- Up-to-date: /home/batoddy/Desktop/ros2_ws/install/mec_mobile_description/share/mec_mobile_description/environment/path.sh
[0.427s] -- Up-to-date: /home/batoddy/Desktop/ros2_ws/install/mec_mobile_description/share/mec_mobile_description/environment/path.dsv
[0.428s] -- Up-to-date: /home/batoddy/Desktop/ros2_ws/install/mec_mobile_description/share/mec_mobile_description/local_setup.bash
[0.428s] -- Up-to-date: /home/batoddy/Desktop/ros2_ws/install/mec_mobile_description/share/mec_mobile_description/local_setup.sh
[0.429s] -- Up-to-date: /home/batoddy/Desktop/ros2_ws/install/mec_mobile_description/share/mec_mobile_description/local_setup.zsh
[0.429s] -- Up-to-date: /home/batoddy/Desktop/ros2_ws/install/mec_mobile_description/share/mec_mobile_description/local_setup.dsv
[0.429s] -- Installing: /home/batoddy/Desktop/ros2_ws/install/mec_mobile_description/share/mec_mobile_description/package.dsv
[0.430s] -- Up-to-date: /home/batoddy/Desktop/ros2_ws/install/mec_mobile_description/share/ament_index/resource_index/packages/mec_mobile_description
[0.430s] -- Up-to-date: /home/batoddy/Desktop/ros2_ws/install/mec_mobile_description/share/mec_mobile_description/cmake/mec_mobile_descriptionConfig.cmake
[0.430s] -- Up-to-date: /home/batoddy/Desktop/ros2_ws/install/mec_mobile_description/share/mec_mobile_description/cmake/mec_mobile_descriptionConfig-version.cmake
[0.431s] -- Up-to-date: /home/batoddy/Desktop/ros2_ws/install/mec_mobile_description/share/mec_mobile_description/package.xml
[0.431s] Invoked command in '/home/batoddy/Desktop/ros2_ws/build/mec_mobile_description' returned '0': CMAKE_PREFIX_PATH=${CMAKE_PREFIX_PATH}:/home/batoddy/ros2_ws/install/rtabmap_python:/home/batoddy/ros2_ws/install/my_robot_controller:/opt/ros/jazzy DEBUGINFOD_URLS=https://debuginfod.ubuntu.com /usr/bin/cmake --install /home/batoddy/Desktop/ros2_ws/build/mec_mobile_description
