[0.015s] Invoking command in '/home/batoddy/Desktop/ros2_ws/src/mec_mobile/build/mec_mobile_description': CMAKE_PREFIX_PATH=${CMAKE_PREFIX_PATH}:/home/batoddy/ros2_ws/install/rtabmap_python:/home/batoddy/ros2_ws/install/my_robot_controller:/opt/ros/jazzy DEBUGINFOD_URLS=https://debuginfod.ubuntu.com /usr/bin/cmake /home/batoddy/Desktop/ros2_ws/src/mec_mobile/mec_mobile_description -DCMAKE_INSTALL_PREFIX=/home/batoddy/Desktop/ros2_ws/src/mec_mobile/install/mec_mobile_description
[0.142s] -- The C compiler identification is GNU 13.3.0
[0.249s] -- The CXX compiler identification is GNU 13.3.0
[0.272s] -- Detecting C compiler ABI info
[0.381s] -- Detecting C compiler ABI info - done
[0.401s] -- Check for working C compiler: /usr/bin/cc - skipped
[0.401s] -- Detecting C compile features
[0.402s] -- Detecting C compile features - done
[0.413s] -- Detecting CXX compiler ABI info
[0.550s] -- Detecting CXX compiler ABI info - done
[0.571s] -- Check for working CXX compiler: /usr/bin/c++ - skipped
[0.572s] -- Detecting CXX compile features
[0.572s] -- Detecting CXX compile features - done
[0.582s] -- Found ament_cmake: 2.5.4 (/opt/ros/jazzy/share/ament_cmake/cmake)
[0.776s] -- Found Python3: /usr/bin/python3 (found version "3.12.3") found components: Interpreter 
[0.934s] -- Found urdf_tutorial: 1.1.0 (/opt/ros/jazzy/share/urdf_tutorial/cmake)
[0.940s] -- Found ament_lint_auto: 0.17.2 (/opt/ros/jazzy/share/ament_lint_auto/cmake)
[1.079s] -- Added test 'lint_cmake' to check CMake code style
[1.082s] -- Added test 'xmllint' to check XML markup files
[1.085s] -- Configuring done (1.1s)
[1.088s] -- Generating done (0.0s)
[1.090s] -- Build files have been written to: /home/batoddy/Desktop/ros2_ws/src/mec_mobile/build/mec_mobile_description
[1.095s] Invoked command in '/home/batoddy/Desktop/ros2_ws/src/mec_mobile/build/mec_mobile_description' returned '0': CMAKE_PREFIX_PATH=${CMAKE_PREFIX_PATH}:/home/batoddy/ros2_ws/install/rtabmap_python:/home/batoddy/ros2_ws/install/my_robot_controller:/opt/ros/jazzy DEBUGINFOD_URLS=https://debuginfod.ubuntu.com /usr/bin/cmake /home/batoddy/Desktop/ros2_ws/src/mec_mobile/mec_mobile_description -DCMAKE_INSTALL_PREFIX=/home/batoddy/Desktop/ros2_ws/src/mec_mobile/install/mec_mobile_description
[1.097s] Invoking command in '/home/batoddy/Desktop/ros2_ws/src/mec_mobile/build/mec_mobile_description': CMAKE_PREFIX_PATH=${CMAKE_PREFIX_PATH}:/home/batoddy/ros2_ws/install/rtabmap_python:/home/batoddy/ros2_ws/install/my_robot_controller:/opt/ros/jazzy DEBUGINFOD_URLS=https://debuginfod.ubuntu.com /usr/bin/cmake --build /home/batoddy/Desktop/ros2_ws/src/mec_mobile/build/mec_mobile_description -- -j8 -l8
[1.140s] Invoked command in '/home/batoddy/Desktop/ros2_ws/src/mec_mobile/build/mec_mobile_description' returned '0': CMAKE_PREFIX_PATH=${CMAKE_PREFIX_PATH}:/home/batoddy/ros2_ws/install/rtabmap_python:/home/batoddy/ros2_ws/install/my_robot_controller:/opt/ros/jazzy DEBUGINFOD_URLS=https://debuginfod.ubuntu.com /usr/bin/cmake --build /home/batoddy/Desktop/ros2_ws/src/mec_mobile/build/mec_mobile_description -- -j8 -l8
[1.151s] Invoking command in '/home/batoddy/Desktop/ros2_ws/src/mec_mobile/build/mec_mobile_description': CMAKE_PREFIX_PATH=${CMAKE_PREFIX_PATH}:/home/batoddy/ros2_ws/install/rtabmap_python:/home/batoddy/ros2_ws/install/my_robot_controller:/opt/ros/jazzy DEBUGINFOD_URLS=https://debuginfod.ubuntu.com /usr/bin/cmake --install /home/batoddy/Desktop/ros2_ws/src/mec_mobile/build/mec_mobile_description
[1.160s] -- Install configuration: ""
[1.160s] -- Installing: /home/batoddy/Desktop/ros2_ws/src/mec_mobile/install/mec_mobile_description/share/mec_mobile_description/meshes
[1.160s] -- Installing: /home/batoddy/Desktop/ros2_ws/src/mec_mobile/install/mec_mobile_description/share/mec_mobile_description/meshes/intel_realsense
[1.161s] -- Installing: /home/batoddy/Desktop/ros2_ws/src/mec_mobile/install/mec_mobile_description/share/mec_mobile_description/meshes/intel_realsense/visual
[1.161s] -- Installing: /home/batoddy/Desktop/ros2_ws/src/mec_mobile/install/mec_mobile_description/share/mec_mobile_description/meshes/intel_realsense/visual/d435.stl
[1.178s] -- Installing: /home/batoddy/Desktop/ros2_ws/src/mec_mobile/install/mec_mobile_description/share/mec_mobile_description/meshes/rplidar
[1.179s] -- Installing: /home/batoddy/Desktop/ros2_ws/src/mec_mobile/install/mec_mobile_description/share/mec_mobile_description/meshes/rplidar/rplidar_s2.stl
[1.181s] -- Installing: /home/batoddy/Desktop/ros2_ws/src/mec_mobile/install/mec_mobile_description/share/mec_mobile_description/meshes/robot_3d
[1.181s] -- Installing: /home/batoddy/Desktop/ros2_ws/src/mec_mobile/install/mec_mobile_description/share/mec_mobile_description/meshes/robot_3d/visual
[1.181s] -- Installing: /home/batoddy/Desktop/ros2_ws/src/mec_mobile/install/mec_mobile_description/share/mec_mobile_description/meshes/robot_3d/visual/camera_link.STL
[1.182s] -- Installing: /home/batoddy/Desktop/ros2_ws/src/mec_mobile/install/mec_mobile_description/share/mec_mobile_description/meshes/robot_3d/visual/laser_link.STL
[1.194s] -- Installing: /home/batoddy/Desktop/ros2_ws/src/mec_mobile/install/mec_mobile_description/share/mec_mobile_description/meshes/robot_3d/visual/back_left_wheel_X3.STL
[1.197s] -- Installing: /home/batoddy/Desktop/ros2_ws/src/mec_mobile/install/mec_mobile_description/share/mec_mobile_description/meshes/robot_3d/visual/front_right_wheel_X3.STL
[1.201s] -- Installing: /home/batoddy/Desktop/ros2_ws/src/mec_mobile/install/mec_mobile_description/share/mec_mobile_description/meshes/robot_3d/visual/base_link_X3.STL
[1.202s] -- Installing: /home/batoddy/Desktop/ros2_ws/src/mec_mobile/install/mec_mobile_description/share/mec_mobile_description/meshes/robot_3d/visual/front_left_wheel_X3.STL
[1.205s] -- Installing: /home/batoddy/Desktop/ros2_ws/src/mec_mobile/install/mec_mobile_description/share/mec_mobile_description/meshes/robot_3d/visual/back_right_wheel_X3.STL
[1.209s] -- Installing: /home/batoddy/Desktop/ros2_ws/src/mec_mobile/install/mec_mobile_description/share/mec_mobile_description/urdf
[1.210s] -- Installing: /home/batoddy/Desktop/ros2_ws/src/mec_mobile/install/mec_mobile_description/share/mec_mobile_description/urdf/control
[1.210s] -- Installing: /home/batoddy/Desktop/ros2_ws/src/mec_mobile/install/mec_mobile_description/share/mec_mobile_description/urdf/control/mec_mobile.gazebo
[1.210s] -- Installing: /home/batoddy/Desktop/ros2_ws/src/mec_mobile/install/mec_mobile_description/share/mec_mobile_description/urdf/robots
[1.210s] -- Installing: /home/batoddy/Desktop/ros2_ws/src/mec_mobile/install/mec_mobile_description/share/mec_mobile_description/urdf/robots/robot_3d.urdf.xacro
[1.210s] -- Installing: /home/batoddy/Desktop/ros2_ws/src/mec_mobile/install/mec_mobile_description/share/mec_mobile_description/urdf/sensors
[1.211s] -- Installing: /home/batoddy/Desktop/ros2_ws/src/mec_mobile/install/mec_mobile_description/share/mec_mobile_description/urdf/sensors/imu.urdf.xacro
[1.211s] -- Installing: /home/batoddy/Desktop/ros2_ws/src/mec_mobile/install/mec_mobile_description/share/mec_mobile_description/urdf/sensors/rgbd_camera.urdf.xacro
[1.211s] -- Installing: /home/batoddy/Desktop/ros2_ws/src/mec_mobile/install/mec_mobile_description/share/mec_mobile_description/urdf/sensors/lidar.urdf.xacro
[1.211s] -- Installing: /home/batoddy/Desktop/ros2_ws/src/mec_mobile/install/mec_mobile_description/share/mec_mobile_description/urdf/mech
[1.211s] -- Installing: /home/batoddy/Desktop/ros2_ws/src/mec_mobile/install/mec_mobile_description/share/mec_mobile_description/urdf/mech/robot_3d_base.urdf.xacro
[1.211s] -- Installing: /home/batoddy/Desktop/ros2_ws/src/mec_mobile/install/mec_mobile_description/share/mec_mobile_description/urdf/mech/mecanum_wheel.urdf.xacro
[1.211s] -- Installing: /home/batoddy/Desktop/ros2_ws/src/mec_mobile/install/mec_mobile_description/share/ament_index/resource_index/package_run_dependencies/mec_mobile_description
[1.211s] -- Installing: /home/batoddy/Desktop/ros2_ws/src/mec_mobile/install/mec_mobile_description/share/ament_index/resource_index/parent_prefix_path/mec_mobile_description
[1.211s] -- Installing: /home/batoddy/Desktop/ros2_ws/src/mec_mobile/install/mec_mobile_description/share/mec_mobile_description/environment/ament_prefix_path.sh
[1.212s] -- Installing: /home/batoddy/Desktop/ros2_ws/src/mec_mobile/install/mec_mobile_description/share/mec_mobile_description/environment/ament_prefix_path.dsv
[1.212s] -- Installing: /home/batoddy/Desktop/ros2_ws/src/mec_mobile/install/mec_mobile_description/share/mec_mobile_description/environment/path.sh
[1.212s] -- Installing: /home/batoddy/Desktop/ros2_ws/src/mec_mobile/install/mec_mobile_description/share/mec_mobile_description/environment/path.dsv
[1.212s] -- Installing: /home/batoddy/Desktop/ros2_ws/src/mec_mobile/install/mec_mobile_description/share/mec_mobile_description/local_setup.bash
[1.212s] -- Installing: /home/batoddy/Desktop/ros2_ws/src/mec_mobile/install/mec_mobile_description/share/mec_mobile_description/local_setup.sh
[1.212s] -- Installing: /home/batoddy/Desktop/ros2_ws/src/mec_mobile/install/mec_mobile_description/share/mec_mobile_description/local_setup.zsh
[1.212s] -- Installing: /home/batoddy/Desktop/ros2_ws/src/mec_mobile/install/mec_mobile_description/share/mec_mobile_description/local_setup.dsv
[1.212s] -- Installing: /home/batoddy/Desktop/ros2_ws/src/mec_mobile/install/mec_mobile_description/share/mec_mobile_description/package.dsv
[1.213s] -- Installing: /home/batoddy/Desktop/ros2_ws/src/mec_mobile/install/mec_mobile_description/share/ament_index/resource_index/packages/mec_mobile_description
[1.213s] -- Installing: /home/batoddy/Desktop/ros2_ws/src/mec_mobile/install/mec_mobile_description/share/mec_mobile_description/cmake/mec_mobile_descriptionConfig.cmake
[1.213s] -- Installing: /home/batoddy/Desktop/ros2_ws/src/mec_mobile/install/mec_mobile_description/share/mec_mobile_description/cmake/mec_mobile_descriptionConfig-version.cmake
[1.213s] -- Installing: /home/batoddy/Desktop/ros2_ws/src/mec_mobile/install/mec_mobile_description/share/mec_mobile_description/package.xml
[1.216s] Invoked command in '/home/batoddy/Desktop/ros2_ws/src/mec_mobile/build/mec_mobile_description' returned '0': CMAKE_PREFIX_PATH=${CMAKE_PREFIX_PATH}:/home/batoddy/ros2_ws/install/rtabmap_python:/home/batoddy/ros2_ws/install/my_robot_controller:/opt/ros/jazzy DEBUGINFOD_URLS=https://debuginfod.ubuntu.com /usr/bin/cmake --install /home/batoddy/Desktop/ros2_ws/src/mec_mobile/build/mec_mobile_description
