[0.013s] Invoking command in '/home/batoddy/Desktop/ros2_ws/build/mec_mobile_gazebo': CMAKE_PREFIX_PATH=${CMAKE_PREFIX_PATH}:/home/batoddy/ros2_ws/install/rtabmap_python:/home/batoddy/ros2_ws/install/my_robot_controller:/opt/ros/jazzy DEBUGINFOD_URLS=https://debuginfod.ubuntu.com /usr/bin/cmake /home/batoddy/Desktop/ros2_ws/src/mec_mobile/mec_mobile_gazebo -DCMAKE_INSTALL_PREFIX=/home/batoddy/Desktop/ros2_ws/install/mec_mobile_gazebo
[0.114s] -- The C compiler identification is GNU 13.3.0
[0.207s] -- The CXX compiler identification is GNU 13.3.0
[0.223s] -- Detecting C compiler ABI info
[0.307s] -- Detecting C compiler ABI info - done
[0.314s] -- Check for working C compiler: /usr/bin/cc - skipped
[0.314s] -- Detecting C compile features
[0.315s] -- Detecting C compile features - done
[0.323s] -- Detecting CXX compiler ABI info
[0.408s] -- Detecting CXX compiler ABI info - done
[0.416s] -- Check for working CXX compiler: /usr/bin/c++ - skipped
[0.416s] -- Detecting CXX compile features
[0.416s] -- Detecting CXX compile features - done
[0.422s] -- Found ament_cmake: 2.5.4 (/opt/ros/jazzy/share/ament_cmake/cmake)
[0.545s] -- Found Python3: /usr/bin/python3 (found version "3.12.3") found components: Interpreter 
[0.650s] -- Found ros_gz_sim: 1.0.15 (/opt/ros/jazzy/share/ros_gz_sim/cmake)
[0.703s] -- Found rosidl_generator_c: 4.6.5 (/opt/ros/jazzy/share/rosidl_generator_c/cmake)
[0.718s] -- Found rosidl_generator_cpp: 4.6.5 (/opt/ros/jazzy/share/rosidl_generator_cpp/cmake)
[0.736s] -- Using all available rosidl_typesupport_c: rosidl_typesupport_fastrtps_c;rosidl_typesupport_introspection_c
[0.756s] -- Using all available rosidl_typesupport_cpp: rosidl_typesupport_fastrtps_cpp;rosidl_typesupport_introspection_cpp
[0.836s] -- Found rmw_implementation_cmake: 7.3.2 (/opt/ros/jazzy/share/rmw_implementation_cmake/cmake)
[0.840s] -- Found rmw_fastrtps_cpp: 8.4.2 (/opt/ros/jazzy/share/rmw_fastrtps_cpp/cmake)
[0.927s] -- Found OpenSSL: /usr/lib/x86_64-linux-gnu/libcrypto.so (found version "3.0.13")  
[0.944s] -- Found FastRTPS: /opt/ros/jazzy/include (Required is at least version "2.13") 
[0.963s] -- Using RMW implementation 'rmw_fastrtps_cpp' as default
[1.216s] -- Found ament_lint_auto: 0.17.2 (/opt/ros/jazzy/share/ament_lint_auto/cmake)
[1.307s] -- Added test 'flake8' to check Python code syntax and style conventions
[1.307s] -- Configured 'flake8' exclude dirs and/or files: 
[1.307s] -- Added test 'lint_cmake' to check CMake code style
[1.309s] -- Added test 'pep257' to check Python code against some of the docstring style conventions in PEP 257
[1.310s] -- Added test 'xmllint' to check XML markup files
[1.312s] -- Configuring done (1.3s)
[1.317s] -- Generating done (0.0s)
[1.319s] -- Build files have been written to: /home/batoddy/Desktop/ros2_ws/build/mec_mobile_gazebo
[1.330s] Invoked command in '/home/batoddy/Desktop/ros2_ws/build/mec_mobile_gazebo' returned '0': CMAKE_PREFIX_PATH=${CMAKE_PREFIX_PATH}:/home/batoddy/ros2_ws/install/rtabmap_python:/home/batoddy/ros2_ws/install/my_robot_controller:/opt/ros/jazzy DEBUGINFOD_URLS=https://debuginfod.ubuntu.com /usr/bin/cmake /home/batoddy/Desktop/ros2_ws/src/mec_mobile/mec_mobile_gazebo -DCMAKE_INSTALL_PREFIX=/home/batoddy/Desktop/ros2_ws/install/mec_mobile_gazebo
[1.331s] Invoking command in '/home/batoddy/Desktop/ros2_ws/build/mec_mobile_gazebo': CMAKE_PREFIX_PATH=${CMAKE_PREFIX_PATH}:/home/batoddy/ros2_ws/install/rtabmap_python:/home/batoddy/ros2_ws/install/my_robot_controller:/opt/ros/jazzy DEBUGINFOD_URLS=https://debuginfod.ubuntu.com /usr/bin/cmake --build /home/batoddy/Desktop/ros2_ws/build/mec_mobile_gazebo -- -j8 -l8
[1.369s] Invoked command in '/home/batoddy/Desktop/ros2_ws/build/mec_mobile_gazebo' returned '0': CMAKE_PREFIX_PATH=${CMAKE_PREFIX_PATH}:/home/batoddy/ros2_ws/install/rtabmap_python:/home/batoddy/ros2_ws/install/my_robot_controller:/opt/ros/jazzy DEBUGINFOD_URLS=https://debuginfod.ubuntu.com /usr/bin/cmake --build /home/batoddy/Desktop/ros2_ws/build/mec_mobile_gazebo -- -j8 -l8
[1.370s] Invoking command in '/home/batoddy/Desktop/ros2_ws/build/mec_mobile_gazebo': CMAKE_PREFIX_PATH=${CMAKE_PREFIX_PATH}:/home/batoddy/ros2_ws/install/rtabmap_python:/home/batoddy/ros2_ws/install/my_robot_controller:/opt/ros/jazzy DEBUGINFOD_URLS=https://debuginfod.ubuntu.com /usr/bin/cmake --install /home/batoddy/Desktop/ros2_ws/build/mec_mobile_gazebo
[1.379s] -- Install configuration: ""
[1.379s] -- Installing: /home/batoddy/Desktop/ros2_ws/install/mec_mobile_gazebo/share/mec_mobile_gazebo/launch
[1.379s] -- Installing: /home/batoddy/Desktop/ros2_ws/install/mec_mobile_gazebo/share/mec_mobile_gazebo/launch/world.launch.py
[1.379s] -- Installing: /home/batoddy/Desktop/ros2_ws/install/mec_mobile_gazebo/share/mec_mobile_gazebo/worlds
[1.379s] -- Installing: /home/batoddy/Desktop/ros2_ws/install/mec_mobile_gazebo/share/mec_mobile_gazebo/worlds/world.sdf
[1.379s] -- Installing: /home/batoddy/Desktop/ros2_ws/install/mec_mobile_gazebo/share/ament_index/resource_index/package_run_dependencies/mec_mobile_gazebo
[1.379s] -- Installing: /home/batoddy/Desktop/ros2_ws/install/mec_mobile_gazebo/share/ament_index/resource_index/parent_prefix_path/mec_mobile_gazebo
[1.380s] -- Installing: /home/batoddy/Desktop/ros2_ws/install/mec_mobile_gazebo/share/mec_mobile_gazebo/environment/ament_prefix_path.sh
[1.380s] -- Installing: /home/batoddy/Desktop/ros2_ws/install/mec_mobile_gazebo/share/mec_mobile_gazebo/environment/ament_prefix_path.dsv
[1.380s] -- Installing: /home/batoddy/Desktop/ros2_ws/install/mec_mobile_gazebo/share/mec_mobile_gazebo/environment/path.sh
[1.380s] -- Installing: /home/batoddy/Desktop/ros2_ws/install/mec_mobile_gazebo/share/mec_mobile_gazebo/environment/path.dsv
[1.380s] -- Installing: /home/batoddy/Desktop/ros2_ws/install/mec_mobile_gazebo/share/mec_mobile_gazebo/local_setup.bash
[1.380s] -- Installing: /home/batoddy/Desktop/ros2_ws/install/mec_mobile_gazebo/share/mec_mobile_gazebo/local_setup.sh
[1.380s] -- Installing: /home/batoddy/Desktop/ros2_ws/install/mec_mobile_gazebo/share/mec_mobile_gazebo/local_setup.zsh
[1.380s] -- Installing: /home/batoddy/Desktop/ros2_ws/install/mec_mobile_gazebo/share/mec_mobile_gazebo/local_setup.dsv
[1.380s] -- Installing: /home/batoddy/Desktop/ros2_ws/install/mec_mobile_gazebo/share/mec_mobile_gazebo/package.dsv
[1.380s] -- Installing: /home/batoddy/Desktop/ros2_ws/install/mec_mobile_gazebo/share/ament_index/resource_index/packages/mec_mobile_gazebo
[1.380s] -- Installing: /home/batoddy/Desktop/ros2_ws/install/mec_mobile_gazebo/share/mec_mobile_gazebo/cmake/mec_mobile_gazeboConfig.cmake
[1.381s] -- Installing: /home/batoddy/Desktop/ros2_ws/install/mec_mobile_gazebo/share/mec_mobile_gazebo/cmake/mec_mobile_gazeboConfig-version.cmake
[1.381s] -- Installing: /home/batoddy/Desktop/ros2_ws/install/mec_mobile_gazebo/share/mec_mobile_gazebo/package.xml
[1.382s] Invoked command in '/home/batoddy/Desktop/ros2_ws/build/mec_mobile_gazebo' returned '0': CMAKE_PREFIX_PATH=${CMAKE_PREFIX_PATH}:/home/batoddy/ros2_ws/install/rtabmap_python:/home/batoddy/ros2_ws/install/my_robot_controller:/opt/ros/jazzy DEBUGINFOD_URLS=https://debuginfod.ubuntu.com /usr/bin/cmake --install /home/batoddy/Desktop/ros2_ws/build/mec_mobile_gazebo
